#
# There is insufficient memory for the Java Runtime Environment to continue.
# Native memory allocation (malloc) failed to allocate 157810688 bytes for committing reserved memory.
# Possible reasons:
#   The system is out of physical RAM or swap space
#   In 32 bit mode, the process size limit was hit
# Possible solutions:
#   Reduce memory load on the system
#   Increase physical memory or swap space
#   Check if swap backing store is full
#   Use 64 bit Java on a 64 bit OS
#   Decrease Java heap size (-Xmx/-Xms)
#   Decrease number of Java threads
#   Decrease Java thread stack sizes (-Xss)
#   Set larger code cache with -XX:ReservedCodeCacheSize=
# This output file may be truncated or incomplete.
#
#  Out of Memory Error (os_linux.cpp:2745), pid=28075, tid=140005743003392
#
# JRE version: Java(TM) SE Runtime Environment (7.0_67-b01) (build 1.7.0_67-b01)
# Java VM: Java HotSpot(TM) 64-Bit Server VM (24.65-b04 mixed mode linux-amd64 compressed oops)
# Failed to write core dump. Core dumps have been disabled. To enable core dumping, try "ulimit -c unlimited" before starting Java again
#

---------------  T H R E A D  ---------------

Current thread (0x00007f559c064800):  VMThread [stack: 0x00007f55a0840000,0x00007f55a0941000] [id=28083]

Stack: [0x00007f55a0840000,0x00007f55a0941000],  sp=0x00007f55a093f300,  free space=1020k
Native frames: (J=compiled Java code, j=interpreted, Vv=VM code, C=native code)
V  [libjvm.so+0x99eb8a]  JVM_handle_linux_signal+0x17b36a
V  [libjvm.so+0x49721b]  sem_destroy+0x49721b
V  [libjvm.so+0x81d9ae]  fork1+0x19ee
V  [libjvm.so+0x81def9]  fork1+0x1f39
V  [libjvm.so+0x817caa]  JVM_RaiseSignal+0x188f7a
V  [libjvm.so+0x88a7a3]  JVM_handle_linux_signal+0x66f83
V  [libjvm.so+0x88bb78]  JVM_handle_linux_signal+0x68358
V  [libjvm.so+0x88ace2]  JVM_handle_linux_signal+0x674c2
V  [libjvm.so+0x888133]  JVM_handle_linux_signal+0x64913
V  [libjvm.so+0x8888e1]  JVM_handle_linux_signal+0x650c1
V  [libjvm.so+0x83f510]  JVM_handle_linux_signal+0x1bcf0
V  [libjvm.so+0x9a0417]  JVM_handle_linux_signal+0x17cbf7
V  [libjvm.so+0x9a78b5]  JVM_handle_linux_signal+0x184095
V  [libjvm.so+0x9a5c7a]  JVM_handle_linux_signal+0x18245a
V  [libjvm.so+0x9a5ffe]  JVM_handle_linux_signal+0x1827de
V  [libjvm.so+0x9a6470]  JVM_handle_linux_signal+0x182c50
V  [libjvm.so+0x81f988]  fork1+0x39c8

VM_Operation (0x00007f555e2db840): ParallelGCFailedAllocation, mode: safepoint, requested by thread 0x00007f559c3c3000


---------------  P R O C E S S  ---------------

Java Threads: ( => current thread )
  0x00007f557400d000 JavaThread "process reaper" daemon [_thread_blocked, id=28146, stack(0x00007f5594041000,0x00007f559407a000)]
  0x00007f559c009000 JavaThread "DestroyJavaVM" [_thread_blocked, id=28077, stack(0x00007f55a491a000,0x00007f55a4a1b000)]
  0x00007f559c3c3000 JavaThread "Thread-24" [_thread_blocked, id=28144, stack(0x00007f555e1dc000,0x00007f555e2dd000)]
  0x00007f559c3c0800 JavaThread "Thread-23" [_thread_blocked, id=28143, stack(0x00007f555e2dd000,0x00007f555e3de000)]
  0x00007f557401c800 JavaThread "process reaper" daemon [_thread_blocked, id=28142, stack(0x00007f559407a000,0x00007f55940b3000)]
  0x00007f559c3be800 JavaThread "Thread-22" [_thread_blocked, id=28141, stack(0x00007f555e3de000,0x00007f555e4df000)]
  0x00007f559c3bd000 JavaThread "Thread-21" [_thread_blocked, id=28139, stack(0x00007f555e4df000,0x00007f555e5e0000)]
  0x00007f559c3b2000 JavaThread "Thread-20" [_thread_blocked, id=28137, stack(0x00007f555e5e0000,0x00007f555e6e1000)]
  0x00007f559c3b0800 JavaThread "Thread-19" [_thread_in_native, id=28136, stack(0x00007f555e6e1000,0x00007f555e7e2000)]
  0x00007f559c3af000 JavaThread "Thread-18" [_thread_blocked, id=28135, stack(0x00007f555e7e2000,0x00007f555e8e3000)]
  0x00007f556c007000 JavaThread "Smack Listener Processor (7)" daemon [_thread_blocked, id=28128, stack(0x00007f555e8e3000,0x00007f555e9e4000)]
  0x00007f559c3ae000 JavaThread "Smack Packet Reader (7)" daemon [_thread_in_native, id=28126, stack(0x00007f555e9e4000,0x00007f555eae5000)]
  0x00007f559c3a6800 JavaThread "Smack Packet Writer (7)" daemon [_thread_blocked, id=28125, stack(0x00007f555eae5000,0x00007f555ebe6000)]
  0x00007f5558001800 JavaThread "Smack Listener Processor (6)" daemon [_thread_blocked, id=28124, stack(0x00007f555ebe6000,0x00007f555ece7000)]
  0x00007f559c3a4000 JavaThread "Smack Packet Reader (6)" daemon [_thread_in_native, id=28123, stack(0x00007f555ece7000,0x00007f555ede8000)]
  0x00007f559c30f000 JavaThread "Smack Packet Writer (6)" daemon [_thread_blocked, id=28122, stack(0x00007f555ede8000,0x00007f555eee9000)]
  0x00007f5590001000 JavaThread "Smack Listener Processor (5)" daemon [_thread_blocked, id=28121, stack(0x00007f555eee9000,0x00007f555efea000)]
  0x00007f559c30d000 JavaThread "Smack Packet Reader (5)" daemon [_thread_in_native, id=28118, stack(0x00007f555efea000,0x00007f555f0eb000)]
  0x00007f559c30b800 JavaThread "Smack Packet Writer (5)" daemon [_thread_blocked, id=28116, stack(0x00007f555f0eb000,0x00007f555f1ec000)]
  0x00007f5580006800 JavaThread "Smack Listener Processor (4)" daemon [_thread_blocked, id=28115, stack(0x00007f555f1ec000,0x00007f555f2ed000)]
  0x00007f559c309800 JavaThread "Smack Packet Reader (4)" daemon [_thread_in_native, id=28114, stack(0x00007f555f2ed000,0x00007f555f3ee000)]
  0x00007f559c308000 JavaThread "Smack Packet Writer (4)" daemon [_thread_blocked, id=28113, stack(0x00007f555f3ee000,0x00007f555f4ef000)]
  0x00007f557c25b800 JavaThread "Smack Listener Processor (3)" daemon [_thread_blocked, id=28112, stack(0x00007f555f4ef000,0x00007f555f5f0000)]
  0x00007f559c409000 JavaThread "Smack Packet Reader (3)" daemon [_thread_in_native, id=28111, stack(0x00007f555f5f0000,0x00007f555f6f1000)]
  0x00007f559c400000 JavaThread "Smack Packet Writer (3)" daemon [_thread_blocked, id=28110, stack(0x00007f555f6f1000,0x00007f555f7f2000)]
  0x00007f5568001000 JavaThread "Smack Listener Processor (2)" daemon [_thread_blocked, id=28106, stack(0x00007f555f7f2000,0x00007f555f8f3000)]
  0x00007f559c38e800 JavaThread "Smack Packet Reader (2)" daemon [_thread_in_native, id=28105, stack(0x00007f555f8f3000,0x00007f555f9f4000)]
  0x00007f559c3bc000 JavaThread "Smack Packet Writer (2)" daemon [_thread_blocked, id=28104, stack(0x00007f555f9f4000,0x00007f555faf5000)]
  0x00007f5564002000 JavaThread "Smack Listener Processor (1)" daemon [_thread_blocked, id=28103, stack(0x00007f555faf5000,0x00007f555fbf6000)]
  0x00007f559c3aa000 JavaThread "Smack Packet Reader (1)" daemon [_thread_in_native, id=28102, stack(0x00007f555fbf6000,0x00007f555fcf7000)]
  0x00007f559c395000 JavaThread "Smack Packet Writer (1)" daemon [_thread_blocked, id=28101, stack(0x00007f555fcf7000,0x00007f555fdf8000)]
  0x00007f559c38a000 JavaThread "MongoCleaner186952906" daemon [_thread_blocked, id=28100, stack(0x00007f55940b3000,0x00007f55941b4000)]
  0x00007f5560003000 JavaThread "Smack Listener Processor (0)" daemon [_thread_blocked, id=28099, stack(0x00007f55941b4000,0x00007f55942b5000)]
  0x00007f559c29d000 JavaThread "Smack Keepalive" daemon [_thread_blocked, id=28096, stack(0x00007f559474d000,0x00007f559484e000)]
  0x00007f559c299000 JavaThread "Smack Packet Reader (0)" daemon [_thread_in_native, id=28095, stack(0x00007f559484e000,0x00007f559494f000)]
  0x00007f559c297000 JavaThread "Smack Packet Writer (0)" daemon [_thread_blocked, id=28094, stack(0x00007f559494f000,0x00007f5594a50000)]
  0x00007f559c091800 JavaThread "Service Thread" daemon [_thread_blocked, id=28089, stack(0x00007f55a00b1000,0x00007f55a01b2000)]
  0x00007f559c08f000 JavaThread "C2 CompilerThread1" daemon [_thread_blocked, id=28088, stack(0x00007f55a01b2000,0x00007f55a02b3000)]
  0x00007f559c08c000 JavaThread "C2 CompilerThread0" daemon [_thread_blocked, id=28087, stack(0x00007f55a02b3000,0x00007f55a03b4000)]
  0x00007f559c08a800 JavaThread "Signal Dispatcher" daemon [_thread_blocked, id=28086, stack(0x00007f55a03b4000,0x00007f55a04b5000)]
  0x00007f559c06a800 JavaThread "Finalizer" daemon [_thread_blocked, id=28085, stack(0x00007f55a063e000,0x00007f55a073f000)]
  0x00007f559c068800 JavaThread "Reference Handler" daemon [_thread_blocked, id=28084, stack(0x00007f55a073f000,0x00007f55a0840000)]

Other Threads:
=>0x00007f559c064800 VMThread [stack: 0x00007f55a0840000,0x00007f55a0941000] [id=28083]
  0x00007f559c09c000 WatcherThread [stack: 0x00007f5594ecf000,0x00007f5594fd0000] [id=28090]

VM state:at safepoint (normal execution)

VM Mutex/Monitor currently owned by a thread:  ([mutex/lock_event])
[0x00007f559c006dd0] Threads_lock - owner thread: 0x00007f559c064800
[0x00007f559c0072d0] Heap_lock - owner thread: 0x00007f559c3c3000

Heap
 PSYoungGen      total 264704K, used 96K [0x00000007d6e80000, 0x00000007e7880000, 0x0000000800000000)
  eden space 257536K, 0% used [0x00000007d6e80000,0x00000007d6e80000,0x00000007e6a00000)
  from space 7168K, 1% used [0x00000007e6a00000,0x00000007e6a18000,0x00000007e7100000)
  to   space 6656K, 0% used [0x00000007e7100000,0x00000007e7100000,0x00000007e7780000)
 ParOldGen       total 83968K, used 4566K [0x0000000784c00000, 0x0000000789e00000, 0x00000007d6e80000)
  object space 83968K, 5% used [0x0000000784c00000,0x0000000785075be0,0x0000000789e00000)
 PSPermGen       total 21504K, used 12453K [0x000000077fa00000, 0x0000000780f00000, 0x0000000784c00000)
  object space 21504K, 57% used [0x000000077fa00000,0x0000000780629748,0x0000000780f00000)

Card table byte_map: [0x00007f55a1e71000,0x00007f55a2275000] byte_map_base: 0x00007f559e274000

Polling page: 0x00007f55a4a51000

Code Cache  [0x00007f5599000000, 0x00007f5599270000, 0x00007f559c000000)
 total_blobs=522 nmethods=224 adapters=252 free_code_cache=48199Kb largest_free_block=49324736

Compilation events (10 events):
Event: 15.924 Thread 0x00007f559c08c000 nmethod 225 0x00007f55990e72d0 code [0x00007f55990e7420, 0x00007f55990e74f8]
Event: 15.924 Thread 0x00007f559c08c000  226             jason.bb.DefaultBeliefBase$1::<init> (20 bytes)
Event: 15.925 Thread 0x00007f559c08c000 nmethod 226 0x00007f55990e7090 code [0x00007f55990e71c0, 0x00007f55990e7258]
Event: 15.925 Thread 0x00007f559c08c000  227             jason.bb.DefaultBeliefBase::getPercepts (20 bytes)
Event: 15.927 Thread 0x00007f559c08c000 nmethod 227 0x00007f55990e6cd0 code [0x00007f55990e6e20, 0x00007f55990e6f48]
Event: 15.927 Thread 0x00007f559c08c000  228 % !         edu.bath.puppetmaster.BsfAgent::run @ 0 (43 bytes)
Event: 15.934 Thread 0x00007f559c08f000 nmethod 224 0x00007f55990e6850 code [0x00007f55990e69a0, 0x00007f55990e6bb8]
Event: 15.948 Thread 0x00007f559c08c000 nmethod 228% 0x00007f55990e6390 code [0x00007f55990e6500, 0x00007f55990e6698]
Event: 16.278 Thread 0x00007f559c08f000  229             java.util.regex.Matcher::search (109 bytes)
Event: 16.316 Thread 0x00007f559c08f000 nmethod 229 0x00007f55990f4910 code [0x00007f55990f4ae0, 0x00007f55990f53b8]

GC Heap History (10 events):
Event: 16.217 GC heap after
Heap after GC invocations=4 (full 0):
 PSYoungGen      total 69632K, used 4528K [0x00000007d6e80000, 0x00000007db780000, 0x0000000800000000)
  eden space 64512K, 0% used [0x00000007d6e80000,0x00000007d6e80000,0x00000007dad80000)
  from space 5120K, 88% used [0x00000007db280000,0x00000007db6ec1e0,0x00000007db780000)
  to   space 5120K, 0% used [0x00000007dad80000,0x00000007dad80000,0x00000007db280000)
 ParOldGen       total 83968K, used 196K [0x0000000784c00000, 0x0000000789e00000, 0x00000007d6e80000)
  object space 83968K, 0% used [0x0000000784c00000,0x0000000784c31320,0x0000000789e00000)
 PSPermGen       total 21504K, used 12309K [0x000000077fa00000, 0x0000000780f00000, 0x0000000784c00000)
  object space 21504K, 57% used [0x000000077fa00000,0x0000000780605620,0x0000000780f00000)
}
Event: 16.321 GC heap before
{Heap before GC invocations=5 (full 0):
 PSYoungGen      total 69632K, used 69040K [0x00000007d6e80000, 0x00000007db780000, 0x0000000800000000)
  eden space 64512K, 100% used [0x00000007d6e80000,0x00000007dad80000,0x00000007dad80000)
  from space 5120K, 88% used [0x00000007db280000,0x00000007db6ec1e0,0x00000007db780000)
  to   space 5120K, 0% used [0x00000007dad80000,0x00000007dad80000,0x00000007db280000)
 ParOldGen       total 83968K, used 196K [0x0000000784c00000, 0x0000000789e00000, 0x00000007d6e80000)
  object space 83968K, 0% used [0x0000000784c00000,0x0000000784c31320,0x0000000789e00000)
 PSPermGen       total 21504K, used 12451K [0x000000077fa00000, 0x0000000780f00000, 0x0000000784c00000)
  object space 21504K, 57% used [0x000000077fa00000,0x0000000780628cf8,0x0000000780f00000)
Event: 16.340 GC heap after
Heap after GC invocations=5 (full 0):
 PSYoungGen      total 69632K, used 4448K [0x00000007d6e80000, 0x00000007df780000, 0x0000000800000000)
  eden space 64512K, 0% used [0x00000007d6e80000,0x00000007d6e80000,0x00000007dad80000)
  from space 5120K, 86% used [0x00000007dad80000,0x00000007db1d81b0,0x00000007db280000)
  to   space 5632K, 0% used [0x00000007df200000,0x00000007df200000,0x00000007df780000)
 ParOldGen       total 83968K, used 196K [0x0000000784c00000, 0x0000000789e00000, 0x00000007d6e80000)
  object space 83968K, 0% used [0x0000000784c00000,0x0000000784c31320,0x0000000789e00000)
 PSPermGen       total 21504K, used 12451K [0x000000077fa00000, 0x0000000780f00000, 0x0000000784c00000)
  object space 21504K, 57% used [0x000000077fa00000,0x0000000780628cf8,0x0000000780f00000)
}
Event: 16.389 GC heap before
{Heap before GC invocations=6 (full 0):
 PSYoungGen      total 69632K, used 68960K [0x00000007d6e80000, 0x00000007df780000, 0x0000000800000000)
  eden space 64512K, 100% used [0x00000007d6e80000,0x00000007dad80000,0x00000007dad80000)
  from space 5120K, 86% used [0x00000007dad80000,0x00000007db1d81b0,0x00000007db280000)
  to   space 5632K, 0% used [0x00000007df200000,0x00000007df200000,0x00000007df780000)
 ParOldGen       total 83968K, used 196K [0x0000000784c00000, 0x0000000789e00000, 0x00000007d6e80000)
  object space 83968K, 0% used [0x0000000784c00000,0x0000000784c31320,0x0000000789e00000)
 PSPermGen       total 21504K, used 12451K [0x000000077fa00000, 0x0000000780f00000, 0x0000000784c00000)
  object space 21504K, 57% used [0x000000077fa00000,0x0000000780628cf8,0x0000000780f00000)
Event: 16.406 GC heap after
Heap after GC invocations=6 (full 0):
 PSYoungGen      total 134656K, used 4400K [0x00000007d6e80000, 0x00000007df780000, 0x0000000800000000)
  eden space 129024K, 0% used [0x00000007d6e80000,0x00000007d6e80000,0x00000007dec80000)
  from space 5632K, 78% used [0x00000007df200000,0x00000007df64c180,0x00000007df780000)
  to   space 5632K, 0% used [0x00000007dec80000,0x00000007dec80000,0x00000007df200000)
 ParOldGen       total 83968K, used 196K [0x0000000784c00000, 0x0000000789e00000, 0x00000007d6e80000)
  object space 83968K, 0% used [0x0000000784c00000,0x0000000784c31320,0x0000000789e00000)
 PSPermGen       total 21504K, used 12451K [0x000000077fa00000, 0x0000000780f00000, 0x0000000784c00000)
  object space 21504K, 57% used [0x000000077fa00000,0x0000000780628cf8,0x0000000780f00000)
}
Event: 16.627 GC heap before
{Heap before GC invocations=7 (full 0):
 PSYoungGen      total 134656K, used 133424K [0x00000007d6e80000, 0x00000007df780000, 0x0000000800000000)
  eden space 129024K, 100% used [0x00000007d6e80000,0x00000007dec80000,0x00000007dec80000)
  from space 5632K, 78% used [0x00000007df200000,0x00000007df64c180,0x00000007df780000)
  to   space 5632K, 0% used [0x00000007dec80000,0x00000007dec80000,0x00000007df200000)
 ParOldGen       total 83968K, used 196K [0x0000000784c00000, 0x0000000789e00000, 0x00000007d6e80000)
  object space 83968K, 0% used [0x0000000784c00000,0x0000000784c31320,0x0000000789e00000)
 PSPermGen       total 21504K, used 12451K [0x000000077fa00000, 0x0000000780f00000, 0x0000000784c00000)
  object space 21504K, 57% used [0x000000077fa00000,0x0000000780628cf8,0x0000000780f00000)
Event: 16.668 GC heap after
Heap after GC invocations=7 (full 0):
 PSYoungGen      total 134656K, used 160K [0x00000007d6e80000, 0x00000007e7780000, 0x0000000800000000)
  eden space 129024K, 0% used [0x00000007d6e80000,0x00000007d6e80000,0x00000007dec80000)
  from space 5632K, 2% used [0x00000007dec80000,0x00000007deca8020,0x00000007df200000)
  to   space 6656K, 0% used [0x00000007e7100000,0x00000007e7100000,0x00000007e7780000)
 ParOldGen       total 83968K, used 4522K [0x0000000784c00000, 0x0000000789e00000, 0x00000007d6e80000)
  object space 83968K, 5% used [0x0000000784c00000,0x000000078506abd0,0x0000000789e00000)
 PSPermGen       total 21504K, used 12451K [0x000000077fa00000, 0x0000000780f00000, 0x0000000784c00000)
  object space 21504K, 57% used [0x000000077fa00000,0x0000000780628cf8,0x0000000780f00000)
}
Event: 16.802 GC heap before
{Heap before GC invocations=8 (full 0):
 PSYoungGen      total 134656K, used 129184K [0x00000007d6e80000, 0x00000007e7780000, 0x0000000800000000)
  eden space 129024K, 100% used [0x00000007d6e80000,0x00000007dec80000,0x00000007dec80000)
  from space 5632K, 2% used [0x00000007dec80000,0x00000007deca8020,0x00000007df200000)
  to   space 6656K, 0% used [0x00000007e7100000,0x00000007e7100000,0x00000007e7780000)
 ParOldGen       total 83968K, used 4522K [0x0000000784c00000, 0x0000000789e00000, 0x00000007d6e80000)
  object space 83968K, 5% used [0x0000000784c00000,0x000000078506abd0,0x0000000789e00000)
 PSPermGen       total 21504K, used 12451K [0x000000077fa00000, 0x0000000780f00000, 0x0000000784c00000)
  object space 21504K, 57% used [0x000000077fa00000,0x0000000780628cf8,0x0000000780f00000)
Event: 16.838 GC heap after
Heap after GC invocations=8 (full 0):
 PSYoungGen      total 264192K, used 160K [0x00000007d6e80000, 0x00000007e7880000, 0x0000000800000000)
  eden space 257536K, 0% used [0x00000007d6e80000,0x00000007d6e80000,0x00000007e6a00000)
  from space 6656K, 2% used [0x00000007e7100000,0x00000007e7128020,0x00000007e7780000)
  to   space 7168K, 0% used [0x00000007e6a00000,0x00000007e6a00000,0x00000007e7100000)
 ParOldGen       total 83968K, used 4538K [0x0000000784c00000, 0x0000000789e00000, 0x00000007d6e80000)
  object space 83968K, 5% used [0x0000000784c00000,0x000000078506ebd0,0x0000000789e00000)
 PSPermGen       total 21504K, used 12451K [0x000000077fa00000, 0x0000000780f00000, 0x0000000784c00000)
  object space 21504K, 57% used [0x000000077fa00000,0x0000000780628cf8,0x0000000780f00000)
}
Event: 17.442 GC heap before
{Heap before GC invocations=9 (full 0):
 PSYoungGen      total 264192K, used 257696K [0x00000007d6e80000, 0x00000007e7880000, 0x0000000800000000)
  eden space 257536K, 100% used [0x00000007d6e80000,0x00000007e6a00000,0x00000007e6a00000)
  from space 6656K, 2% used [0x00000007e7100000,0x00000007e7128020,0x00000007e7780000)
  to   space 7168K, 0% used [0x00000007e6a00000,0x00000007e6a00000,0x00000007e7100000)
 ParOldGen       total 83968K, used 4538K [0x0000000784c00000, 0x0000000789e00000, 0x00000007d6e80000)
  object space 83968K, 5% used [0x0000000784c00000,0x000000078506ebd0,0x0000000789e00000)
 PSPermGen       total 21504K, used 12453K [0x000000077fa00000, 0x0000000780f00000, 0x0000000784c00000)
  object space 21504K, 57% used [0x000000077fa00000,0x0000000780629748,0x0000000780f00000)

Deoptimization events (10 events):
Event: 16.270 Thread 0x00007f559c3af000 Uncommon trap: reason=bimorphic action=maybe_recompile pc=0x00007f55990bc5a0 method=java.util.regex.Matcher.search(I)Z @ 86
Event: 16.270 Thread 0x00007f559c3af000 Uncommon trap: reason=bimorphic action=maybe_recompile pc=0x00007f55990bc5a0 method=java.util.regex.Matcher.search(I)Z @ 86
Event: 16.270 Thread 0x00007f559c3af000 Uncommon trap: reason=bimorphic action=maybe_recompile pc=0x00007f55990bc534 method=java.util.regex.Pattern$Start.match(Ljava/util/regex/Matcher;ILjava/lang/CharSequence;)Z @ 44
Event: 16.270 Thread 0x00007f559c3af000 Uncommon trap: reason=class_check action=maybe_recompile pc=0x00007f559909a560 method=java.util.regex.Pattern$Curly.match0(Ljava/util/regex/Matcher;IILjava/lang/CharSequence;)Z @ 31
Event: 16.270 Thread 0x00007f559c3af000 Uncommon trap: reason=bimorphic action=maybe_recompile pc=0x00007f55990bc5a0 method=java.util.regex.Matcher.search(I)Z @ 86
Event: 16.270 Thread 0x00007f559c3af000 Uncommon trap: reason=bimorphic action=maybe_recompile pc=0x00007f55990bc534 method=java.util.regex.Pattern$Start.match(Ljava/util/regex/Matcher;ILjava/lang/CharSequence;)Z @ 44
Event: 16.270 Thread 0x00007f559c3af000 Uncommon trap: reason=class_check action=maybe_recompile pc=0x00007f559909a560 method=java.util.regex.Pattern$Curly.match0(Ljava/util/regex/Matcher;IILjava/lang/CharSequence;)Z @ 31
Event: 16.270 Thread 0x00007f559c3af000 Uncommon trap: reason=bimorphic action=maybe_recompile pc=0x00007f55990bc5a0 method=java.util.regex.Matcher.search(I)Z @ 86
Event: 16.285 Thread 0x00007f559c3af000 Uncommon trap: reason=class_check action=maybe_recompile pc=0x00007f559909a560 method=java.util.regex.Pattern$Curly.match0(Ljava/util/regex/Matcher;IILjava/lang/CharSequence;)Z @ 31
Event: 16.288 Thread 0x00007f559c3af000 Uncommon trap: reason=unreached action=reinterpret pc=0x00007f55990d4d10 method=java.util.HashMap$HashIterator.hasNext()Z @ 4

Internal exceptions (10 events):
Event: 15.154 Thread 0x00007f559c009000 Threw 0x00000007d8299a40 at /HUDSON/workspace/7u-2-build-linux-amd64/jdk7u67/1368/hotspot/src/share/vm/prims/jvm.cpp:1244
Event: 15.154 Thread 0x00007f559c3be800 Threw 0x00000007d834fbc0 at /HUDSON/workspace/7u-2-build-linux-amd64/jdk7u67/1368/hotspot/src/share/vm/prims/jvm.cpp:1244
Event: 15.156 Thread 0x00007f559c3be800 Threw 0x00000007d8355e68 at /HUDSON/workspace/7u-2-build-linux-amd64/jdk7u67/1368/hotspot/src/share/vm/prims/jvm.cpp:1244
Event: 15.158 Thread 0x00007f559c3be800 Threw 0x00000007d8359048 at /HUDSON/workspace/7u-2-build-linux-amd64/jdk7u67/1368/hotspot/src/share/vm/prims/jvm.cpp:1244
Event: 15.164 Thread 0x00007f559c3be800 Threw 0x00000007d835f108 at /HUDSON/workspace/7u-2-build-linux-amd64/jdk7u67/1368/hotspot/src/share/vm/prims/jvm.cpp:1244
Event: 15.181 Thread 0x00007f559c3b2000 Threw 0x00000007d8433600 at /HUDSON/workspace/7u-2-build-linux-amd64/jdk7u67/1368/hotspot/src/share/vm/prims/jvm.cpp:1244
Event: 15.190 Thread 0x00007f559c3ae000 Threw 0x00000007d8267238 at /HUDSON/workspace/7u-2-build-linux-amd64/jdk7u67/1368/hotspot/src/share/vm/prims/jvm.cpp:1244
Event: 15.191 Thread 0x00007f559c3ae000 Threw 0x00000007d826daf0 at /HUDSON/workspace/7u-2-build-linux-amd64/jdk7u67/1368/hotspot/src/share/vm/prims/jvm.cpp:1244
Event: 15.196 Thread 0x00007f559c38e800 Threw 0x00000007d8488060 at /HUDSON/workspace/7u-2-build-linux-amd64/jdk7u67/1368/hotspot/src/share/vm/prims/jvm.cpp:1244
Event: 15.239 Thread 0x00007f559c3b2000 Threw 0x00000007d8436a70 at /HUDSON/workspace/7u-2-build-linux-amd64/jdk7u67/1368/hotspot/src/share/vm/prims/jvm.cpp:1244

Events (10 events):
Event: 17.231 Executing VM operation: RevokeBias done
Event: 17.335 Executing VM operation: RevokeBias
Event: 17.342 Executing VM operation: RevokeBias done
Event: 17.342 Executing VM operation: RevokeBias
Event: 17.343 Executing VM operation: RevokeBias done
Event: 17.343 Executing VM operation: RevokeBias
Event: 17.343 Executing VM operation: RevokeBias done
Event: 17.343 Executing VM operation: RevokeBias
Event: 17.344 Executing VM operation: RevokeBias done
Event: 17.438 Executing VM operation: ParallelGCFailedAllocation


Dynamic libraries:
00400000-00401000 r-xp 00000000 08:01 1460541                            /usr/lib/jvm/java-7-oracle/jre/bin/java
00600000-00601000 rw-p 00000000 08:01 1460541                            /usr/lib/jvm/java-7-oracle/jre/bin/java
00b87000-00ba8000 rw-p 00000000 00:00 0                                  [heap]
77fa00000-780f00000 rw-p 00000000 00:00 0 
780f00000-784c00000 rw-p 00000000 00:00 0 
784c00000-789e00000 rw-p 00000000 00:00 0 
789e00000-7d6e80000 rw-p 00000000 00:00 0 
7d6e80000-7e7880000 rw-p 00000000 00:00 0 
7f0f00000-800000000 rw-p 00000000 00:00 0 
7f5558000000-7f5558021000 rw-p 00000000 00:00 0 
7f5558021000-7f555c000000 ---p 00000000 00:00 0 
7f555e1dc000-7f555e1df000 ---p 00000000 00:00 0 
7f555e1df000-7f555e2dd000 rw-p 00000000 00:00 0                          [stack:28144]
7f555e2dd000-7f555e2e0000 ---p 00000000 00:00 0 
7f555e2e0000-7f555e3de000 rw-p 00000000 00:00 0                          [stack:28143]
7f555e3de000-7f555e3e1000 ---p 00000000 00:00 0 
7f555e3e1000-7f555e4df000 rw-p 00000000 00:00 0                          [stack:28141]
7f555e4df000-7f555e4e2000 ---p 00000000 00:00 0 
7f555e4e2000-7f555e5e0000 rw-p 00000000 00:00 0                          [stack:28139]
7f555e5e0000-7f555e5e3000 ---p 00000000 00:00 0 
7f555e5e3000-7f555e6e1000 rw-p 00000000 00:00 0                          [stack:28137]
7f555e6e1000-7f555e6e4000 ---p 00000000 00:00 0 
7f555e6e4000-7f555e7e2000 rw-p 00000000 00:00 0                          [stack:28136]
7f555e7e2000-7f555e7e5000 ---p 00000000 00:00 0 
7f555e7e5000-7f555e8e3000 rw-p 00000000 00:00 0                          [stack:28135]
7f555e8e3000-7f555e8e6000 ---p 00000000 00:00 0 
7f555e8e6000-7f555e9e4000 rw-p 00000000 00:00 0                          [stack:28128]
7f555e9e4000-7f555e9e7000 ---p 00000000 00:00 0 
7f555e9e7000-7f555eae5000 rw-p 00000000 00:00 0                          [stack:28126]
7f555eae5000-7f555eae8000 ---p 00000000 00:00 0 
7f555eae8000-7f555ebe6000 rw-p 00000000 00:00 0                          [stack:28125]
7f555ebe6000-7f555ebe9000 ---p 00000000 00:00 0 
7f555ebe9000-7f555ece7000 rw-p 00000000 00:00 0                          [stack:28124]
7f555ece7000-7f555ecea000 ---p 00000000 00:00 0 
7f555ecea000-7f555ede8000 rw-p 00000000 00:00 0                          [stack:28123]
7f555ede8000-7f555edeb000 ---p 00000000 00:00 0 
7f555edeb000-7f555eee9000 rw-p 00000000 00:00 0                          [stack:28122]
7f555eee9000-7f555eeec000 ---p 00000000 00:00 0 
7f555eeec000-7f555efea000 rw-p 00000000 00:00 0                          [stack:28121]
7f555efea000-7f555efed000 ---p 00000000 00:00 0 
7f555efed000-7f555f0eb000 rw-p 00000000 00:00 0                          [stack:28118]
7f555f0eb000-7f555f0ee000 ---p 00000000 00:00 0 
7f555f0ee000-7f555f1ec000 rw-p 00000000 00:00 0                          [stack:28116]
7f555f1ec000-7f555f1ef000 ---p 00000000 00:00 0 
7f555f1ef000-7f555f2ed000 rw-p 00000000 00:00 0                          [stack:28115]
7f555f2ed000-7f555f2f0000 ---p 00000000 00:00 0 
7f555f2f0000-7f555f3ee000 rw-p 00000000 00:00 0                          [stack:28114]
7f555f3ee000-7f555f3f1000 ---p 00000000 00:00 0 
7f555f3f1000-7f555f4ef000 rw-p 00000000 00:00 0                          [stack:28113]
7f555f4ef000-7f555f4f2000 ---p 00000000 00:00 0 
7f555f4f2000-7f555f5f0000 rw-p 00000000 00:00 0                          [stack:28112]
7f555f5f0000-7f555f5f3000 ---p 00000000 00:00 0 
7f555f5f3000-7f555f6f1000 rw-p 00000000 00:00 0                          [stack:28111]
7f555f6f1000-7f555f6f4000 ---p 00000000 00:00 0 
7f555f6f4000-7f555f7f2000 rw-p 00000000 00:00 0                          [stack:28110]
7f555f7f2000-7f555f7f5000 ---p 00000000 00:00 0 
7f555f7f5000-7f555f8f3000 rw-p 00000000 00:00 0                          [stack:28106]
7f555f8f3000-7f555f8f6000 ---p 00000000 00:00 0 
7f555f8f6000-7f555f9f4000 rw-p 00000000 00:00 0                          [stack:28105]
7f555f9f4000-7f555f9f7000 ---p 00000000 00:00 0 
7f555f9f7000-7f555faf5000 rw-p 00000000 00:00 0                          [stack:28104]
7f555faf5000-7f555faf8000 ---p 00000000 00:00 0 
7f555faf8000-7f555fbf6000 rw-p 00000000 00:00 0                          [stack:28103]
7f555fbf6000-7f555fbf9000 ---p 00000000 00:00 0 
7f555fbf9000-7f555fcf7000 rw-p 00000000 00:00 0                          [stack:28102]
7f555fcf7000-7f555fcfa000 ---p 00000000 00:00 0 
7f555fcfa000-7f555fdf8000 rw-p 00000000 00:00 0                          [stack:28101]
7f555fdf8000-7f555fe00000 r-xp 00000000 08:01 1461110                    /usr/lib/jvm/java-7-oracle/jre/lib/amd64/libmanagement.so
7f555fe00000-7f555ffff000 ---p 00008000 08:01 1461110                    /usr/lib/jvm/java-7-oracle/jre/lib/amd64/libmanagement.so
7f555ffff000-7f5560000000 rw-p 00007000 08:01 1461110                    /usr/lib/jvm/java-7-oracle/jre/lib/amd64/libmanagement.so
7f5560000000-7f5560021000 rw-p 00000000 00:00 0 
7f5560021000-7f5564000000 ---p 00000000 00:00 0 
7f5564000000-7f5564021000 rw-p 00000000 00:00 0 
7f5564021000-7f5568000000 ---p 00000000 00:00 0 
7f5568000000-7f5568021000 rw-p 00000000 00:00 0 
7f5568021000-7f556c000000 ---p 00000000 00:00 0 
7f556c000000-7f556c021000 rw-p 00000000 00:00 0 
7f556c021000-7f5570000000 ---p 00000000 00:00 0 
7f5570000000-7f5570779000 rw-p 00000000 00:00 0 
7f5570779000-7f5574000000 ---p 00000000 00:00 0 
7f5574000000-7f557407a000 rw-p 00000000 00:00 0 
7f557407a000-7f5578000000 ---p 00000000 00:00 0 
7f5578000000-7f5578021000 rw-p 00000000 00:00 0 
7f5578021000-7f557c000000 ---p 00000000 00:00 0 
7f557c000000-7f557c766000 rw-p 00000000 00:00 0 
7f557c766000-7f5580000000 ---p 00000000 00:00 0 
7f5580000000-7f5580021000 rw-p 00000000 00:00 0 
7f5580021000-7f5584000000 ---p 00000000 00:00 0 
7f5584000000-7f5584021000 rw-p 00000000 00:00 0 
7f5584021000-7f5588000000 ---p 00000000 00:00 0 
7f5588000000-7f5588021000 rw-p 00000000 00:00 0 
7f5588021000-7f558c000000 ---p 00000000 00:00 0 
7f558c000000-7f558c021000 rw-p 00000000 00:00 0 
7f558c021000-7f5590000000 ---p 00000000 00:00 0 
7f5590000000-7f5590021000 rw-p 00000000 00:00 0 
7f5590021000-7f5594000000 ---p 00000000 00:00 0 
7f5594041000-7f5594044000 ---p 00000000 00:00 0 
7f5594044000-7f559407a000 rw-p 00000000 00:00 0                          [stack:28146]
7f559407a000-7f559407d000 ---p 00000000 00:00 0 
7f559407d000-7f55940b3000 rw-p 00000000 00:00 0                          [stack:28142]
7f55940b3000-7f55940b6000 ---p 00000000 00:00 0 
7f55940b6000-7f55941b4000 rw-p 00000000 00:00 0                          [stack:28100]
7f55941b4000-7f55941b7000 ---p 00000000 00:00 0 
7f55941b7000-7f55942b5000 rw-p 00000000 00:00 0                          [stack:28099]
7f55942b5000-7f55942cb000 r-xp 00000000 08:01 658924                     /usr/lib/libgcc_s.so.1
7f55942cb000-7f55944ca000 ---p 00016000 08:01 658924                     /usr/lib/libgcc_s.so.1
7f55944ca000-7f55944cb000 rw-p 00015000 08:01 658924                     /usr/lib/libgcc_s.so.1
7f55944f8000-7f55944f9000 rw-p 00000000 00:00 0 
7f55944f9000-7f55944fd000 r--s 0002d000 08:01 1460591                    /usr/lib/jvm/java-7-oracle/jre/lib/ext/sunjce_provider.jar
7f55944fd000-7f559452f000 r-xp 00000000 08:01 1461080                    /usr/lib/jvm/java-7-oracle/jre/lib/amd64/libsunec.so
7f559452f000-7f559472e000 ---p 00032000 08:01 1461080                    /usr/lib/jvm/java-7-oracle/jre/lib/amd64/libsunec.so
7f559472e000-7f5594734000 rw-p 00031000 08:01 1461080                    /usr/lib/jvm/java-7-oracle/jre/lib/amd64/libsunec.so
7f5594734000-7f5594744000 rw-p 00000000 00:00 0 
7f5594744000-7f5594747000 r--s 00037000 08:01 1460595                    /usr/lib/jvm/java-7-oracle/jre/lib/ext/sunpkcs11.jar
7f5594747000-7f5594749000 r--s 00019000 08:01 1460583                    /usr/lib/jvm/java-7-oracle/jre/lib/jce.jar
7f5594749000-7f559474d000 r--s 0008a000 08:01 1460558                    /usr/lib/jvm/java-7-oracle/jre/lib/jsse.jar
7f559474d000-7f5594750000 ---p 00000000 00:00 0 
7f5594750000-7f559484e000 rw-p 00000000 00:00 0                          [stack:28096]
7f559484e000-7f5594851000 ---p 00000000 00:00 0 
7f5594851000-7f559494f000 rw-p 00000000 00:00 0                          [stack:28095]
7f559494f000-7f5594952000 ---p 00000000 00:00 0 
7f5594952000-7f5594a50000 rw-p 00000000 00:00 0                          [stack:28094]
7f5594a50000-7f5594a66000 r-xp 00000000 08:01 1461067                    /usr/lib/jvm/java-7-oracle/jre/lib/amd64/libnet.so
7f5594a66000-7f5594c66000 ---p 00016000 08:01 1461067                    /usr/lib/jvm/java-7-oracle/jre/lib/amd64/libnet.so
7f5594c66000-7f5594c67000 rw-p 00016000 08:01 1461067                    /usr/lib/jvm/java-7-oracle/jre/lib/amd64/libnet.so
7f5594c67000-7f5594c77000 r-xp 00000000 08:01 1461099                    /usr/lib/jvm/java-7-oracle/jre/lib/amd64/libnio.so
7f5594c77000-7f5594e77000 ---p 00010000 08:01 1461099                    /usr/lib/jvm/java-7-oracle/jre/lib/amd64/libnio.so
7f5594e77000-7f5594e78000 rw-p 00010000 08:01 1461099                    /usr/lib/jvm/java-7-oracle/jre/lib/amd64/libnio.so
7f5594e78000-7f5594e81000 r--s 0002d000 08:01 6303291                    /home/cblop/Dropbox/Projects/puppetmaster/dist/xml-apis-1.4.01.jar
7f5594e81000-7f5594e9a000 r--s 00135000 08:01 6303290                    /home/cblop/Dropbox/Projects/puppetmaster/dist/xercesImpl-2.11.0.jar
7f5594e9a000-7f5594ea1000 r--s 00048000 08:01 6303277                    /home/cblop/Dropbox/Projects/puppetmaster/dist/smackx-jingle-3.4.1-0cec571.jar
7f5594ea1000-7f5594ea5000 r--s 000f7000 08:01 1460596                    /usr/lib/jvm/java-7-oracle/jre/lib/ext/localedata.jar
7f5594ea5000-7f5594eb0000 r--s 0007d000 08:01 6303276                    /home/cblop/Dropbox/Projects/puppetmaster/dist/smackx-3.4.1-0cec571.jar
7f5594eb0000-7f5594eb7000 r--s 00051000 08:01 6303275                    /home/cblop/Dropbox/Projects/puppetmaster/dist/smack-3.4.1-0cec571.jar
7f5594eb7000-7f5594ebe000 r--s 0005b000 08:01 6303294                    /home/cblop/Dropbox/Projects/puppetmaster/dist/mongo-2.10.1.jar
7f5594ebe000-7f5594ecf000 r--s 00095000 08:01 6303300                    /home/cblop/Dropbox/Projects/puppetmaster/dist/jersey-server-1.4.jar
7f5594ecf000-7f5594ed0000 ---p 00000000 00:00 0 
7f5594ed0000-7f5599000000 rw-p 00000000 00:00 0                          [stack:28090]
7f5599000000-7f5599270000 rwxp 00000000 00:00 0 
7f5599270000-7f559c40b000 rw-p 00000000 00:00 0 
7f559c40b000-7f55a0000000 ---p 00000000 00:00 0 
7f55a0000000-7f55a0001000 r--s 00003000 08:01 1460592                    /usr/lib/jvm/java-7-oracle/jre/lib/ext/sunec.jar
7f55a0001000-7f55a0002000 r--s 00002000 08:01 6303289                    /home/cblop/Dropbox/Projects/puppetmaster/dist/slf4j-log4j12-1.6.4.jar
7f55a0002000-7f55a0004000 r--s 00005000 08:01 6303288                    /home/cblop/Dropbox/Projects/puppetmaster/dist/slf4j-api-1.6.4.jar
7f55a0004000-7f55a0006000 r--s 0000c000 08:01 6303302                    /home/cblop/Dropbox/Projects/puppetmaster/dist/puppetmaster.jar
7f55a0006000-7f55a000f000 r--s 0006d000 08:01 6303287                    /home/cblop/Dropbox/Projects/puppetmaster/dist/log4j-1.2.16.jar
7f55a000f000-7f55a0010000 r--s 00001000 08:01 6303301                    /home/cblop/Dropbox/Projects/puppetmaster/dist/libInstClient.jar
7f55a0010000-7f55a0013000 r--s 0000a000 08:01 6303299                    /home/cblop/Dropbox/Projects/puppetmaster/dist/jersey-multipart-1.4.jar
7f55a0013000-7f55a0016000 r--s 00020000 08:01 6303298                    /home/cblop/Dropbox/Projects/puppetmaster/dist/jersey-json-1.4.jar
7f55a0016000-7f55a0021000 r--s 00065000 08:01 6303297                    /home/cblop/Dropbox/Projects/puppetmaster/dist/jersey-core-1.4.jar
7f55a0021000-7f55a0025000 r--s 0001b000 08:01 6303296                    /home/cblop/Dropbox/Projects/puppetmaster/dist/jersey-client-1.4.jar
7f55a0025000-7f55a0030000 r--s 00082000 08:01 6303286                    /home/cblop/Dropbox/Projects/puppetmaster/dist/jena-tdb-1.0.0.jar
7f55a0030000-7f55a003c000 r--s 00076000 08:01 6303285                    /home/cblop/Dropbox/Projects/puppetmaster/dist/jena-sdb-1.4.0.jar
7f55a003c000-7f55a003f000 r--s 0001f000 08:01 6303284                    /home/cblop/Dropbox/Projects/puppetmaster/dist/jena-iri-1.0.0.jar
7f55a003f000-7f55a005b000 r--s 00155000 08:01 6303283                    /home/cblop/Dropbox/Projects/puppetmaster/dist/jena-core-2.11.0.jar
7f55a005b000-7f55a008c000 r--s 00258000 08:01 6303282                    /home/cblop/Dropbox/Projects/puppetmaster/dist/jena-arq-2.11.0.jar
7f55a008c000-7f55a008f000 r--s 00023000 08:01 6303295                    /home/cblop/Dropbox/Projects/puppetmaster/dist/jdom.jar
7f55a008f000-7f55a0091000 r--s 00003000 08:01 6303281                    /home/cblop/Dropbox/Projects/puppetmaster/dist/jcl-over-slf4j-1.6.4.jar
7f55a0091000-7f55a009d000 r--s 000d2000 08:01 6303293                    /home/cblop/Dropbox/Projects/puppetmaster/dist/jason.jar
7f55a009d000-7f55a00a3000 r--s 00031000 08:01 6303280                    /home/cblop/Dropbox/Projects/puppetmaster/dist/httpcore-4.2.2.jar
7f55a00a3000-7f55a00ac000 r--s 00061000 08:01 6303279                    /home/cblop/Dropbox/Projects/puppetmaster/dist/httpclient-4.2.3.jar
7f55a00ac000-7f55a00b1000 r--s 00046000 08:01 6303274                    /home/cblop/Dropbox/Projects/puppetmaster/dist/commons-lang3-3.0.jar
7f55a00b1000-7f55a00b4000 ---p 00000000 00:00 0 
7f55a00b4000-7f55a01b2000 rw-p 00000000 00:00 0                          [stack:28089]
7f55a01b2000-7f55a01b5000 ---p 00000000 00:00 0 
7f55a01b5000-7f55a02b3000 rw-p 00000000 00:00 0                          [stack:28088]
7f55a02b3000-7f55a02b6000 ---p 00000000 00:00 0 
7f55a02b6000-7f55a03b4000 rw-p 00000000 00:00 0                          [stack:28087]
7f55a03b4000-7f55a03b7000 ---p 00000000 00:00 0 
7f55a03b7000-7f55a04b5000 rw-p 00000000 00:00 0                          [stack:28086]
7f55a04b5000-7f55a063e000 r--p 00000000 08:01 658900                     /usr/lib/locale/locale-archive
7f55a063e000-7f55a0641000 ---p 00000000 00:00 0 
7f55a0641000-7f55a073f000 rw-p 00000000 00:00 0                          [stack:28085]
7f55a073f000-7f55a0742000 ---p 00000000 00:00 0 
7f55a0742000-7f55a0840000 rw-p 00000000 00:00 0                          [stack:28084]
7f55a0840000-7f55a0841000 ---p 00000000 00:00 0 
7f55a0841000-7f55a12f8000 rw-p 00000000 00:00 0                          [stack:28083]
7f55a12f8000-7f55a14b7000 r--s 039e5000 08:01 1460565                    /usr/lib/jvm/java-7-oracle/jre/lib/rt.jar
7f55a14b7000-7f55a19b4000 rw-p 00000000 00:00 0 
7f55a19b4000-7f55a19b5000 ---p 00000000 00:00 0 
7f55a19b5000-7f55a1ab5000 rw-p 00000000 00:00 0                          [stack:28082]
7f55a1ab5000-7f55a1ab6000 ---p 00000000 00:00 0 
7f55a1ab6000-7f55a1bc1000 rw-p 00000000 00:00 0                          [stack:28081]
7f55a1bc1000-7f55a1bdf000 rw-p 00000000 00:00 0 
7f55a1bdf000-7f55a1c08000 rw-p 00000000 00:00 0 
7f55a1c08000-7f55a1e71000 rw-p 00000000 00:00 0 
7f55a1e71000-7f55a1e7c000 rw-p 00000000 00:00 0 
7f55a1e7c000-7f55a1e9a000 rw-p 00000000 00:00 0 
7f55a1e9a000-7f55a1ec3000 rw-p 00000000 00:00 0 
7f55a1ec3000-7f55a212b000 rw-p 00000000 00:00 0 
7f55a212b000-7f55a21b1000 rw-p 00000000 00:00 0 
7f55a21b1000-7f55a2274000 rw-p 00000000 00:00 0 
7f55a2274000-7f55a2275000 rw-p 00000000 00:00 0 
7f55a2275000-7f55a228f000 r-xp 00000000 08:01 1461111                    /usr/lib/jvm/java-7-oracle/jre/lib/amd64/libzip.so
7f55a228f000-7f55a248f000 ---p 0001a000 08:01 1461111                    /usr/lib/jvm/java-7-oracle/jre/lib/amd64/libzip.so
7f55a248f000-7f55a2490000 rw-p 0001a000 08:01 1461111                    /usr/lib/jvm/java-7-oracle/jre/lib/amd64/libzip.so
7f55a2490000-7f55a249b000 r-xp 00000000 08:01 658479                     /usr/lib/libnss_files-2.20.so
7f55a249b000-7f55a269b000 ---p 0000b000 08:01 658479                     /usr/lib/libnss_files-2.20.so
7f55a269b000-7f55a269c000 r--p 0000b000 08:01 658479                     /usr/lib/libnss_files-2.20.so
7f55a269c000-7f55a269d000 rw-p 0000c000 08:01 658479                     /usr/lib/libnss_files-2.20.so
7f55a269d000-7f55a26c6000 r-xp 00000000 08:01 1461096                    /usr/lib/jvm/java-7-oracle/jre/lib/amd64/libjava.so
7f55a26c6000-7f55a28c6000 ---p 00029000 08:01 1461096                    /usr/lib/jvm/java-7-oracle/jre/lib/amd64/libjava.so
7f55a28c6000-7f55a28c8000 rw-p 00029000 08:01 1461096                    /usr/lib/jvm/java-7-oracle/jre/lib/amd64/libjava.so
7f55a28c8000-7f55a28d5000 r-xp 00000000 08:01 1461066                    /usr/lib/jvm/java-7-oracle/jre/lib/amd64/libverify.so
7f55a28d5000-7f55a2ad4000 ---p 0000d000 08:01 1461066                    /usr/lib/jvm/java-7-oracle/jre/lib/amd64/libverify.so
7f55a2ad4000-7f55a2ad6000 rw-p 0000c000 08:01 1461066                    /usr/lib/jvm/java-7-oracle/jre/lib/amd64/libverify.so
7f55a2ad6000-7f55a2add000 r-xp 00000000 08:01 658573                     /usr/lib/librt-2.20.so
7f55a2add000-7f55a2cdc000 ---p 00007000 08:01 658573                     /usr/lib/librt-2.20.so
7f55a2cdc000-7f55a2cdd000 r--p 00006000 08:01 658573                     /usr/lib/librt-2.20.so
7f55a2cdd000-7f55a2cde000 rw-p 00007000 08:01 658573                     /usr/lib/librt-2.20.so
7f55a2cde000-7f55a2de1000 r-xp 00000000 08:01 658551                     /usr/lib/libm-2.20.so
7f55a2de1000-7f55a2fe1000 ---p 00103000 08:01 658551                     /usr/lib/libm-2.20.so
7f55a2fe1000-7f55a2fe2000 r--p 00103000 08:01 658551                     /usr/lib/libm-2.20.so
7f55a2fe2000-7f55a2fe3000 rw-p 00104000 08:01 658551                     /usr/lib/libm-2.20.so
7f55a2fe3000-7f55a3b53000 r-xp 00000000 08:01 1461121                    /usr/lib/jvm/java-7-oracle/jre/lib/amd64/server/libjvm.so
7f55a3b53000-7f55a3d52000 ---p 00b70000 08:01 1461121                    /usr/lib/jvm/java-7-oracle/jre/lib/amd64/server/libjvm.so
7f55a3d52000-7f55a3e17000 rw-p 00b6f000 08:01 1461121                    /usr/lib/jvm/java-7-oracle/jre/lib/amd64/server/libjvm.so
7f55a3e17000-7f55a3e57000 rw-p 00000000 00:00 0 
7f55a3e57000-7f55a3ff0000 r-xp 00000000 08:01 658553                     /usr/lib/libc-2.20.so
7f55a3ff0000-7f55a41f0000 ---p 00199000 08:01 658553                     /usr/lib/libc-2.20.so
7f55a41f0000-7f55a41f4000 r--p 00199000 08:01 658553                     /usr/lib/libc-2.20.so
7f55a41f4000-7f55a41f6000 rw-p 0019d000 08:01 658553                     /usr/lib/libc-2.20.so
7f55a41f6000-7f55a41fa000 rw-p 00000000 00:00 0 
7f55a41fa000-7f55a41fd000 r-xp 00000000 08:01 658477                     /usr/lib/libdl-2.20.so
7f55a41fd000-7f55a43fc000 ---p 00003000 08:01 658477                     /usr/lib/libdl-2.20.so
7f55a43fc000-7f55a43fd000 r--p 00002000 08:01 658477                     /usr/lib/libdl-2.20.so
7f55a43fd000-7f55a43fe000 rw-p 00003000 08:01 658477                     /usr/lib/libdl-2.20.so
7f55a43fe000-7f55a4414000 r-xp 00000000 08:01 1461125                    /usr/lib/jvm/java-7-oracle/jre/lib/amd64/jli/libjli.so
7f55a4414000-7f55a4614000 ---p 00016000 08:01 1461125                    /usr/lib/jvm/java-7-oracle/jre/lib/amd64/jli/libjli.so
7f55a4614000-7f55a4615000 rw-p 00016000 08:01 1461125                    /usr/lib/jvm/java-7-oracle/jre/lib/amd64/jli/libjli.so
7f55a4615000-7f55a462c000 r-xp 00000000 08:01 658484                     /usr/lib/libpthread-2.20.so
7f55a462c000-7f55a482b000 ---p 00017000 08:01 658484                     /usr/lib/libpthread-2.20.so
7f55a482b000-7f55a482c000 r--p 00016000 08:01 658484                     /usr/lib/libpthread-2.20.so
7f55a482c000-7f55a482d000 rw-p 00017000 08:01 658484                     /usr/lib/libpthread-2.20.so
7f55a482d000-7f55a4831000 rw-p 00000000 00:00 0 
7f55a4831000-7f55a4853000 r-xp 00000000 08:01 658481                     /usr/lib/ld-2.20.so
7f55a4853000-7f55a4854000 r--s 00005000 08:01 6303292                    /home/cblop/Dropbox/Projects/puppetmaster/dist/json-simple-1.1.1.jar
7f55a4854000-7f55a485a000 r--s 00033000 08:01 6303278                    /home/cblop/Dropbox/Projects/puppetmaster/dist/commons-codec-1.6.jar
7f55a485a000-7f55a4864000 rw-p 00000000 00:00 0 
7f55a4864000-7f55a491a000 rw-p 00000000 00:00 0 
7f55a491a000-7f55a491d000 ---p 00000000 00:00 0 
7f55a491d000-7f55a4a48000 rw-p 00000000 00:00 0                          [stack:28077]
7f55a4a48000-7f55a4a50000 rw-s 00000000 00:1d 1099837                    /tmp/hsperfdata_cblop/28075
7f55a4a50000-7f55a4a51000 rw-p 00000000 00:00 0 
7f55a4a51000-7f55a4a52000 ---p 00000000 00:00 0 
7f55a4a52000-7f55a4a53000 r--p 00021000 08:01 658481                     /usr/lib/ld-2.20.so
7f55a4a53000-7f55a4a54000 rw-p 00022000 08:01 658481                     /usr/lib/ld-2.20.so
7f55a4a54000-7f55a4a55000 rw-p 00000000 00:00 0 
7fff1c4d6000-7fff1c4f7000 rw-p 00000000 00:00 0                          [stack]
7fff1c5fc000-7fff1c5fe000 r-xp 00000000 00:00 0                          [vdso]
7fff1c5fe000-7fff1c600000 r--p 00000000 00:00 0                          [vvar]
ffffffffff600000-ffffffffff601000 r-xp 00000000 00:00 0                  [vsyscall]

VM Arguments:
java_command: edu.bath.puppetmaster.RunShow
Launcher Type: SUN_STANDARD

Environment Variables:
JAVA_HOME=/usr/lib/jvm/default
PATH=/usr/local/sbin:/usr/local/bin:/usr/bin:/usr/bin/core_perl:/home/cblop/bin:/home/cblop/.gem/ruby/2.1.0/bin
SHELL=/bin/zsh
DISPLAY=:0

Signal Handlers:
SIGSEGV: [libjvm.so+0x99f4a0], sa_mask[0]=0x7ffbfeff, sa_flags=0x10000004
SIGBUS: [libjvm.so+0x99f4a0], sa_mask[0]=0x7ffbfeff, sa_flags=0x10000004
SIGFPE: [libjvm.so+0x81a860], sa_mask[0]=0x7ffbfeff, sa_flags=0x10000004
SIGPIPE: [libjvm.so+0x81a860], sa_mask[0]=0x7ffbfeff, sa_flags=0x10000004
SIGXFSZ: [libjvm.so+0x81a860], sa_mask[0]=0x7ffbfeff, sa_flags=0x10000004
SIGILL: [libjvm.so+0x81a860], sa_mask[0]=0x7ffbfeff, sa_flags=0x10000004
SIGUSR1: SIG_DFL, sa_mask[0]=0x00000000, sa_flags=0x00000000
SIGUSR2: [libjvm.so+0x81c060], sa_mask[0]=0x00000004, sa_flags=0x10000004
SIGHUP: [libjvm.so+0x81d160], sa_mask[0]=0x7ffbfeff, sa_flags=0x10000004
SIGINT: [libjvm.so+0x81d160], sa_mask[0]=0x7ffbfeff, sa_flags=0x10000004
SIGTERM: [libjvm.so+0x81d160], sa_mask[0]=0x7ffbfeff, sa_flags=0x10000004
SIGQUIT: [libjvm.so+0x81d160], sa_mask[0]=0x7ffbfeff, sa_flags=0x10000004


---------------  S Y S T E M  ---------------

OS:Linux
uname:Linux 3.16.3-1-ARCH #1 SMP PREEMPT Wed Sep 17 21:54:13 CEST 2014 x86_64
libc:glibc 2.20 NPTL 2.20 
rlimit: STACK 8192k, CORE 0k, NPROC 31521, NOFILE 4096, AS infinity
load average:0.95 0.58 0.53

/proc/meminfo:
MemTotal:        8075044 kB
MemFree:          119972 kB
MemAvailable:     119264 kB
Buffers:            2988 kB
Cached:           637244 kB
SwapCached:            0 kB
Active:          7070732 kB
Inactive:         597764 kB
Active(anon):    7030560 kB
Inactive(anon):   558660 kB
Active(file):      40172 kB
Inactive(file):    39104 kB
Unevictable:           0 kB
Mlocked:               0 kB
SwapTotal:             0 kB
SwapFree:              0 kB
Dirty:               264 kB
Writeback:             0 kB
AnonPages:       7028224 kB
Mapped:           128192 kB
Shmem:            561088 kB
Slab:             125248 kB
SReclaimable:      88236 kB
SUnreclaim:        37012 kB
KernelStack:        8720 kB
PageTables:        42944 kB
NFS_Unstable:          0 kB
Bounce:                0 kB
WritebackTmp:          0 kB
CommitLimit:     4037520 kB
Committed_AS:   13959088 kB
VmallocTotal:   34359738367 kB
VmallocUsed:      365036 kB
VmallocChunk:   34359369488 kB
HardwareCorrupted:     0 kB
AnonHugePages:   4421632 kB
HugePages_Total:       0
HugePages_Free:        0
HugePages_Rsvd:        0
HugePages_Surp:        0
Hugepagesize:       2048 kB
DirectMap4k:      117160 kB
DirectMap2M:     8165376 kB


CPU:total 2 (2 cores per cpu, 1 threads per core) family 6 model 23 stepping 6, cmov, cx8, fxsr, mmx, sse, sse2, sse3, ssse3, sse4.1, tsc

/proc/cpuinfo:
processor	: 0
vendor_id	: GenuineIntel
cpu family	: 6
model		: 23
model name	: Intel(R) Core(TM)2 Duo CPU     L9300  @ 1.60GHz
stepping	: 6
microcode	: 0x60c
cpu MHz		: 1596.156
cache size	: 6144 KB
physical id	: 0
siblings	: 2
core id		: 0
cpu cores	: 2
apicid		: 0
initial apicid	: 0
fpu		: yes
fpu_exception	: yes
cpuid level	: 10
wp		: yes
flags		: fpu vme de pse tsc msr pae mce cx8 apic sep mtrr pge mca cmov pat pse36 clflush dts acpi mmx fxsr sse sse2 ss ht tm pbe syscall nx lm constant_tsc arch_perfmon pebs bts nopl aperfmperf pni dtes64 monitor ds_cpl vmx smx est tm2 ssse3 cx16 xtpr pdcm sse4_1 lahf_lm dtherm tpr_shadow vnmi flexpriority
bogomips	: 3193.32
clflush size	: 64
cache_alignment	: 64
address sizes	: 36 bits physical, 48 bits virtual
power management:

processor	: 1
vendor_id	: GenuineIntel
cpu family	: 6
model		: 23
model name	: Intel(R) Core(TM)2 Duo CPU     L9300  @ 1.60GHz
stepping	: 6
microcode	: 0x60c
cpu MHz		: 1596.156
cache size	: 6144 KB
physical id	: 0
siblings	: 2
core id		: 1
cpu cores	: 2
apicid		: 1
initial apicid	: 1
fpu		: yes
fpu_exception	: yes
cpuid level	: 10
wp		: yes
flags		: fpu vme de pse tsc msr pae mce cx8 apic sep mtrr pge mca cmov pat pse36 clflush dts acpi mmx fxsr sse sse2 ss ht tm pbe syscall nx lm constant_tsc arch_perfmon pebs bts nopl aperfmperf pni dtes64 monitor ds_cpl vmx smx est tm2 ssse3 cx16 xtpr pdcm sse4_1 lahf_lm dtherm tpr_shadow vnmi flexpriority
bogomips	: 3193.32
clflush size	: 64
cache_alignment	: 64
address sizes	: 36 bits physical, 48 bits virtual
power management:



Memory: 4k page, physical 8075044k(119972k free), swap 0k(0k free)

vm_info: Java HotSpot(TM) 64-Bit Server VM (24.65-b04) for linux-amd64 JRE (1.7.0_67-b01), built on Jul 25 2014 09:20:21 by "java_re" with gcc 4.3.0 20080428 (Red Hat 4.3.0-8)

time: Wed Oct  8 10:35:53 2014
elapsed time: 17 seconds

