#
# There is insufficient memory for the Java Runtime Environment to continue.
# Native memory allocation (malloc) failed to allocate 266338304 bytes for committing reserved memory.
# Possible reasons:
#   The system is out of physical RAM or swap space
#   In 32 bit mode, the process size limit was hit
# Possible solutions:
#   Reduce memory load on the system
#   Increase physical memory or swap space
#   Check if swap backing store is full
#   Use 64 bit Java on a 64 bit OS
#   Decrease Java heap size (-Xmx/-Xms)
#   Decrease number of Java threads
#   Decrease Java thread stack sizes (-Xss)
#   Set larger code cache with -XX:ReservedCodeCacheSize=
# This output file may be truncated or incomplete.
#
#  Out of Memory Error (os_linux.cpp:2745), pid=28762, tid=139890121324288
#
# JRE version: Java(TM) SE Runtime Environment (7.0_67-b01) (build 1.7.0_67-b01)
# Java VM: Java HotSpot(TM) 64-Bit Server VM (24.65-b04 mixed mode linux-amd64 compressed oops)
# Failed to write core dump. Core dumps have been disabled. To enable core dumping, try "ulimit -c unlimited" before starting Java again
#

---------------  T H R E A D  ---------------

Current thread (0x00007f3ab0064800):  VMThread [stack: 0x00007f3ab4ed3000,0x00007f3ab4fd4000] [id=28770]

Stack: [0x00007f3ab4ed3000,0x00007f3ab4fd4000],  sp=0x00007f3ab4fd2380,  free space=1020k
Native frames: (J=compiled Java code, j=interpreted, Vv=VM code, C=native code)
V  [libjvm.so+0x99eb8a]  JVM_handle_linux_signal+0x17b36a
V  [libjvm.so+0x49721b]  sem_destroy+0x49721b
V  [libjvm.so+0x81d9ae]  fork1+0x19ee
V  [libjvm.so+0x81def9]  fork1+0x1f39
V  [libjvm.so+0x817caa]  JVM_RaiseSignal+0x188f7a
V  [libjvm.so+0x88a7a3]  JVM_handle_linux_signal+0x66f83
V  [libjvm.so+0x88bb78]  JVM_handle_linux_signal+0x68358
V  [libjvm.so+0x88ace2]  JVM_handle_linux_signal+0x674c2
V  [libjvm.so+0x888133]  JVM_handle_linux_signal+0x64913
V  [libjvm.so+0x8888e1]  JVM_handle_linux_signal+0x650c1
V  [libjvm.so+0x83f510]  JVM_handle_linux_signal+0x1bcf0
V  [libjvm.so+0x9a0417]  JVM_handle_linux_signal+0x17cbf7
V  [libjvm.so+0x9a78b5]  JVM_handle_linux_signal+0x184095
V  [libjvm.so+0x9a5c7a]  JVM_handle_linux_signal+0x18245a
V  [libjvm.so+0x9a5ffe]  JVM_handle_linux_signal+0x1827de
V  [libjvm.so+0x9a6470]  JVM_handle_linux_signal+0x182c50
V  [libjvm.so+0x81f988]  fork1+0x39c8

VM_Operation (0x00007f3a72bea580): ParallelGCFailedAllocation, mode: safepoint, requested by thread 0x00007f3ab03b0000


---------------  P R O C E S S  ---------------

Java Threads: ( => current thread )
  0x00007f3a88020000 JavaThread "process reaper" daemon [_thread_in_native, id=28834, stack(0x00007f3aa87cc000,0x00007f3aa8805000)]
  0x00007f3ab0009000 JavaThread "DestroyJavaVM" [_thread_blocked, id=28764, stack(0x00007f3ab8fad000,0x00007f3ab90ae000)]
  0x00007f3a8801d000 JavaThread "process reaper" daemon [_thread_blocked, id=28828, stack(0x00007f3aa8805000,0x00007f3aa883e000)]
  0x00007f3ab0345800 JavaThread "Thread-24" [_thread_blocked, id=28827, stack(0x00007f3a727e8000,0x00007f3a728e9000)]
  0x00007f3ab0343800 JavaThread "Thread-23" [_thread_blocked, id=28826, stack(0x00007f3a728e9000,0x00007f3a729ea000)]
  0x00007f3ab03b2000 JavaThread "Thread-22" [_thread_blocked, id=28824, stack(0x00007f3a729ea000,0x00007f3a72aeb000)]
  0x00007f3ab03b0000 JavaThread "Thread-21" [_thread_blocked, id=28823, stack(0x00007f3a72aeb000,0x00007f3a72bec000)]
  0x00007f3ab03ae000 JavaThread "Thread-20" [_thread_blocked, id=28822, stack(0x00007f3a72bec000,0x00007f3a72ced000)]
  0x00007f3ab03ac800 JavaThread "Thread-19" [_thread_in_native, id=28821, stack(0x00007f3a72ced000,0x00007f3a72dee000)]
  0x00007f3ab03ab000 JavaThread "Thread-18" [_thread_in_native, id=28820, stack(0x00007f3a72dee000,0x00007f3a72eef000)]
  0x00007f3a80007000 JavaThread "Smack Listener Processor (7)" daemon [_thread_blocked, id=28813, stack(0x00007f3a72eef000,0x00007f3a72ff0000)]
  0x00007f3ab0151000 JavaThread "Smack Packet Reader (7)" daemon [_thread_in_native, id=28811, stack(0x00007f3a72ff0000,0x00007f3a730f1000)]
  0x00007f3ab03da000 JavaThread "Smack Packet Writer (7)" daemon [_thread_blocked, id=28810, stack(0x00007f3a730f1000,0x00007f3a731f2000)]
  0x00007f3a6c001800 JavaThread "Smack Listener Processor (6)" daemon [_thread_blocked, id=28809, stack(0x00007f3a731f2000,0x00007f3a732f3000)]
  0x00007f3ab03d7800 JavaThread "Smack Packet Reader (6)" daemon [_thread_in_native, id=28808, stack(0x00007f3a732f3000,0x00007f3a733f4000)]
  0x00007f3ab0287800 JavaThread "Smack Packet Writer (6)" daemon [_thread_blocked, id=28807, stack(0x00007f3a733f4000,0x00007f3a734f5000)]
  0x00007f3aa4001000 JavaThread "Smack Listener Processor (5)" daemon [_thread_blocked, id=28806, stack(0x00007f3a734f5000,0x00007f3a735f6000)]
  0x00007f3ab0285000 JavaThread "Smack Packet Reader (5)" daemon [_thread_in_native, id=28805, stack(0x00007f3a735f6000,0x00007f3a736f7000)]
  0x00007f3ab0283800 JavaThread "Smack Packet Writer (5)" daemon [_thread_blocked, id=28804, stack(0x00007f3a736f7000,0x00007f3a737f8000)]
  0x00007f3a94006800 JavaThread "Smack Listener Processor (4)" daemon [_thread_blocked, id=28803, stack(0x00007f3a737f8000,0x00007f3a738f9000)]
  0x00007f3ab0282000 JavaThread "Smack Packet Reader (4)" daemon [_thread_in_native, id=28802, stack(0x00007f3a738f9000,0x00007f3a739fa000)]
  0x00007f3ab0280800 JavaThread "Smack Packet Writer (4)" daemon [_thread_blocked, id=28801, stack(0x00007f3a739fa000,0x00007f3a73afb000)]
  0x00007f3a90408000 JavaThread "Smack Listener Processor (3)" daemon [_thread_blocked, id=28797, stack(0x00007f3a73afb000,0x00007f3a73bfc000)]
  0x00007f3ab04b8800 JavaThread "Smack Packet Reader (3)" daemon [_thread_in_native, id=28796, stack(0x00007f3a73bfc000,0x00007f3a73cfd000)]
  0x00007f3ab04ae000 JavaThread "Smack Packet Writer (3)" daemon [_thread_blocked, id=28795, stack(0x00007f3a73cfd000,0x00007f3a73dfe000)]
  0x00007f3a7c001000 JavaThread "Smack Listener Processor (2)" daemon [_thread_blocked, id=28793, stack(0x00007f3a73dfe000,0x00007f3a73eff000)]
  0x00007f3ab045a000 JavaThread "Smack Packet Reader (2)" daemon [_thread_in_native, id=28792, stack(0x00007f3a73eff000,0x00007f3a74000000)]
  0x00007f3ab0455000 JavaThread "Smack Packet Writer (2)" daemon [_thread_blocked, id=28791, stack(0x00007f3aa809c000,0x00007f3aa819d000)]
  0x00007f3a78002000 JavaThread "Smack Listener Processor (1)" daemon [_thread_blocked, id=28790, stack(0x00007f3aa819d000,0x00007f3aa829e000)]
  0x00007f3ab0464000 JavaThread "Smack Packet Reader (1)" daemon [_thread_in_native, id=28789, stack(0x00007f3aa829e000,0x00007f3aa839f000)]
  0x00007f3ab0462800 JavaThread "Smack Packet Writer (1)" daemon [_thread_blocked, id=28788, stack(0x00007f3aa839f000,0x00007f3aa84a0000)]
  0x00007f3ab0354800 JavaThread "MongoCleaner1725332221" daemon [_thread_blocked, id=28787, stack(0x00007f3aa84a0000,0x00007f3aa85a1000)]
  0x00007f3a74003000 JavaThread "Smack Listener Processor (0)" daemon [_thread_blocked, id=28783, stack(0x00007f3aa883e000,0x00007f3aa893f000)]
  0x00007f3ab02d5000 JavaThread "Smack Keepalive" daemon [_thread_blocked, id=28782, stack(0x00007f3aa8dce000,0x00007f3aa8ecf000)]
  0x00007f3ab02d1000 JavaThread "Smack Packet Reader (0)" daemon [_thread_in_native, id=28781, stack(0x00007f3aa8ecf000,0x00007f3aa8fd0000)]
  0x00007f3ab02cf000 JavaThread "Smack Packet Writer (0)" daemon [_thread_blocked, id=28780, stack(0x00007f3ab4013000,0x00007f3ab4114000)]
  0x00007f3ab0091800 JavaThread "Service Thread" daemon [_thread_blocked, id=28776, stack(0x00007f3ab4744000,0x00007f3ab4845000)]
  0x00007f3ab008f000 JavaThread "C2 CompilerThread1" daemon [_thread_blocked, id=28775, stack(0x00007f3ab4845000,0x00007f3ab4946000)]
  0x00007f3ab008c000 JavaThread "C2 CompilerThread0" daemon [_thread_blocked, id=28774, stack(0x00007f3ab4946000,0x00007f3ab4a47000)]
  0x00007f3ab008a800 JavaThread "Signal Dispatcher" daemon [_thread_blocked, id=28773, stack(0x00007f3ab4a47000,0x00007f3ab4b48000)]
  0x00007f3ab006a800 JavaThread "Finalizer" daemon [_thread_blocked, id=28772, stack(0x00007f3ab4cd1000,0x00007f3ab4dd2000)]
  0x00007f3ab0068800 JavaThread "Reference Handler" daemon [_thread_blocked, id=28771, stack(0x00007f3ab4dd2000,0x00007f3ab4ed3000)]

Other Threads:
=>0x00007f3ab0064800 VMThread [stack: 0x00007f3ab4ed3000,0x00007f3ab4fd4000] [id=28770]
  0x00007f3ab009c000 WatcherThread [stack: 0x00007f3ab4643000,0x00007f3ab4744000] [id=28777]

VM state:at safepoint (normal execution)

VM Mutex/Monitor currently owned by a thread:  ([mutex/lock_event])
[0x00007f3ab0006dd0] Threads_lock - owner thread: 0x00007f3ab0064800
[0x00007f3ab00072d0] Heap_lock - owner thread: 0x00007f3ab03b0000

Heap
 PSYoungGen      total 263680K, used 144K [0x00000007d6e80000, 0x00000007e7580000, 0x0000000800000000)
  eden space 258048K, 0% used [0x00000007d6e80000,0x00000007d6e80000,0x00000007e6a80000)
  from space 5632K, 2% used [0x00000007e6a80000,0x00000007e6aa4010,0x00000007e7000000)
  to   space 5632K, 0% used [0x00000007e7000000,0x00000007e7000000,0x00000007e7580000)
 ParOldGen       total 83968K, used 4437K [0x0000000784c00000, 0x0000000789e00000, 0x00000007d6e80000)
  object space 83968K, 5% used [0x0000000784c00000,0x0000000785055490,0x0000000789e00000)
 PSPermGen       total 21504K, used 12456K [0x000000077fa00000, 0x0000000780f00000, 0x0000000784c00000)
  object space 21504K, 57% used [0x000000077fa00000,0x000000078062a2f8,0x0000000780f00000)

Card table byte_map: [0x00007f3ab6504000,0x00007f3ab6908000] byte_map_base: 0x00007f3ab2907000

Polling page: 0x00007f3ab90e4000

Code Cache  [0x00007f3aad000000, 0x00007f3aad270000, 0x00007f3ab0000000)
 total_blobs=521 nmethods=223 adapters=252 free_code_cache=48199Kb largest_free_block=49327936

Compilation events (10 events):
Event: 15.713 Thread 0x00007f3ab008f000 nmethod 225 0x00007f3aad0e7990 code [0x00007f3aad0e7ac0, 0x00007f3aad0e7b38]
Event: 15.713 Thread 0x00007f3ab008f000  226             jason.bb.DefaultBeliefBase$1::<init> (20 bytes)
Event: 15.714 Thread 0x00007f3ab008f000 nmethod 226 0x00007f3aad0e7750 code [0x00007f3aad0e7880, 0x00007f3aad0e7918]
Event: 15.714 Thread 0x00007f3ab008f000  227   !         jason.asSemantics.Agent::buf (436 bytes)
Event: 15.752 Thread 0x00007f3ab008c000 nmethod 222 0x00007f3aad0eb8d0 code [0x00007f3aad0ebae0, 0x00007f3aad0ec190]
Event: 15.760 Thread 0x00007f3ab008c000  228 % !         edu.bath.puppetmaster.BsfAgent::run @ 0 (43 bytes)
Event: 15.770 Thread 0x00007f3ab008c000 nmethod 228% 0x00007f3aad0eb350 code [0x00007f3aad0eb4c0, 0x00007f3aad0eb658]
Event: 15.780 Thread 0x00007f3ab008f000 nmethod 227 0x00007f3aad0f2710 code [0x00007f3aad0f2940, 0x00007f3aad0f3010]
Event: 16.380 Thread 0x00007f3ab008c000  229             java.util.regex.Pattern$Curly::match0 (174 bytes)
Event: 16.437 Thread 0x00007f3ab008c000 nmethod 229 0x00007f3aad0f3a50 code [0x00007f3aad0f3c60, 0x00007f3aad0f46d0]

GC Heap History (10 events):
Event: 15.484 GC heap after
Heap after GC invocations=2 (full 0):
 PSYoungGen      total 69632K, used 4832K [0x00000007d6e80000, 0x00000007db780000, 0x0000000800000000)
  eden space 64512K, 0% used [0x00000007d6e80000,0x00000007d6e80000,0x00000007dad80000)
  from space 5120K, 94% used [0x00000007db280000,0x00000007db738218,0x00000007db780000)
  to   space 5120K, 0% used [0x00000007dad80000,0x00000007dad80000,0x00000007db280000)
 ParOldGen       total 83968K, used 105K [0x0000000784c00000, 0x0000000789e00000, 0x00000007d6e80000)
  object space 83968K, 0% used [0x0000000784c00000,0x0000000784c1a750,0x0000000789e00000)
 PSPermGen       total 21504K, used 12309K [0x000000077fa00000, 0x0000000780f00000, 0x0000000784c00000)
  object space 21504K, 57% used [0x000000077fa00000,0x00000007806057b0,0x0000000780f00000)
}
Event: 15.894 GC heap before
{Heap before GC invocations=3 (full 0):
 PSYoungGen      total 69632K, used 69344K [0x00000007d6e80000, 0x00000007db780000, 0x0000000800000000)
  eden space 64512K, 100% used [0x00000007d6e80000,0x00000007dad80000,0x00000007dad80000)
  from space 5120K, 94% used [0x00000007db280000,0x00000007db738218,0x00000007db780000)
  to   space 5120K, 0% used [0x00000007dad80000,0x00000007dad80000,0x00000007db280000)
 ParOldGen       total 83968K, used 105K [0x0000000784c00000, 0x0000000789e00000, 0x00000007d6e80000)
  object space 83968K, 0% used [0x0000000784c00000,0x0000000784c1a750,0x0000000789e00000)
 PSPermGen       total 21504K, used 12309K [0x000000077fa00000, 0x0000000780f00000, 0x0000000784c00000)
  object space 21504K, 57% used [0x000000077fa00000,0x00000007806057b0,0x0000000780f00000)
Event: 15.923 GC heap after
Heap after GC invocations=3 (full 0):
 PSYoungGen      total 69632K, used 4496K [0x00000007d6e80000, 0x00000007df680000, 0x0000000800000000)
  eden space 64512K, 0% used [0x00000007d6e80000,0x00000007d6e80000,0x00000007dad80000)
  from space 5120K, 87% used [0x00000007dad80000,0x00000007db1e41a0,0x00000007db280000)
  to   space 5120K, 0% used [0x00000007df180000,0x00000007df180000,0x00000007df680000)
 ParOldGen       total 83968K, used 113K [0x0000000784c00000, 0x0000000789e00000, 0x00000007d6e80000)
  object space 83968K, 0% used [0x0000000784c00000,0x0000000784c1c750,0x0000000789e00000)
 PSPermGen       total 21504K, used 12309K [0x000000077fa00000, 0x0000000780f00000, 0x0000000784c00000)
  object space 21504K, 57% used [0x000000077fa00000,0x00000007806057b0,0x0000000780f00000)
}
Event: 15.997 GC heap before
{Heap before GC invocations=4 (full 0):
 PSYoungGen      total 69632K, used 69008K [0x00000007d6e80000, 0x00000007df680000, 0x0000000800000000)
  eden space 64512K, 100% used [0x00000007d6e80000,0x00000007dad80000,0x00000007dad80000)
  from space 5120K, 87% used [0x00000007dad80000,0x00000007db1e41a0,0x00000007db280000)
  to   space 5120K, 0% used [0x00000007df180000,0x00000007df180000,0x00000007df680000)
 ParOldGen       total 83968K, used 113K [0x0000000784c00000, 0x0000000789e00000, 0x00000007d6e80000)
  object space 83968K, 0% used [0x0000000784c00000,0x0000000784c1c750,0x0000000789e00000)
 PSPermGen       total 21504K, used 12309K [0x000000077fa00000, 0x0000000780f00000, 0x0000000784c00000)
  object space 21504K, 57% used [0x000000077fa00000,0x00000007806057b0,0x0000000780f00000)
Event: 16.025 GC heap after
Heap after GC invocations=4 (full 0):
 PSYoungGen      total 134144K, used 4496K [0x00000007d6e80000, 0x00000007df680000, 0x0000000800000000)
  eden space 129024K, 0% used [0x00000007d6e80000,0x00000007d6e80000,0x00000007dec80000)
  from space 5120K, 87% used [0x00000007df180000,0x00000007df5e41a0,0x00000007df680000)
  to   space 5120K, 0% used [0x00000007dec80000,0x00000007dec80000,0x00000007df180000)
 ParOldGen       total 83968K, used 113K [0x0000000784c00000, 0x0000000789e00000, 0x00000007d6e80000)
  object space 83968K, 0% used [0x0000000784c00000,0x0000000784c1c750,0x0000000789e00000)
 PSPermGen       total 21504K, used 12309K [0x000000077fa00000, 0x0000000780f00000, 0x0000000784c00000)
  object space 21504K, 57% used [0x000000077fa00000,0x00000007806057b0,0x0000000780f00000)
}
Event: 16.471 GC heap before
{Heap before GC invocations=5 (full 0):
 PSYoungGen      total 134144K, used 133520K [0x00000007d6e80000, 0x00000007df680000, 0x0000000800000000)
  eden space 129024K, 100% used [0x00000007d6e80000,0x00000007dec80000,0x00000007dec80000)
  from space 5120K, 87% used [0x00000007df180000,0x00000007df5e41a0,0x00000007df680000)
  to   space 5120K, 0% used [0x00000007dec80000,0x00000007dec80000,0x00000007df180000)
 ParOldGen       total 83968K, used 113K [0x0000000784c00000, 0x0000000789e00000, 0x00000007d6e80000)
  object space 83968K, 0% used [0x0000000784c00000,0x0000000784c1c750,0x0000000789e00000)
 PSPermGen       total 21504K, used 12456K [0x000000077fa00000, 0x0000000780f00000, 0x0000000784c00000)
  object space 21504K, 57% used [0x000000077fa00000,0x000000078062a2f8,0x0000000780f00000)
Event: 16.495 GC heap after
Heap after GC invocations=5 (full 0):
 PSYoungGen      total 134144K, used 4416K [0x00000007d6e80000, 0x00000007e7580000, 0x0000000800000000)
  eden space 129024K, 0% used [0x00000007d6e80000,0x00000007d6e80000,0x00000007dec80000)
  from space 5120K, 86% used [0x00000007dec80000,0x00000007df0d01b0,0x00000007df180000)
  to   space 5632K, 0% used [0x00000007e7000000,0x00000007e7000000,0x00000007e7580000)
 ParOldGen       total 83968K, used 113K [0x0000000784c00000, 0x0000000789e00000, 0x00000007d6e80000)
  object space 83968K, 0% used [0x0000000784c00000,0x0000000784c1c750,0x0000000789e00000)
 PSPermGen       total 21504K, used 12456K [0x000000077fa00000, 0x0000000780f00000, 0x0000000784c00000)
  object space 21504K, 57% used [0x000000077fa00000,0x000000078062a2f8,0x0000000780f00000)
}
Event: 16.629 GC heap before
{Heap before GC invocations=6 (full 0):
 PSYoungGen      total 134144K, used 133440K [0x00000007d6e80000, 0x00000007e7580000, 0x0000000800000000)
  eden space 129024K, 100% used [0x00000007d6e80000,0x00000007dec80000,0x00000007dec80000)
  from space 5120K, 86% used [0x00000007dec80000,0x00000007df0d01b0,0x00000007df180000)
  to   space 5632K, 0% used [0x00000007e7000000,0x00000007e7000000,0x00000007e7580000)
 ParOldGen       total 83968K, used 113K [0x0000000784c00000, 0x0000000789e00000, 0x00000007d6e80000)
  object space 83968K, 0% used [0x0000000784c00000,0x0000000784c1c750,0x0000000789e00000)
 PSPermGen       total 21504K, used 12456K [0x000000077fa00000, 0x0000000780f00000, 0x0000000784c00000)
  object space 21504K, 57% used [0x000000077fa00000,0x000000078062a2f8,0x0000000780f00000)
Event: 16.665 GC heap after
Heap after GC invocations=6 (full 0):
 PSYoungGen      total 263680K, used 4544K [0x00000007d6e80000, 0x00000007e7580000, 0x0000000800000000)
  eden space 258048K, 0% used [0x00000007d6e80000,0x00000007d6e80000,0x00000007e6a80000)
  from space 5632K, 80% used [0x00000007e7000000,0x00000007e74701d0,0x00000007e7580000)
  to   space 5632K, 0% used [0x00000007e6a80000,0x00000007e6a80000,0x00000007e7000000)
 ParOldGen       total 83968K, used 113K [0x0000000784c00000, 0x0000000789e00000, 0x00000007d6e80000)
  object space 83968K, 0% used [0x0000000784c00000,0x0000000784c1c750,0x0000000789e00000)
 PSPermGen       total 21504K, used 12456K [0x000000077fa00000, 0x0000000780f00000, 0x0000000784c00000)
  object space 21504K, 57% used [0x000000077fa00000,0x000000078062a2f8,0x0000000780f00000)
}
Event: 17.269 GC heap before
{Heap before GC invocations=7 (full 0):
 PSYoungGen      total 263680K, used 262592K [0x00000007d6e80000, 0x00000007e7580000, 0x0000000800000000)
  eden space 258048K, 100% used [0x00000007d6e80000,0x00000007e6a80000,0x00000007e6a80000)
  from space 5632K, 80% used [0x00000007e7000000,0x00000007e74701d0,0x00000007e7580000)
  to   space 5632K, 0% used [0x00000007e6a80000,0x00000007e6a80000,0x00000007e7000000)
 ParOldGen       total 83968K, used 113K [0x0000000784c00000, 0x0000000789e00000, 0x00000007d6e80000)
  object space 83968K, 0% used [0x0000000784c00000,0x0000000784c1c750,0x0000000789e00000)
 PSPermGen       total 21504K, used 12456K [0x000000077fa00000, 0x0000000780f00000, 0x0000000784c00000)
  object space 21504K, 57% used [0x000000077fa00000,0x000000078062a2f8,0x0000000780f00000)

Deoptimization events (10 events):
Event: 16.378 Thread 0x00007f3ab03ab000 Uncommon trap: reason=class_check action=maybe_recompile pc=0x00007f3aad0d4d88 method=java.lang.Character.codePointAt(Ljava/lang/CharSequence;I)I @ 5
Event: 16.379 Thread 0x00007f3ab03ab000 Uncommon trap: reason=bimorphic action=maybe_recompile pc=0x00007f3aad0b17f4 method=java.util.regex.Matcher.search(I)Z @ 86
Event: 16.379 Thread 0x00007f3ab03ab000 Uncommon trap: reason=bimorphic action=maybe_recompile pc=0x00007f3aad0b17f4 method=java.util.regex.Matcher.search(I)Z @ 86
Event: 16.379 Thread 0x00007f3ab03ab000 Uncommon trap: reason=bimorphic action=maybe_recompile pc=0x00007f3aad0b1788 method=java.util.regex.Pattern$Start.match(Ljava/util/regex/Matcher;ILjava/lang/CharSequence;)Z @ 44
Event: 16.379 Thread 0x00007f3ab03ab000 Uncommon trap: reason=class_check action=maybe_recompile pc=0x00007f3aad094be0 method=java.util.regex.Pattern$Curly.match0(Ljava/util/regex/Matcher;IILjava/lang/CharSequence;)Z @ 31
Event: 16.379 Thread 0x00007f3ab03ab000 Uncommon trap: reason=bimorphic action=maybe_recompile pc=0x00007f3aad0b17f4 method=java.util.regex.Matcher.search(I)Z @ 86
Event: 16.379 Thread 0x00007f3ab03ab000 Uncommon trap: reason=bimorphic action=maybe_recompile pc=0x00007f3aad0b17f4 method=java.util.regex.Matcher.search(I)Z @ 86
Event: 16.380 Thread 0x00007f3ab03ab000 Uncommon trap: reason=class_check action=maybe_recompile pc=0x00007f3aad094be0 method=java.util.regex.Pattern$Curly.match0(Ljava/util/regex/Matcher;IILjava/lang/CharSequence;)Z @ 31
Event: 16.380 Thread 0x00007f3ab03ab000 Uncommon trap: reason=class_check action=maybe_recompile pc=0x00007f3aad094be0 method=java.util.regex.Pattern$Curly.match0(Ljava/util/regex/Matcher;IILjava/lang/CharSequence;)Z @ 31
Event: 16.387 Thread 0x00007f3ab03ab000 Uncommon trap: reason=unreached action=reinterpret pc=0x00007f3aad0e0690 method=java.util.HashMap$HashIterator.hasNext()Z @ 4

Internal exceptions (10 events):
Event: 14.990 Thread 0x00007f3ab0345800 Threw 0x00000007d8432b20 at /HUDSON/workspace/7u-2-build-linux-amd64/jdk7u67/1368/hotspot/src/share/vm/prims/jvm.cpp:1244
Event: 14.997 Thread 0x00007f3ab0345800 Threw 0x00000007d8434d38 at /HUDSON/workspace/7u-2-build-linux-amd64/jdk7u67/1368/hotspot/src/share/vm/prims/jvm.cpp:1244
Event: 15.006 Thread 0x00007f3ab03b0000 Threw 0x00000007d83e6660 at /HUDSON/workspace/7u-2-build-linux-amd64/jdk7u67/1368/hotspot/src/share/vm/prims/jvm.cpp:1244
Event: 15.007 Thread 0x00007f3ab03b0000 Threw 0x00000007d83e98a0 at /HUDSON/workspace/7u-2-build-linux-amd64/jdk7u67/1368/hotspot/src/share/vm/prims/jvm.cpp:1244
Event: 15.009 Thread 0x00007f3ab03b0000 Threw 0x00000007d83ef968 at /HUDSON/workspace/7u-2-build-linux-amd64/jdk7u67/1368/hotspot/src/share/vm/prims/jvm.cpp:1244
Event: 15.013 Thread 0x00007f3ab0151000 Threw 0x00000007d8301020 at /HUDSON/workspace/7u-2-build-linux-amd64/jdk7u67/1368/hotspot/src/share/vm/prims/jvm.cpp:1244
Event: 15.014 Thread 0x00007f3ab0151000 Threw 0x00000007d84de8b0 at /HUDSON/workspace/7u-2-build-linux-amd64/jdk7u67/1368/hotspot/src/share/vm/prims/jvm.cpp:1244
Event: 15.015 Thread 0x00007f3ab04b8800 Threw 0x00000007d84f91b0 at /HUDSON/workspace/7u-2-build-linux-amd64/jdk7u67/1368/hotspot/src/share/vm/prims/jvm.cpp:1244
Event: 15.063 Thread 0x00007f3ab03b2000 Threw 0x00000007d840a3a8 at /HUDSON/workspace/7u-2-build-linux-amd64/jdk7u67/1368/hotspot/src/share/vm/prims/jvm.cpp:1244
Event: 15.064 Thread 0x00007f3ab03b2000 Threw 0x00000007d840d818 at /HUDSON/workspace/7u-2-build-linux-amd64/jdk7u67/1368/hotspot/src/share/vm/prims/jvm.cpp:1244

Events (10 events):
Event: 16.512 Executing VM operation: RevokeBias done
Event: 16.514 Executing VM operation: RevokeBias
Event: 16.514 Executing VM operation: RevokeBias done
Event: 16.514 Executing VM operation: RevokeBias
Event: 16.515 Executing VM operation: RevokeBias done
Event: 16.515 Executing VM operation: RevokeBias
Event: 16.515 Executing VM operation: RevokeBias done
Event: 16.626 Executing VM operation: ParallelGCFailedAllocation
Event: 16.665 Executing VM operation: ParallelGCFailedAllocation done
Event: 17.226 Executing VM operation: ParallelGCFailedAllocation


Dynamic libraries:
00400000-00401000 r-xp 00000000 08:01 1460541                            /usr/lib/jvm/java-7-oracle/jre/bin/java
00600000-00601000 rw-p 00000000 08:01 1460541                            /usr/lib/jvm/java-7-oracle/jre/bin/java
018fb000-0191c000 rw-p 00000000 00:00 0                                  [heap]
77fa00000-780f00000 rw-p 00000000 00:00 0 
780f00000-784c00000 rw-p 00000000 00:00 0 
784c00000-789e00000 rw-p 00000000 00:00 0 
789e00000-7d6e80000 rw-p 00000000 00:00 0 
7d6e80000-7e7580000 rw-p 00000000 00:00 0 
7f7380000-800000000 rw-p 00000000 00:00 0 
7f3a6c000000-7f3a6c021000 rw-p 00000000 00:00 0 
7f3a6c021000-7f3a70000000 ---p 00000000 00:00 0 
7f3a727e8000-7f3a727eb000 ---p 00000000 00:00 0 
7f3a727eb000-7f3a728e9000 rw-p 00000000 00:00 0                          [stack:28827]
7f3a728e9000-7f3a728ec000 ---p 00000000 00:00 0 
7f3a728ec000-7f3a729ea000 rw-p 00000000 00:00 0                          [stack:28826]
7f3a729ea000-7f3a729ed000 ---p 00000000 00:00 0 
7f3a729ed000-7f3a72aeb000 rw-p 00000000 00:00 0                          [stack:28824]
7f3a72aeb000-7f3a72aee000 ---p 00000000 00:00 0 
7f3a72aee000-7f3a72bec000 rw-p 00000000 00:00 0                          [stack:28823]
7f3a72bec000-7f3a72bef000 ---p 00000000 00:00 0 
7f3a72bef000-7f3a72ced000 rw-p 00000000 00:00 0                          [stack:28822]
7f3a72ced000-7f3a72cf0000 ---p 00000000 00:00 0 
7f3a72cf0000-7f3a72dee000 rw-p 00000000 00:00 0                          [stack:28821]
7f3a72dee000-7f3a72df1000 ---p 00000000 00:00 0 
7f3a72df1000-7f3a72eef000 rw-p 00000000 00:00 0                          [stack:28820]
7f3a72eef000-7f3a72ef2000 ---p 00000000 00:00 0 
7f3a72ef2000-7f3a72ff0000 rw-p 00000000 00:00 0                          [stack:28813]
7f3a72ff0000-7f3a72ff3000 ---p 00000000 00:00 0 
7f3a72ff3000-7f3a730f1000 rw-p 00000000 00:00 0                          [stack:28811]
7f3a730f1000-7f3a730f4000 ---p 00000000 00:00 0 
7f3a730f4000-7f3a731f2000 rw-p 00000000 00:00 0                          [stack:28810]
7f3a731f2000-7f3a731f5000 ---p 00000000 00:00 0 
7f3a731f5000-7f3a732f3000 rw-p 00000000 00:00 0                          [stack:28809]
7f3a732f3000-7f3a732f6000 ---p 00000000 00:00 0 
7f3a732f6000-7f3a733f4000 rw-p 00000000 00:00 0                          [stack:28808]
7f3a733f4000-7f3a733f7000 ---p 00000000 00:00 0 
7f3a733f7000-7f3a734f5000 rw-p 00000000 00:00 0                          [stack:28807]
7f3a734f5000-7f3a734f8000 ---p 00000000 00:00 0 
7f3a734f8000-7f3a735f6000 rw-p 00000000 00:00 0                          [stack:28806]
7f3a735f6000-7f3a735f9000 ---p 00000000 00:00 0 
7f3a735f9000-7f3a736f7000 rw-p 00000000 00:00 0                          [stack:28805]
7f3a736f7000-7f3a736fa000 ---p 00000000 00:00 0 
7f3a736fa000-7f3a737f8000 rw-p 00000000 00:00 0                          [stack:28804]
7f3a737f8000-7f3a737fb000 ---p 00000000 00:00 0 
7f3a737fb000-7f3a738f9000 rw-p 00000000 00:00 0                          [stack:28803]
7f3a738f9000-7f3a738fc000 ---p 00000000 00:00 0 
7f3a738fc000-7f3a739fa000 rw-p 00000000 00:00 0                          [stack:28802]
7f3a739fa000-7f3a739fd000 ---p 00000000 00:00 0 
7f3a739fd000-7f3a73afb000 rw-p 00000000 00:00 0                          [stack:28801]
7f3a73afb000-7f3a73afe000 ---p 00000000 00:00 0 
7f3a73afe000-7f3a73bfc000 rw-p 00000000 00:00 0                          [stack:28797]
7f3a73bfc000-7f3a73bff000 ---p 00000000 00:00 0 
7f3a73bff000-7f3a73cfd000 rw-p 00000000 00:00 0                          [stack:28796]
7f3a73cfd000-7f3a73d00000 ---p 00000000 00:00 0 
7f3a73d00000-7f3a73dfe000 rw-p 00000000 00:00 0                          [stack:28795]
7f3a73dfe000-7f3a73e01000 ---p 00000000 00:00 0 
7f3a73e01000-7f3a73eff000 rw-p 00000000 00:00 0                          [stack:28793]
7f3a73eff000-7f3a73f02000 ---p 00000000 00:00 0 
7f3a73f02000-7f3a74000000 rw-p 00000000 00:00 0                          [stack:28792]
7f3a74000000-7f3a7403d000 rw-p 00000000 00:00 0 
7f3a7403d000-7f3a78000000 ---p 00000000 00:00 0 
7f3a78000000-7f3a78021000 rw-p 00000000 00:00 0 
7f3a78021000-7f3a7c000000 ---p 00000000 00:00 0 
7f3a7c000000-7f3a7c021000 rw-p 00000000 00:00 0 
7f3a7c021000-7f3a80000000 ---p 00000000 00:00 0 
7f3a80000000-7f3a80021000 rw-p 00000000 00:00 0 
7f3a80021000-7f3a84000000 ---p 00000000 00:00 0 
7f3a84000000-7f3a847ab000 rw-p 00000000 00:00 0 
7f3a847ab000-7f3a88000000 ---p 00000000 00:00 0 
7f3a88000000-7f3a88080000 rw-p 00000000 00:00 0 
7f3a88080000-7f3a8c000000 ---p 00000000 00:00 0 
7f3a8c000000-7f3a8c021000 rw-p 00000000 00:00 0 
7f3a8c021000-7f3a90000000 ---p 00000000 00:00 0 
7f3a90000000-7f3a90725000 rw-p 00000000 00:00 0 
7f3a90725000-7f3a94000000 ---p 00000000 00:00 0 
7f3a94000000-7f3a94021000 rw-p 00000000 00:00 0 
7f3a94021000-7f3a98000000 ---p 00000000 00:00 0 
7f3a98000000-7f3a98021000 rw-p 00000000 00:00 0 
7f3a98021000-7f3a9c000000 ---p 00000000 00:00 0 
7f3a9c000000-7f3a9c021000 rw-p 00000000 00:00 0 
7f3a9c021000-7f3aa0000000 ---p 00000000 00:00 0 
7f3aa0000000-7f3aa0026000 rw-p 00000000 00:00 0 
7f3aa0026000-7f3aa4000000 ---p 00000000 00:00 0 
7f3aa4000000-7f3aa4021000 rw-p 00000000 00:00 0 
7f3aa4021000-7f3aa8000000 ---p 00000000 00:00 0 
7f3aa809c000-7f3aa809f000 ---p 00000000 00:00 0 
7f3aa809f000-7f3aa819d000 rw-p 00000000 00:00 0                          [stack:28791]
7f3aa819d000-7f3aa81a0000 ---p 00000000 00:00 0 
7f3aa81a0000-7f3aa829e000 rw-p 00000000 00:00 0                          [stack:28790]
7f3aa829e000-7f3aa82a1000 ---p 00000000 00:00 0 
7f3aa82a1000-7f3aa839f000 rw-p 00000000 00:00 0                          [stack:28789]
7f3aa839f000-7f3aa83a2000 ---p 00000000 00:00 0 
7f3aa83a2000-7f3aa84a0000 rw-p 00000000 00:00 0                          [stack:28788]
7f3aa84a0000-7f3aa84a3000 ---p 00000000 00:00 0 
7f3aa84a3000-7f3aa85a1000 rw-p 00000000 00:00 0                          [stack:28787]
7f3aa85a1000-7f3aa85a9000 r-xp 00000000 08:01 1461110                    /usr/lib/jvm/java-7-oracle/jre/lib/amd64/libmanagement.so
7f3aa85a9000-7f3aa87a8000 ---p 00008000 08:01 1461110                    /usr/lib/jvm/java-7-oracle/jre/lib/amd64/libmanagement.so
7f3aa87a8000-7f3aa87a9000 rw-p 00007000 08:01 1461110                    /usr/lib/jvm/java-7-oracle/jre/lib/amd64/libmanagement.so
7f3aa87cc000-7f3aa87cf000 ---p 00000000 00:00 0 
7f3aa87cf000-7f3aa8805000 rw-p 00000000 00:00 0                          [stack:28834]
7f3aa8805000-7f3aa8808000 ---p 00000000 00:00 0 
7f3aa8808000-7f3aa883e000 rw-p 00000000 00:00 0                          [stack:28828]
7f3aa883e000-7f3aa8841000 ---p 00000000 00:00 0 
7f3aa8841000-7f3aa893f000 rw-p 00000000 00:00 0                          [stack:28783]
7f3aa893f000-7f3aa8955000 r-xp 00000000 08:01 658924                     /usr/lib/libgcc_s.so.1
7f3aa8955000-7f3aa8b54000 ---p 00016000 08:01 658924                     /usr/lib/libgcc_s.so.1
7f3aa8b54000-7f3aa8b55000 rw-p 00015000 08:01 658924                     /usr/lib/libgcc_s.so.1
7f3aa8b87000-7f3aa8bb9000 r-xp 00000000 08:01 1461080                    /usr/lib/jvm/java-7-oracle/jre/lib/amd64/libsunec.so
7f3aa8bb9000-7f3aa8db8000 ---p 00032000 08:01 1461080                    /usr/lib/jvm/java-7-oracle/jre/lib/amd64/libsunec.so
7f3aa8db8000-7f3aa8dbe000 rw-p 00031000 08:01 1461080                    /usr/lib/jvm/java-7-oracle/jre/lib/amd64/libsunec.so
7f3aa8dbe000-7f3aa8dce000 rw-p 00000000 00:00 0 
7f3aa8dce000-7f3aa8dd1000 ---p 00000000 00:00 0 
7f3aa8dd1000-7f3aa8ecf000 rw-p 00000000 00:00 0                          [stack:28782]
7f3aa8ecf000-7f3aa8ed2000 ---p 00000000 00:00 0 
7f3aa8ed2000-7f3aad000000 rw-p 00000000 00:00 0                          [stack:28781]
7f3aad000000-7f3aad270000 rwxp 00000000 00:00 0 
7f3aad270000-7f3ab04ba000 rw-p 00000000 00:00 0 
7f3ab04ba000-7f3ab4000000 ---p 00000000 00:00 0 
7f3ab4004000-7f3ab4005000 rw-p 00000000 00:00 0 
7f3ab4005000-7f3ab4009000 r--s 0002d000 08:01 1460591                    /usr/lib/jvm/java-7-oracle/jre/lib/ext/sunjce_provider.jar
7f3ab4009000-7f3ab400a000 r--s 00003000 08:01 1460592                    /usr/lib/jvm/java-7-oracle/jre/lib/ext/sunec.jar
7f3ab400a000-7f3ab400d000 r--s 00037000 08:01 1460595                    /usr/lib/jvm/java-7-oracle/jre/lib/ext/sunpkcs11.jar
7f3ab400d000-7f3ab400f000 r--s 00019000 08:01 1460583                    /usr/lib/jvm/java-7-oracle/jre/lib/jce.jar
7f3ab400f000-7f3ab4013000 r--s 0008a000 08:01 1460558                    /usr/lib/jvm/java-7-oracle/jre/lib/jsse.jar
7f3ab4013000-7f3ab4016000 ---p 00000000 00:00 0 
7f3ab4016000-7f3ab4114000 rw-p 00000000 00:00 0                          [stack:28780]
7f3ab4114000-7f3ab412a000 r-xp 00000000 08:01 1461067                    /usr/lib/jvm/java-7-oracle/jre/lib/amd64/libnet.so
7f3ab412a000-7f3ab432a000 ---p 00016000 08:01 1461067                    /usr/lib/jvm/java-7-oracle/jre/lib/amd64/libnet.so
7f3ab432a000-7f3ab432b000 rw-p 00016000 08:01 1461067                    /usr/lib/jvm/java-7-oracle/jre/lib/amd64/libnet.so
7f3ab432b000-7f3ab433b000 r-xp 00000000 08:01 1461099                    /usr/lib/jvm/java-7-oracle/jre/lib/amd64/libnio.so
7f3ab433b000-7f3ab453b000 ---p 00010000 08:01 1461099                    /usr/lib/jvm/java-7-oracle/jre/lib/amd64/libnio.so
7f3ab453b000-7f3ab453c000 rw-p 00010000 08:01 1461099                    /usr/lib/jvm/java-7-oracle/jre/lib/amd64/libnio.so
7f3ab453c000-7f3ab4545000 r--s 0002d000 08:01 6303291                    /home/cblop/Dropbox/Projects/puppetmaster/dist/xml-apis-1.4.01.jar
7f3ab4545000-7f3ab455e000 r--s 00135000 08:01 6303290                    /home/cblop/Dropbox/Projects/puppetmaster/dist/xercesImpl-2.11.0.jar
7f3ab455e000-7f3ab4565000 r--s 00048000 08:01 6303277                    /home/cblop/Dropbox/Projects/puppetmaster/dist/smackx-jingle-3.4.1-0cec571.jar
7f3ab4565000-7f3ab4569000 r--s 000f7000 08:01 1460596                    /usr/lib/jvm/java-7-oracle/jre/lib/ext/localedata.jar
7f3ab4569000-7f3ab4574000 r--s 0007d000 08:01 6303276                    /home/cblop/Dropbox/Projects/puppetmaster/dist/smackx-3.4.1-0cec571.jar
7f3ab4574000-7f3ab457b000 r--s 00051000 08:01 6303275                    /home/cblop/Dropbox/Projects/puppetmaster/dist/smack-3.4.1-0cec571.jar
7f3ab457b000-7f3ab457c000 r--s 00002000 08:01 6303289                    /home/cblop/Dropbox/Projects/puppetmaster/dist/slf4j-log4j12-1.6.4.jar
7f3ab457c000-7f3ab457e000 r--s 00005000 08:01 6303288                    /home/cblop/Dropbox/Projects/puppetmaster/dist/slf4j-api-1.6.4.jar
7f3ab457e000-7f3ab4580000 r--s 0000c000 08:01 6303302                    /home/cblop/Dropbox/Projects/puppetmaster/dist/puppetmaster.jar
7f3ab4580000-7f3ab4587000 r--s 0005b000 08:01 6303294                    /home/cblop/Dropbox/Projects/puppetmaster/dist/mongo-2.10.1.jar
7f3ab4587000-7f3ab4590000 r--s 0006d000 08:01 6303287                    /home/cblop/Dropbox/Projects/puppetmaster/dist/log4j-1.2.16.jar
7f3ab4590000-7f3ab4591000 r--s 00001000 08:01 6303301                    /home/cblop/Dropbox/Projects/puppetmaster/dist/libInstClient.jar
7f3ab4591000-7f3ab45a2000 r--s 00095000 08:01 6303300                    /home/cblop/Dropbox/Projects/puppetmaster/dist/jersey-server-1.4.jar
7f3ab45a2000-7f3ab45a5000 r--s 0000a000 08:01 6303299                    /home/cblop/Dropbox/Projects/puppetmaster/dist/jersey-multipart-1.4.jar
7f3ab45a5000-7f3ab45a8000 r--s 00020000 08:01 6303298                    /home/cblop/Dropbox/Projects/puppetmaster/dist/jersey-json-1.4.jar
7f3ab45a8000-7f3ab45b3000 r--s 00065000 08:01 6303297                    /home/cblop/Dropbox/Projects/puppetmaster/dist/jersey-core-1.4.jar
7f3ab45b3000-7f3ab45b7000 r--s 0001b000 08:01 6303296                    /home/cblop/Dropbox/Projects/puppetmaster/dist/jersey-client-1.4.jar
7f3ab45b7000-7f3ab45c2000 r--s 00082000 08:01 6303286                    /home/cblop/Dropbox/Projects/puppetmaster/dist/jena-tdb-1.0.0.jar
7f3ab45c2000-7f3ab45ce000 r--s 00076000 08:01 6303285                    /home/cblop/Dropbox/Projects/puppetmaster/dist/jena-sdb-1.4.0.jar
7f3ab45ce000-7f3ab45d1000 r--s 0001f000 08:01 6303284                    /home/cblop/Dropbox/Projects/puppetmaster/dist/jena-iri-1.0.0.jar
7f3ab45d1000-7f3ab45ed000 r--s 00155000 08:01 6303283                    /home/cblop/Dropbox/Projects/puppetmaster/dist/jena-core-2.11.0.jar
7f3ab45ed000-7f3ab461e000 r--s 00258000 08:01 6303282                    /home/cblop/Dropbox/Projects/puppetmaster/dist/jena-arq-2.11.0.jar
7f3ab461e000-7f3ab4621000 r--s 00023000 08:01 6303295                    /home/cblop/Dropbox/Projects/puppetmaster/dist/jdom.jar
7f3ab4621000-7f3ab4623000 r--s 00003000 08:01 6303281                    /home/cblop/Dropbox/Projects/puppetmaster/dist/jcl-over-slf4j-1.6.4.jar
7f3ab4623000-7f3ab462f000 r--s 000d2000 08:01 6303293                    /home/cblop/Dropbox/Projects/puppetmaster/dist/jason.jar
7f3ab462f000-7f3ab4635000 r--s 00031000 08:01 6303280                    /home/cblop/Dropbox/Projects/puppetmaster/dist/httpcore-4.2.2.jar
7f3ab4635000-7f3ab463e000 r--s 00061000 08:01 6303279                    /home/cblop/Dropbox/Projects/puppetmaster/dist/httpclient-4.2.3.jar
7f3ab463e000-7f3ab4643000 r--s 00046000 08:01 6303274                    /home/cblop/Dropbox/Projects/puppetmaster/dist/commons-lang3-3.0.jar
7f3ab4643000-7f3ab4644000 ---p 00000000 00:00 0 
7f3ab4644000-7f3ab4744000 rw-p 00000000 00:00 0                          [stack:28777]
7f3ab4744000-7f3ab4747000 ---p 00000000 00:00 0 
7f3ab4747000-7f3ab4845000 rw-p 00000000 00:00 0                          [stack:28776]
7f3ab4845000-7f3ab4848000 ---p 00000000 00:00 0 
7f3ab4848000-7f3ab4946000 rw-p 00000000 00:00 0                          [stack:28775]
7f3ab4946000-7f3ab4949000 ---p 00000000 00:00 0 
7f3ab4949000-7f3ab4a47000 rw-p 00000000 00:00 0                          [stack:28774]
7f3ab4a47000-7f3ab4a4a000 ---p 00000000 00:00 0 
7f3ab4a4a000-7f3ab4b48000 rw-p 00000000 00:00 0                          [stack:28773]
7f3ab4b48000-7f3ab4cd1000 r--p 00000000 08:01 658900                     /usr/lib/locale/locale-archive
7f3ab4cd1000-7f3ab4cd4000 ---p 00000000 00:00 0 
7f3ab4cd4000-7f3ab4dd2000 rw-p 00000000 00:00 0                          [stack:28772]
7f3ab4dd2000-7f3ab4dd5000 ---p 00000000 00:00 0 
7f3ab4dd5000-7f3ab4ed3000 rw-p 00000000 00:00 0                          [stack:28771]
7f3ab4ed3000-7f3ab4ed4000 ---p 00000000 00:00 0 
7f3ab4ed4000-7f3ab598b000 rw-p 00000000 00:00 0                          [stack:28770]
7f3ab598b000-7f3ab5b4a000 r--s 039e5000 08:01 1460565                    /usr/lib/jvm/java-7-oracle/jre/lib/rt.jar
7f3ab5b4a000-7f3ab6047000 rw-p 00000000 00:00 0 
7f3ab6047000-7f3ab6048000 ---p 00000000 00:00 0 
7f3ab6048000-7f3ab6148000 rw-p 00000000 00:00 0                          [stack:28769]
7f3ab6148000-7f3ab6149000 ---p 00000000 00:00 0 
7f3ab6149000-7f3ab6254000 rw-p 00000000 00:00 0                          [stack:28768]
7f3ab6254000-7f3ab6272000 rw-p 00000000 00:00 0 
7f3ab6272000-7f3ab629b000 rw-p 00000000 00:00 0 
7f3ab629b000-7f3ab6504000 rw-p 00000000 00:00 0 
7f3ab6504000-7f3ab650f000 rw-p 00000000 00:00 0 
7f3ab650f000-7f3ab652d000 rw-p 00000000 00:00 0 
7f3ab652d000-7f3ab6556000 rw-p 00000000 00:00 0 
7f3ab6556000-7f3ab67be000 rw-p 00000000 00:00 0 
7f3ab67be000-7f3ab6842000 rw-p 00000000 00:00 0 
7f3ab6842000-7f3ab6907000 rw-p 00000000 00:00 0 
7f3ab6907000-7f3ab6908000 rw-p 00000000 00:00 0 
7f3ab6908000-7f3ab6922000 r-xp 00000000 08:01 1461111                    /usr/lib/jvm/java-7-oracle/jre/lib/amd64/libzip.so
7f3ab6922000-7f3ab6b22000 ---p 0001a000 08:01 1461111                    /usr/lib/jvm/java-7-oracle/jre/lib/amd64/libzip.so
7f3ab6b22000-7f3ab6b23000 rw-p 0001a000 08:01 1461111                    /usr/lib/jvm/java-7-oracle/jre/lib/amd64/libzip.so
7f3ab6b23000-7f3ab6b2e000 r-xp 00000000 08:01 658479                     /usr/lib/libnss_files-2.20.so
7f3ab6b2e000-7f3ab6d2e000 ---p 0000b000 08:01 658479                     /usr/lib/libnss_files-2.20.so
7f3ab6d2e000-7f3ab6d2f000 r--p 0000b000 08:01 658479                     /usr/lib/libnss_files-2.20.so
7f3ab6d2f000-7f3ab6d30000 rw-p 0000c000 08:01 658479                     /usr/lib/libnss_files-2.20.so
7f3ab6d30000-7f3ab6d59000 r-xp 00000000 08:01 1461096                    /usr/lib/jvm/java-7-oracle/jre/lib/amd64/libjava.so
7f3ab6d59000-7f3ab6f59000 ---p 00029000 08:01 1461096                    /usr/lib/jvm/java-7-oracle/jre/lib/amd64/libjava.so
7f3ab6f59000-7f3ab6f5b000 rw-p 00029000 08:01 1461096                    /usr/lib/jvm/java-7-oracle/jre/lib/amd64/libjava.so
7f3ab6f5b000-7f3ab6f68000 r-xp 00000000 08:01 1461066                    /usr/lib/jvm/java-7-oracle/jre/lib/amd64/libverify.so
7f3ab6f68000-7f3ab7167000 ---p 0000d000 08:01 1461066                    /usr/lib/jvm/java-7-oracle/jre/lib/amd64/libverify.so
7f3ab7167000-7f3ab7169000 rw-p 0000c000 08:01 1461066                    /usr/lib/jvm/java-7-oracle/jre/lib/amd64/libverify.so
7f3ab7169000-7f3ab7170000 r-xp 00000000 08:01 658573                     /usr/lib/librt-2.20.so
7f3ab7170000-7f3ab736f000 ---p 00007000 08:01 658573                     /usr/lib/librt-2.20.so
7f3ab736f000-7f3ab7370000 r--p 00006000 08:01 658573                     /usr/lib/librt-2.20.so
7f3ab7370000-7f3ab7371000 rw-p 00007000 08:01 658573                     /usr/lib/librt-2.20.so
7f3ab7371000-7f3ab7474000 r-xp 00000000 08:01 658551                     /usr/lib/libm-2.20.so
7f3ab7474000-7f3ab7674000 ---p 00103000 08:01 658551                     /usr/lib/libm-2.20.so
7f3ab7674000-7f3ab7675000 r--p 00103000 08:01 658551                     /usr/lib/libm-2.20.so
7f3ab7675000-7f3ab7676000 rw-p 00104000 08:01 658551                     /usr/lib/libm-2.20.so
7f3ab7676000-7f3ab81e6000 r-xp 00000000 08:01 1461121                    /usr/lib/jvm/java-7-oracle/jre/lib/amd64/server/libjvm.so
7f3ab81e6000-7f3ab83e5000 ---p 00b70000 08:01 1461121                    /usr/lib/jvm/java-7-oracle/jre/lib/amd64/server/libjvm.so
7f3ab83e5000-7f3ab84aa000 rw-p 00b6f000 08:01 1461121                    /usr/lib/jvm/java-7-oracle/jre/lib/amd64/server/libjvm.so
7f3ab84aa000-7f3ab84ea000 rw-p 00000000 00:00 0 
7f3ab84ea000-7f3ab8683000 r-xp 00000000 08:01 658553                     /usr/lib/libc-2.20.so
7f3ab8683000-7f3ab8883000 ---p 00199000 08:01 658553                     /usr/lib/libc-2.20.so
7f3ab8883000-7f3ab8887000 r--p 00199000 08:01 658553                     /usr/lib/libc-2.20.so
7f3ab8887000-7f3ab8889000 rw-p 0019d000 08:01 658553                     /usr/lib/libc-2.20.so
7f3ab8889000-7f3ab888d000 rw-p 00000000 00:00 0 
7f3ab888d000-7f3ab8890000 r-xp 00000000 08:01 658477                     /usr/lib/libdl-2.20.so
7f3ab8890000-7f3ab8a8f000 ---p 00003000 08:01 658477                     /usr/lib/libdl-2.20.so
7f3ab8a8f000-7f3ab8a90000 r--p 00002000 08:01 658477                     /usr/lib/libdl-2.20.so
7f3ab8a90000-7f3ab8a91000 rw-p 00003000 08:01 658477                     /usr/lib/libdl-2.20.so
7f3ab8a91000-7f3ab8aa7000 r-xp 00000000 08:01 1461125                    /usr/lib/jvm/java-7-oracle/jre/lib/amd64/jli/libjli.so
7f3ab8aa7000-7f3ab8ca7000 ---p 00016000 08:01 1461125                    /usr/lib/jvm/java-7-oracle/jre/lib/amd64/jli/libjli.so
7f3ab8ca7000-7f3ab8ca8000 rw-p 00016000 08:01 1461125                    /usr/lib/jvm/java-7-oracle/jre/lib/amd64/jli/libjli.so
7f3ab8ca8000-7f3ab8cbf000 r-xp 00000000 08:01 658484                     /usr/lib/libpthread-2.20.so
7f3ab8cbf000-7f3ab8ebe000 ---p 00017000 08:01 658484                     /usr/lib/libpthread-2.20.so
7f3ab8ebe000-7f3ab8ebf000 r--p 00016000 08:01 658484                     /usr/lib/libpthread-2.20.so
7f3ab8ebf000-7f3ab8ec0000 rw-p 00017000 08:01 658484                     /usr/lib/libpthread-2.20.so
7f3ab8ec0000-7f3ab8ec4000 rw-p 00000000 00:00 0 
7f3ab8ec4000-7f3ab8ee6000 r-xp 00000000 08:01 658481                     /usr/lib/ld-2.20.so
7f3ab8ee6000-7f3ab8ee7000 r--s 00005000 08:01 6303292                    /home/cblop/Dropbox/Projects/puppetmaster/dist/json-simple-1.1.1.jar
7f3ab8ee7000-7f3ab8eed000 r--s 00033000 08:01 6303278                    /home/cblop/Dropbox/Projects/puppetmaster/dist/commons-codec-1.6.jar
7f3ab8eed000-7f3ab8ef7000 rw-p 00000000 00:00 0 
7f3ab8ef7000-7f3ab8fad000 rw-p 00000000 00:00 0 
7f3ab8fad000-7f3ab8fb0000 ---p 00000000 00:00 0 
7f3ab8fb0000-7f3ab90db000 rw-p 00000000 00:00 0                          [stack:28764]
7f3ab90db000-7f3ab90e3000 rw-s 00000000 00:1d 1104242                    /tmp/hsperfdata_cblop/28762
7f3ab90e3000-7f3ab90e4000 rw-p 00000000 00:00 0 
7f3ab90e4000-7f3ab90e5000 ---p 00000000 00:00 0 
7f3ab90e5000-7f3ab90e6000 r--p 00021000 08:01 658481                     /usr/lib/ld-2.20.so
7f3ab90e6000-7f3ab90e7000 rw-p 00022000 08:01 658481                     /usr/lib/ld-2.20.so
7f3ab90e7000-7f3ab90e8000 rw-p 00000000 00:00 0 
7fffe40f9000-7fffe411a000 rw-p 00000000 00:00 0                          [stack]
7fffe41fc000-7fffe41fe000 r-xp 00000000 00:00 0                          [vdso]
7fffe41fe000-7fffe4200000 r--p 00000000 00:00 0                          [vvar]
ffffffffff600000-ffffffffff601000 r-xp 00000000 00:00 0                  [vsyscall]

VM Arguments:
java_command: edu.bath.puppetmaster.RunShow
Launcher Type: SUN_STANDARD

Environment Variables:
JAVA_HOME=/usr/lib/jvm/default
PATH=/usr/local/sbin:/usr/local/bin:/usr/bin:/usr/bin/core_perl:/home/cblop/bin:/home/cblop/.gem/ruby/2.1.0/bin
SHELL=/bin/zsh
DISPLAY=:0

Signal Handlers:
SIGSEGV: [libjvm.so+0x99f4a0], sa_mask[0]=0x7ffbfeff, sa_flags=0x10000004
SIGBUS: [libjvm.so+0x99f4a0], sa_mask[0]=0x7ffbfeff, sa_flags=0x10000004
SIGFPE: [libjvm.so+0x81a860], sa_mask[0]=0x7ffbfeff, sa_flags=0x10000004
SIGPIPE: [libjvm.so+0x81a860], sa_mask[0]=0x7ffbfeff, sa_flags=0x10000004
SIGXFSZ: [libjvm.so+0x81a860], sa_mask[0]=0x7ffbfeff, sa_flags=0x10000004
SIGILL: [libjvm.so+0x81a860], sa_mask[0]=0x7ffbfeff, sa_flags=0x10000004
SIGUSR1: SIG_DFL, sa_mask[0]=0x00000000, sa_flags=0x00000000
SIGUSR2: [libjvm.so+0x81c060], sa_mask[0]=0x00000004, sa_flags=0x10000004
SIGHUP: [libjvm.so+0x81d160], sa_mask[0]=0x7ffbfeff, sa_flags=0x10000004
SIGINT: [libjvm.so+0x81d160], sa_mask[0]=0x7ffbfeff, sa_flags=0x10000004
SIGTERM: [libjvm.so+0x81d160], sa_mask[0]=0x7ffbfeff, sa_flags=0x10000004
SIGQUIT: [libjvm.so+0x81d160], sa_mask[0]=0x7ffbfeff, sa_flags=0x10000004


---------------  S Y S T E M  ---------------

OS:Linux
uname:Linux 3.16.3-1-ARCH #1 SMP PREEMPT Wed Sep 17 21:54:13 CEST 2014 x86_64
libc:glibc 2.20 NPTL 2.20 
rlimit: STACK 8192k, CORE 0k, NPROC 31521, NOFILE 4096, AS infinity
load average:1.06 0.83 0.64

/proc/meminfo:
MemTotal:        8075044 kB
MemFree:          141836 kB
MemAvailable:     114792 kB
Buffers:            2260 kB
Cached:           582452 kB
SwapCached:            0 kB
Active:          7073120 kB
Inactive:         574532 kB
Active(anon):    7065540 kB
Inactive(anon):   555132 kB
Active(file):       7580 kB
Inactive(file):    19400 kB
Unevictable:           0 kB
Mlocked:               0 kB
SwapTotal:             0 kB
SwapFree:              0 kB
Dirty:                40 kB
Writeback:             0 kB
AnonPages:       7063080 kB
Mapped:            90876 kB
Shmem:            557408 kB
Slab:             122504 kB
SReclaimable:      87864 kB
SUnreclaim:        34640 kB
KernelStack:        8672 kB
PageTables:        43564 kB
NFS_Unstable:          0 kB
Bounce:                0 kB
WritebackTmp:          0 kB
CommitLimit:     4037520 kB
Committed_AS:   14117712 kB
VmallocTotal:   34359738367 kB
VmallocUsed:      365036 kB
VmallocChunk:   34359369488 kB
HardwareCorrupted:     0 kB
AnonHugePages:   4435968 kB
HugePages_Total:       0
HugePages_Free:        0
HugePages_Rsvd:        0
HugePages_Surp:        0
Hugepagesize:       2048 kB
DirectMap4k:      117160 kB
DirectMap2M:     8165376 kB


CPU:total 2 (2 cores per cpu, 1 threads per core) family 6 model 23 stepping 6, cmov, cx8, fxsr, mmx, sse, sse2, sse3, ssse3, sse4.1, tsc

/proc/cpuinfo:
processor	: 0
vendor_id	: GenuineIntel
cpu family	: 6
model		: 23
model name	: Intel(R) Core(TM)2 Duo CPU     L9300  @ 1.60GHz
stepping	: 6
microcode	: 0x60c
cpu MHz		: 1596.156
cache size	: 6144 KB
physical id	: 0
siblings	: 2
core id		: 0
cpu cores	: 2
apicid		: 0
initial apicid	: 0
fpu		: yes
fpu_exception	: yes
cpuid level	: 10
wp		: yes
flags		: fpu vme de pse tsc msr pae mce cx8 apic sep mtrr pge mca cmov pat pse36 clflush dts acpi mmx fxsr sse sse2 ss ht tm pbe syscall nx lm constant_tsc arch_perfmon pebs bts nopl aperfmperf pni dtes64 monitor ds_cpl vmx smx est tm2 ssse3 cx16 xtpr pdcm sse4_1 lahf_lm dtherm tpr_shadow vnmi flexpriority
bogomips	: 3193.32
clflush size	: 64
cache_alignment	: 64
address sizes	: 36 bits physical, 48 bits virtual
power management:

processor	: 1
vendor_id	: GenuineIntel
cpu family	: 6
model		: 23
model name	: Intel(R) Core(TM)2 Duo CPU     L9300  @ 1.60GHz
stepping	: 6
microcode	: 0x60c
cpu MHz		: 1596.156
cache size	: 6144 KB
physical id	: 0
siblings	: 2
core id		: 1
cpu cores	: 2
apicid		: 1
initial apicid	: 1
fpu		: yes
fpu_exception	: yes
cpuid level	: 10
wp		: yes
flags		: fpu vme de pse tsc msr pae mce cx8 apic sep mtrr pge mca cmov pat pse36 clflush dts acpi mmx fxsr sse sse2 ss ht tm pbe syscall nx lm constant_tsc arch_perfmon pebs bts nopl aperfmperf pni dtes64 monitor ds_cpl vmx smx est tm2 ssse3 cx16 xtpr pdcm sse4_1 lahf_lm dtherm tpr_shadow vnmi flexpriority
bogomips	: 3193.32
clflush size	: 64
cache_alignment	: 64
address sizes	: 36 bits physical, 48 bits virtual
power management:



Memory: 4k page, physical 8075044k(141200k free), swap 0k(0k free)

vm_info: Java HotSpot(TM) 64-Bit Server VM (24.65-b04) for linux-amd64 JRE (1.7.0_67-b01), built on Jul 25 2014 09:20:21 by "java_re" with gcc 4.3.0 20080428 (Red Hat 4.3.0-8)

time: Wed Oct  8 10:41:18 2014
elapsed time: 17 seconds

