#
# There is insufficient memory for the Java Runtime Environment to continue.
# Native memory allocation (malloc) failed to allocate 157810688 bytes for committing reserved memory.
# Possible reasons:
#   The system is out of physical RAM or swap space
#   In 32 bit mode, the process size limit was hit
# Possible solutions:
#   Reduce memory load on the system
#   Increase physical memory or swap space
#   Check if swap backing store is full
#   Use 64 bit Java on a 64 bit OS
#   Decrease Java heap size (-Xmx/-Xms)
#   Decrease number of Java threads
#   Decrease Java thread stack sizes (-Xss)
#   Set larger code cache with -XX:ReservedCodeCacheSize=
# This output file may be truncated or incomplete.
#
#  Out of Memory Error (os_linux.cpp:2745), pid=28569, tid=140282003248896
#
# JRE version: Java(TM) SE Runtime Environment (7.0_67-b01) (build 1.7.0_67-b01)
# Java VM: Java HotSpot(TM) 64-Bit Server VM (24.65-b04 mixed mode linux-amd64 compressed oops)
# Failed to write core dump. Core dumps have been disabled. To enable core dumping, try "ulimit -c unlimited" before starting Java again
#

---------------  T H R E A D  ---------------

Current thread (0x00007f95fc064800):  VMThread [stack: 0x00007f95f2e8d000,0x00007f95f2f8e000] [id=28577]

Stack: [0x00007f95f2e8d000,0x00007f95f2f8e000],  sp=0x00007f95f2f8c200,  free space=1020k
Native frames: (J=compiled Java code, j=interpreted, Vv=VM code, C=native code)
V  [libjvm.so+0x99eb8a]  JVM_handle_linux_signal+0x17b36a
V  [libjvm.so+0x49721b]  sem_destroy+0x49721b
V  [libjvm.so+0x81d9ae]  fork1+0x19ee
V  [libjvm.so+0x81def9]  fork1+0x1f39
V  [libjvm.so+0x817caa]  JVM_RaiseSignal+0x188f7a
V  [libjvm.so+0x88a7a3]  JVM_handle_linux_signal+0x66f83
V  [libjvm.so+0x88bb78]  JVM_handle_linux_signal+0x68358
V  [libjvm.so+0x88ace2]  JVM_handle_linux_signal+0x674c2
V  [libjvm.so+0x888133]  JVM_handle_linux_signal+0x64913
V  [libjvm.so+0x8888e1]  JVM_handle_linux_signal+0x650c1
V  [libjvm.so+0x83f510]  JVM_handle_linux_signal+0x1bcf0
V  [libjvm.so+0x9a0417]  JVM_handle_linux_signal+0x17cbf7
V  [libjvm.so+0x9a78b5]  JVM_handle_linux_signal+0x184095
V  [libjvm.so+0x9a5c7a]  JVM_handle_linux_signal+0x18245a
V  [libjvm.so+0x9a5ffe]  JVM_handle_linux_signal+0x1827de
V  [libjvm.so+0x9a6470]  JVM_handle_linux_signal+0x182c50
V  [libjvm.so+0x81f988]  fork1+0x39c8

VM_Operation (0x00007f95d3dfc4c0): ParallelGCFailedAllocation, mode: safepoint, requested by thread 0x00007f95fc095800


---------------  P R O C E S S  ---------------

Java Threads: ( => current thread )
  0x00007f95c4020000 JavaThread "process reaper" daemon [_thread_blocked, id=28640, stack(0x00007f95d3887000,0x00007f95d38c0000)]
  0x00007f95c4004000 JavaThread "process reaper" daemon [_thread_in_native, id=28636, stack(0x00007f95d38c0000,0x00007f95d38f9000)]
  0x00007f95fc009000 JavaThread "DestroyJavaVM" [_thread_blocked, id=28573, stack(0x00007f9601f99000,0x00007f960209a000)]
  0x00007f95fc3a8000 JavaThread "Thread-24" [_thread_blocked, id=28633, stack(0x00007f95d38f9000,0x00007f95d39fa000)]
  0x00007f95fc3a5800 JavaThread "Thread-23" [_thread_blocked, id=28632, stack(0x00007f95d39fa000,0x00007f95d3afb000)]
  0x00007f95fc099800 JavaThread "Thread-22" [_thread_blocked, id=28631, stack(0x00007f95d3afb000,0x00007f95d3bfc000)]
  0x00007f95fc097000 JavaThread "Thread-21" [_thread_blocked, id=28630, stack(0x00007f95d3bfc000,0x00007f95d3cfd000)]
  0x00007f95fc095800 JavaThread "Thread-20" [_thread_blocked, id=28629, stack(0x00007f95d3cfd000,0x00007f95d3dfe000)]
  0x00007f95fc094000 JavaThread "Thread-19" [_thread_in_native, id=28628, stack(0x00007f95d3dfe000,0x00007f95d3eff000)]
  0x00007f95fc3ca800 JavaThread "Thread-18" [_thread_in_native, id=28627, stack(0x00007f95d3eff000,0x00007f95d4000000)]
  0x00007f95bc001800 JavaThread "Smack Listener Processor (7)" daemon [_thread_blocked, id=28620, stack(0x00007f95f0015000,0x00007f95f0116000)]
  0x00007f95fc3c8800 JavaThread "Smack Packet Reader (7)" daemon [_thread_in_native, id=28618, stack(0x00007f95f0116000,0x00007f95f0217000)]
  0x00007f95fc3c6800 JavaThread "Smack Packet Writer (7)" daemon [_thread_blocked, id=28617, stack(0x00007f95f0217000,0x00007f95f0318000)]
  0x00007f95b8001800 JavaThread "Smack Listener Processor (6)" daemon [_thread_blocked, id=28616, stack(0x00007f95f0318000,0x00007f95f0419000)]
  0x00007f95fc19e800 JavaThread "Smack Packet Reader (6)" daemon [_thread_in_native, id=28615, stack(0x00007f95f0419000,0x00007f95f051a000)]
  0x00007f95fc19d800 JavaThread "Smack Packet Writer (6)" daemon [_thread_blocked, id=28614, stack(0x00007f95f051a000,0x00007f95f061b000)]
  0x00007f95ec001000 JavaThread "Smack Listener Processor (5)" daemon [_thread_blocked, id=28610, stack(0x00007f95f061b000,0x00007f95f071c000)]
  0x00007f95fc3b4800 JavaThread "Smack Packet Reader (5)" daemon [_thread_in_native, id=28609, stack(0x00007f95f071c000,0x00007f95f081d000)]
  0x00007f95fc3b3000 JavaThread "Smack Packet Writer (5)" daemon [_thread_blocked, id=28608, stack(0x00007f95f081d000,0x00007f95f091e000)]
  0x00007f95dc006800 JavaThread "Smack Listener Processor (4)" daemon [_thread_blocked, id=28607, stack(0x00007f95f091e000,0x00007f95f0a1f000)]
  0x00007f95fc3b1000 JavaThread "Smack Packet Reader (4)" daemon [_thread_in_native, id=28606, stack(0x00007f95f0a1f000,0x00007f95f0b20000)]
  0x00007f95fc3af800 JavaThread "Smack Packet Writer (4)" daemon [_thread_blocked, id=28605, stack(0x00007f95f0b20000,0x00007f95f0c21000)]
  0x00007f95d81ba800 JavaThread "Smack Listener Processor (3)" daemon [_thread_blocked, id=28604, stack(0x00007f95f0c21000,0x00007f95f0d22000)]
  0x00007f95fc3ae000 JavaThread "Smack Packet Reader (3)" daemon [_thread_in_native, id=28603, stack(0x00007f95f0d22000,0x00007f95f0e23000)]
  0x00007f95fc497000 JavaThread "Smack Packet Writer (3)" daemon [_thread_blocked, id=28602, stack(0x00007f95f0e23000,0x00007f95f0f24000)]
  0x00007f95c8001000 JavaThread "Smack Listener Processor (2)" daemon [_thread_blocked, id=28598, stack(0x00007f95f0f24000,0x00007f95f1025000)]
  0x00007f95fc452800 JavaThread "Smack Packet Reader (2)" daemon [_thread_in_native, id=28597, stack(0x00007f95f1025000,0x00007f95f1126000)]
  0x00007f95fc440800 JavaThread "Smack Packet Writer (2)" daemon [_thread_blocked, id=28596, stack(0x00007f95f1126000,0x00007f95f1227000)]
  0x00007f95b4002000 JavaThread "Smack Listener Processor (1)" daemon [_thread_blocked, id=28595, stack(0x00007f95f1227000,0x00007f95f1328000)]
  0x00007f95fc44a000 JavaThread "Smack Packet Reader (1)" daemon [_thread_in_native, id=28594, stack(0x00007f95f1328000,0x00007f95f1429000)]
  0x00007f95fc444800 JavaThread "Smack Packet Writer (1)" daemon [_thread_blocked, id=28593, stack(0x00007f95f1429000,0x00007f95f152a000)]
  0x00007f95fc345000 JavaThread "MongoCleaner1430502748" daemon [_thread_blocked, id=28592, stack(0x00007f95f152a000,0x00007f95f162b000)]
  0x00007f95c0003000 JavaThread "Smack Listener Processor (0)" daemon [_thread_blocked, id=28591, stack(0x00007f95f1833000,0x00007f95f1934000)]
  0x00007f95fc2dd000 JavaThread "Smack Keepalive" daemon [_thread_blocked, id=28590, stack(0x00007f95f1dcd000,0x00007f95f1ece000)]
  0x00007f95fc2d9000 JavaThread "Smack Packet Reader (0)" daemon [_thread_in_native, id=28589, stack(0x00007f95f1ece000,0x00007f95f1fcf000)]
  0x00007f95fc2d7000 JavaThread "Smack Packet Writer (0)" daemon [_thread_blocked, id=28588, stack(0x00007f95f1fcf000,0x00007f95f20d0000)]
  0x00007f95fc091800 JavaThread "Service Thread" daemon [_thread_blocked, id=28586, stack(0x00007f95f26fe000,0x00007f95f27ff000)]
  0x00007f95fc08f000 JavaThread "C2 CompilerThread1" daemon [_thread_blocked, id=28585, stack(0x00007f95f27ff000,0x00007f95f2900000)]
  0x00007f95fc08c000 JavaThread "C2 CompilerThread0" daemon [_thread_blocked, id=28584, stack(0x00007f95f2900000,0x00007f95f2a01000)]
  0x00007f95fc08a800 JavaThread "Signal Dispatcher" daemon [_thread_blocked, id=28583, stack(0x00007f95f2a01000,0x00007f95f2b02000)]
  0x00007f95fc06a800 JavaThread "Finalizer" daemon [_thread_blocked, id=28579, stack(0x00007f95f2c8b000,0x00007f95f2d8c000)]
  0x00007f95fc068800 JavaThread "Reference Handler" daemon [_thread_blocked, id=28578, stack(0x00007f95f2d8c000,0x00007f95f2e8d000)]

Other Threads:
=>0x00007f95fc064800 VMThread [stack: 0x00007f95f2e8d000,0x00007f95f2f8e000] [id=28577]
  0x00007f95fc0a4000 WatcherThread [stack: 0x00007f95f25fd000,0x00007f95f26fe000] [id=28587]

VM state:at safepoint (normal execution)

VM Mutex/Monitor currently owned by a thread:  ([mutex/lock_event])
[0x00007f95fc006dd0] Threads_lock - owner thread: 0x00007f95fc064800
[0x00007f95fc0072d0] Heap_lock - owner thread: 0x00007f95fc095800

Heap
 PSYoungGen      total 264704K, used 176K [0x00000007d6e80000, 0x00000007e7880000, 0x0000000800000000)
  eden space 257536K, 0% used [0x00000007d6e80000,0x00000007d6e80000,0x00000007e6a00000)
  from space 7168K, 2% used [0x00000007e6a00000,0x00000007e6a2c010,0x00000007e7100000)
  to   space 6656K, 0% used [0x00000007e7100000,0x00000007e7100000,0x00000007e7780000)
 ParOldGen       total 83968K, used 4527K [0x0000000784c00000, 0x0000000789e00000, 0x00000007d6e80000)
  object space 83968K, 5% used [0x0000000784c00000,0x000000078506be48,0x0000000789e00000)
 PSPermGen       total 21504K, used 12454K [0x000000077fa00000, 0x0000000780f00000, 0x0000000784c00000)
  object space 21504K, 57% used [0x000000077fa00000,0x00000007806298b8,0x0000000780f00000)

Card table byte_map: [0x00007f95f839b000,0x00007f95f879f000] byte_map_base: 0x00007f95f479e000

Polling page: 0x00007f96020d0000

Code Cache  [0x00007f95f879f000, 0x00007f95f8a0f000, 0x00007f95fb79f000)
 total_blobs=526 nmethods=228 adapters=252 free_code_cache=48176Kb largest_free_block=49304128

Compilation events (10 events):
Event: 16.183 Thread 0x00007f95fc08c000 nmethod 230 0x00007f95f888cd90 code [0x00007f95f888cec0, 0x00007f95f888cf38]
Event: 16.183 Thread 0x00007f95fc08c000  231             jason.architecture.AgArch::reasoningCycleStarting (38 bytes)
Event: 16.190 Thread 0x00007f95fc08c000 nmethod 231 0x00007f95f888ca50 code [0x00007f95f888cba0, 0x00007f95f888cc78]
Event: 16.190 Thread 0x00007f95fc08c000  232 % !         edu.bath.puppetmaster.BsfAgent::run @ 0 (43 bytes)
Event: 16.191 Thread 0x00007f95fc08f000 nmethod 225 0x00007f95f8897410 code [0x00007f95f8897620, 0x00007f95f8897cb0]
Event: 16.198 Thread 0x00007f95fc08c000 nmethod 232% 0x00007f95f88911d0 code [0x00007f95f8891340, 0x00007f95f88914d8]
Event: 16.680 Thread 0x00007f95fc08f000  233             java.util.regex.Pattern$Curly::match0 (174 bytes)
Event: 16.714 Thread 0x00007f95fc08f000 nmethod 233 0x00007f95f8898750 code [0x00007f95f8898960, 0x00007f95f88993d0]
Event: 17.409 Thread 0x00007f95fc08c000  234 %           java.util.regex.Matcher::search @ 46 (109 bytes)
Event: 17.425 Thread 0x00007f95fc08c000 nmethod 234% 0x00007f95f8885c90 code [0x00007f95f8885e00, 0x00007f95f8886018]

GC Heap History (10 events):
Event: 16.352 GC heap after
Heap after GC invocations=4 (full 0):
 PSYoungGen      total 69632K, used 4464K [0x00000007d6e80000, 0x00000007db780000, 0x0000000800000000)
  eden space 64512K, 0% used [0x00000007d6e80000,0x00000007d6e80000,0x00000007dad80000)
  from space 5120K, 87% used [0x00000007db280000,0x00000007db6dc1a0,0x00000007db780000)
  to   space 5120K, 0% used [0x00000007dad80000,0x00000007dad80000,0x00000007db280000)
 ParOldGen       total 83968K, used 180K [0x0000000784c00000, 0x0000000789e00000, 0x00000007d6e80000)
  object space 83968K, 0% used [0x0000000784c00000,0x0000000784c2d108,0x0000000789e00000)
 PSPermGen       total 21504K, used 12307K [0x000000077fa00000, 0x0000000780f00000, 0x0000000784c00000)
  object space 21504K, 57% used [0x000000077fa00000,0x0000000780604df0,0x0000000780f00000)
}
Event: 16.496 GC heap before
{Heap before GC invocations=5 (full 0):
 PSYoungGen      total 69632K, used 68976K [0x00000007d6e80000, 0x00000007db780000, 0x0000000800000000)
  eden space 64512K, 100% used [0x00000007d6e80000,0x00000007dad80000,0x00000007dad80000)
  from space 5120K, 87% used [0x00000007db280000,0x00000007db6dc1a0,0x00000007db780000)
  to   space 5120K, 0% used [0x00000007dad80000,0x00000007dad80000,0x00000007db280000)
 ParOldGen       total 83968K, used 180K [0x0000000784c00000, 0x0000000789e00000, 0x00000007d6e80000)
  object space 83968K, 0% used [0x0000000784c00000,0x0000000784c2d108,0x0000000789e00000)
 PSPermGen       total 21504K, used 12307K [0x000000077fa00000, 0x0000000780f00000, 0x0000000784c00000)
  object space 21504K, 57% used [0x000000077fa00000,0x0000000780604df0,0x0000000780f00000)
Event: 16.517 GC heap after
Heap after GC invocations=5 (full 0):
 PSYoungGen      total 69632K, used 4480K [0x00000007d6e80000, 0x00000007df780000, 0x0000000800000000)
  eden space 64512K, 0% used [0x00000007d6e80000,0x00000007d6e80000,0x00000007dad80000)
  from space 5120K, 87% used [0x00000007dad80000,0x00000007db1e01b0,0x00000007db280000)
  to   space 5632K, 0% used [0x00000007df200000,0x00000007df200000,0x00000007df780000)
 ParOldGen       total 83968K, used 180K [0x0000000784c00000, 0x0000000789e00000, 0x00000007d6e80000)
  object space 83968K, 0% used [0x0000000784c00000,0x0000000784c2d108,0x0000000789e00000)
 PSPermGen       total 21504K, used 12307K [0x000000077fa00000, 0x0000000780f00000, 0x0000000784c00000)
  object space 21504K, 57% used [0x000000077fa00000,0x0000000780604df0,0x0000000780f00000)
}
Event: 16.622 GC heap before
{Heap before GC invocations=6 (full 0):
 PSYoungGen      total 69632K, used 68992K [0x00000007d6e80000, 0x00000007df780000, 0x0000000800000000)
  eden space 64512K, 100% used [0x00000007d6e80000,0x00000007dad80000,0x00000007dad80000)
  from space 5120K, 87% used [0x00000007dad80000,0x00000007db1e01b0,0x00000007db280000)
  to   space 5632K, 0% used [0x00000007df200000,0x00000007df200000,0x00000007df780000)
 ParOldGen       total 83968K, used 180K [0x0000000784c00000, 0x0000000789e00000, 0x00000007d6e80000)
  object space 83968K, 0% used [0x0000000784c00000,0x0000000784c2d108,0x0000000789e00000)
 PSPermGen       total 21504K, used 12437K [0x000000077fa00000, 0x0000000780f00000, 0x0000000784c00000)
  object space 21504K, 57% used [0x000000077fa00000,0x0000000780625580,0x0000000780f00000)
Event: 16.651 GC heap after
Heap after GC invocations=6 (full 0):
 PSYoungGen      total 134656K, used 4432K [0x00000007d6e80000, 0x00000007df780000, 0x0000000800000000)
  eden space 129024K, 0% used [0x00000007d6e80000,0x00000007d6e80000,0x00000007dec80000)
  from space 5632K, 78% used [0x00000007df200000,0x00000007df654180,0x00000007df780000)
  to   space 5632K, 0% used [0x00000007dec80000,0x00000007dec80000,0x00000007df200000)
 ParOldGen       total 83968K, used 180K [0x0000000784c00000, 0x0000000789e00000, 0x00000007d6e80000)
  object space 83968K, 0% used [0x0000000784c00000,0x0000000784c2d108,0x0000000789e00000)
 PSPermGen       total 21504K, used 12437K [0x000000077fa00000, 0x0000000780f00000, 0x0000000784c00000)
  object space 21504K, 57% used [0x000000077fa00000,0x0000000780625580,0x0000000780f00000)
}
Event: 16.938 GC heap before
{Heap before GC invocations=7 (full 0):
 PSYoungGen      total 134656K, used 133456K [0x00000007d6e80000, 0x00000007df780000, 0x0000000800000000)
  eden space 129024K, 100% used [0x00000007d6e80000,0x00000007dec80000,0x00000007dec80000)
  from space 5632K, 78% used [0x00000007df200000,0x00000007df654180,0x00000007df780000)
  to   space 5632K, 0% used [0x00000007dec80000,0x00000007dec80000,0x00000007df200000)
 ParOldGen       total 83968K, used 180K [0x0000000784c00000, 0x0000000789e00000, 0x00000007d6e80000)
  object space 83968K, 0% used [0x0000000784c00000,0x0000000784c2d108,0x0000000789e00000)
 PSPermGen       total 21504K, used 12451K [0x000000077fa00000, 0x0000000780f00000, 0x0000000784c00000)
  object space 21504K, 57% used [0x000000077fa00000,0x0000000780628ff8,0x0000000780f00000)
Event: 17.030 GC heap after
Heap after GC invocations=7 (full 0):
 PSYoungGen      total 134656K, used 160K [0x00000007d6e80000, 0x00000007e7780000, 0x0000000800000000)
  eden space 129024K, 0% used [0x00000007d6e80000,0x00000007d6e80000,0x00000007dec80000)
  from space 5632K, 2% used [0x00000007dec80000,0x00000007deca8020,0x00000007df200000)
  to   space 6656K, 0% used [0x00000007e7100000,0x00000007e7100000,0x00000007e7780000)
 ParOldGen       total 83968K, used 4503K [0x0000000784c00000, 0x0000000789e00000, 0x00000007d6e80000)
  object space 83968K, 5% used [0x0000000784c00000,0x0000000785065e48,0x0000000789e00000)
 PSPermGen       total 21504K, used 12451K [0x000000077fa00000, 0x0000000780f00000, 0x0000000784c00000)
  object space 21504K, 57% used [0x000000077fa00000,0x0000000780628ff8,0x0000000780f00000)
}
Event: 17.137 GC heap before
{Heap before GC invocations=8 (full 0):
 PSYoungGen      total 134656K, used 129184K [0x00000007d6e80000, 0x00000007e7780000, 0x0000000800000000)
  eden space 129024K, 100% used [0x00000007d6e80000,0x00000007dec80000,0x00000007dec80000)
  from space 5632K, 2% used [0x00000007dec80000,0x00000007deca8020,0x00000007df200000)
  to   space 6656K, 0% used [0x00000007e7100000,0x00000007e7100000,0x00000007e7780000)
 ParOldGen       total 83968K, used 4503K [0x0000000784c00000, 0x0000000789e00000, 0x00000007d6e80000)
  object space 83968K, 5% used [0x0000000784c00000,0x0000000785065e48,0x0000000789e00000)
 PSPermGen       total 21504K, used 12451K [0x000000077fa00000, 0x0000000780f00000, 0x0000000784c00000)
  object space 21504K, 57% used [0x000000077fa00000,0x0000000780628ff8,0x0000000780f00000)
Event: 17.286 GC heap after
Heap after GC invocations=8 (full 0):
 PSYoungGen      total 264192K, used 160K [0x00000007d6e80000, 0x00000007e7880000, 0x0000000800000000)
  eden space 257536K, 0% used [0x00000007d6e80000,0x00000007d6e80000,0x00000007e6a00000)
  from space 6656K, 2% used [0x00000007e7100000,0x00000007e7128020,0x00000007e7780000)
  to   space 7168K, 0% used [0x00000007e6a00000,0x00000007e6a00000,0x00000007e7100000)
 ParOldGen       total 83968K, used 4503K [0x0000000784c00000, 0x0000000789e00000, 0x00000007d6e80000)
  object space 83968K, 5% used [0x0000000784c00000,0x0000000785065e48,0x0000000789e00000)
 PSPermGen       total 21504K, used 12451K [0x000000077fa00000, 0x0000000780f00000, 0x0000000784c00000)
  object space 21504K, 57% used [0x000000077fa00000,0x0000000780628ff8,0x0000000780f00000)
}
Event: 17.820 GC heap before
{Heap before GC invocations=9 (full 0):
 PSYoungGen      total 264192K, used 257696K [0x00000007d6e80000, 0x00000007e7880000, 0x0000000800000000)
  eden space 257536K, 100% used [0x00000007d6e80000,0x00000007e6a00000,0x00000007e6a00000)
  from space 6656K, 2% used [0x00000007e7100000,0x00000007e7128020,0x00000007e7780000)
  to   space 7168K, 0% used [0x00000007e6a00000,0x00000007e6a00000,0x00000007e7100000)
 ParOldGen       total 83968K, used 4503K [0x0000000784c00000, 0x0000000789e00000, 0x00000007d6e80000)
  object space 83968K, 5% used [0x0000000784c00000,0x0000000785065e48,0x0000000789e00000)
 PSPermGen       total 21504K, used 12454K [0x000000077fa00000, 0x0000000780f00000, 0x0000000784c00000)
  object space 21504K, 57% used [0x000000077fa00000,0x00000007806298b8,0x0000000780f00000)

Deoptimization events (10 events):
Event: 16.674 Thread 0x00007f95fc3ca800 Uncommon trap: reason=class_check action=maybe_recompile pc=0x00007f95f88771c8 method=java.lang.Character.codePointAt(Ljava/lang/CharSequence;I)I @ 5
Event: 16.674 Thread 0x00007f95fc3ca800 Uncommon trap: reason=bimorphic action=maybe_recompile pc=0x00007f95f885c338 method=java.util.regex.Matcher.search(I)Z @ 86
Event: 16.674 Thread 0x00007f95fc3ca800 Uncommon trap: reason=bimorphic action=maybe_recompile pc=0x00007f95f885c338 method=java.util.regex.Matcher.search(I)Z @ 86
Event: 16.674 Thread 0x00007f95fc3ca800 Uncommon trap: reason=bimorphic action=maybe_recompile pc=0x00007f95f885c2cc method=java.util.regex.Pattern$Start.match(Ljava/util/regex/Matcher;ILjava/lang/CharSequence;)Z @ 44
Event: 16.674 Thread 0x00007f95fc3ca800 Uncommon trap: reason=class_check action=maybe_recompile pc=0x00007f95f8845fe0 method=java.util.regex.Pattern$Curly.match0(Ljava/util/regex/Matcher;IILjava/lang/CharSequence;)Z @ 31
Event: 16.675 Thread 0x00007f95fc3ca800 Uncommon trap: reason=bimorphic action=maybe_recompile pc=0x00007f95f885c338 method=java.util.regex.Matcher.search(I)Z @ 86
Event: 16.675 Thread 0x00007f95fc3ca800 Uncommon trap: reason=bimorphic action=maybe_recompile pc=0x00007f95f885c338 method=java.util.regex.Matcher.search(I)Z @ 86
Event: 16.675 Thread 0x00007f95fc3ca800 Uncommon trap: reason=class_check action=maybe_recompile pc=0x00007f95f8845fe0 method=java.util.regex.Pattern$Curly.match0(Ljava/util/regex/Matcher;IILjava/lang/CharSequence;)Z @ 31
Event: 16.675 Thread 0x00007f95fc3ca800 Uncommon trap: reason=class_check action=maybe_recompile pc=0x00007f95f8845fe0 method=java.util.regex.Pattern$Curly.match0(Ljava/util/regex/Matcher;IILjava/lang/CharSequence;)Z @ 31
Event: 16.697 Thread 0x00007f95fc3ca800 Uncommon trap: reason=unreached action=reinterpret pc=0x00007f95f8887510 method=java.util.HashMap$HashIterator.hasNext()Z @ 4

Internal exceptions (10 events):
Event: 15.302 Thread 0x00007f95fc095800 Threw 0x00000007d8385d00 at /HUDSON/workspace/7u-2-build-linux-amd64/jdk7u67/1368/hotspot/src/share/vm/prims/jvm.cpp:1244
Event: 15.305 Thread 0x00007f95fc095800 Threw 0x00000007d838a600 at /HUDSON/workspace/7u-2-build-linux-amd64/jdk7u67/1368/hotspot/src/share/vm/prims/jvm.cpp:1244
Event: 15.305 Thread 0x00007f95fc009000 Threw 0x00000007d82ccd10 at /HUDSON/workspace/7u-2-build-linux-amd64/jdk7u67/1368/hotspot/src/share/vm/prims/jvm.cpp:1244
Event: 15.308 Thread 0x00007f95fc095800 Threw 0x00000007d83c3518 at /HUDSON/workspace/7u-2-build-linux-amd64/jdk7u67/1368/hotspot/src/share/vm/prims/jvm.cpp:1244
Event: 15.313 Thread 0x00007f95fc099800 Threw 0x00000007d83acdb0 at /HUDSON/workspace/7u-2-build-linux-amd64/jdk7u67/1368/hotspot/src/share/vm/prims/jvm.cpp:1244
Event: 15.318 Thread 0x00007f95fc3ae000 Threw 0x00000007d735b238 at /HUDSON/workspace/7u-2-build-linux-amd64/jdk7u67/1368/hotspot/src/share/vm/prims/jvm.cpp:1244
Event: 15.320 Thread 0x00007f95fc3ae000 Threw 0x00000007d83dc120 at /HUDSON/workspace/7u-2-build-linux-amd64/jdk7u67/1368/hotspot/src/share/vm/prims/jvm.cpp:1244
Event: 15.324 Thread 0x00007f95fc3b1000 Threw 0x00000007d7749dd8 at /HUDSON/workspace/7u-2-build-linux-amd64/jdk7u67/1368/hotspot/src/share/vm/prims/jvm.cpp:1244
Event: 15.339 Thread 0x00007f95fc097000 Threw 0x00000007d839d5b0 at /HUDSON/workspace/7u-2-build-linux-amd64/jdk7u67/1368/hotspot/src/share/vm/prims/jvm.cpp:1244
Event: 15.340 Thread 0x00007f95fc097000 Threw 0x00000007d83a0a20 at /HUDSON/workspace/7u-2-build-linux-amd64/jdk7u67/1368/hotspot/src/share/vm/prims/jvm.cpp:1244

Events (10 events):
Event: 17.403 loading class 0x00007f95cc20a530 done
Event: 17.403 Executing VM operation: RevokeBias
Event: 17.404 Executing VM operation: RevokeBias done
Event: 17.405 Executing VM operation: RevokeBias
Event: 17.407 Executing VM operation: RevokeBias done
Event: 17.407 Executing VM operation: RevokeBias
Event: 17.407 Executing VM operation: RevokeBias done
Event: 17.407 Executing VM operation: RevokeBias
Event: 17.407 Executing VM operation: RevokeBias done
Event: 17.780 Executing VM operation: ParallelGCFailedAllocation


Dynamic libraries:
00400000-00401000 r-xp 00000000 08:01 1460541                            /usr/lib/jvm/java-7-oracle/jre/bin/java
00600000-00601000 rw-p 00000000 08:01 1460541                            /usr/lib/jvm/java-7-oracle/jre/bin/java
01eef000-01f10000 rw-p 00000000 00:00 0                                  [heap]
77fa00000-780f00000 rw-p 00000000 00:00 0 
780f00000-784c00000 rw-p 00000000 00:00 0 
784c00000-789e00000 rw-p 00000000 00:00 0 
789e00000-7d6e80000 rw-p 00000000 00:00 0 
7d6e80000-7e7880000 rw-p 00000000 00:00 0 
7f0f00000-800000000 rw-p 00000000 00:00 0 
7f95b4000000-7f95b4021000 rw-p 00000000 00:00 0 
7f95b4021000-7f95b8000000 ---p 00000000 00:00 0 
7f95b8000000-7f95b8049000 rw-p 00000000 00:00 0 
7f95b8049000-7f95bc000000 ---p 00000000 00:00 0 
7f95bc000000-7f95bc021000 rw-p 00000000 00:00 0 
7f95bc021000-7f95c0000000 ---p 00000000 00:00 0 
7f95c0000000-7f95c002d000 rw-p 00000000 00:00 0 
7f95c002d000-7f95c4000000 ---p 00000000 00:00 0 
7f95c4000000-7f95c407c000 rw-p 00000000 00:00 0 
7f95c407c000-7f95c8000000 ---p 00000000 00:00 0 
7f95c8000000-7f95c8021000 rw-p 00000000 00:00 0 
7f95c8021000-7f95cc000000 ---p 00000000 00:00 0 
7f95cc000000-7f95cc7ee000 rw-p 00000000 00:00 0 
7f95cc7ee000-7f95d0000000 ---p 00000000 00:00 0 
7f95d3887000-7f95d388a000 ---p 00000000 00:00 0 
7f95d388a000-7f95d38c0000 rw-p 00000000 00:00 0                          [stack:28640]
7f95d38c0000-7f95d38c3000 ---p 00000000 00:00 0 
7f95d38c3000-7f95d38f9000 rw-p 00000000 00:00 0                          [stack:28636]
7f95d38f9000-7f95d38fc000 ---p 00000000 00:00 0 
7f95d38fc000-7f95d39fa000 rw-p 00000000 00:00 0                          [stack:28633]
7f95d39fa000-7f95d39fd000 ---p 00000000 00:00 0 
7f95d39fd000-7f95d3afb000 rw-p 00000000 00:00 0                          [stack:28632]
7f95d3afb000-7f95d3afe000 ---p 00000000 00:00 0 
7f95d3afe000-7f95d3bfc000 rw-p 00000000 00:00 0                          [stack:28631]
7f95d3bfc000-7f95d3bff000 ---p 00000000 00:00 0 
7f95d3bff000-7f95d3cfd000 rw-p 00000000 00:00 0                          [stack:28630]
7f95d3cfd000-7f95d3d00000 ---p 00000000 00:00 0 
7f95d3d00000-7f95d3dfe000 rw-p 00000000 00:00 0                          [stack:28629]
7f95d3dfe000-7f95d3e01000 ---p 00000000 00:00 0 
7f95d3e01000-7f95d3eff000 rw-p 00000000 00:00 0                          [stack:28628]
7f95d3eff000-7f95d3f02000 ---p 00000000 00:00 0 
7f95d3f02000-7f95d4000000 rw-p 00000000 00:00 0                          [stack:28627]
7f95d4000000-7f95d4021000 rw-p 00000000 00:00 0 
7f95d4021000-7f95d8000000 ---p 00000000 00:00 0 
7f95d8000000-7f95d87ee000 rw-p 00000000 00:00 0 
7f95d87ee000-7f95dc000000 ---p 00000000 00:00 0 
7f95dc000000-7f95dc021000 rw-p 00000000 00:00 0 
7f95dc021000-7f95e0000000 ---p 00000000 00:00 0 
7f95e0000000-7f95e0021000 rw-p 00000000 00:00 0 
7f95e0021000-7f95e4000000 ---p 00000000 00:00 0 
7f95e4000000-7f95e4021000 rw-p 00000000 00:00 0 
7f95e4021000-7f95e8000000 ---p 00000000 00:00 0 
7f95e8000000-7f95e8021000 rw-p 00000000 00:00 0 
7f95e8021000-7f95ec000000 ---p 00000000 00:00 0 
7f95ec000000-7f95ec021000 rw-p 00000000 00:00 0 
7f95ec021000-7f95f0000000 ---p 00000000 00:00 0 
7f95f0015000-7f95f0018000 ---p 00000000 00:00 0 
7f95f0018000-7f95f0116000 rw-p 00000000 00:00 0                          [stack:28620]
7f95f0116000-7f95f0119000 ---p 00000000 00:00 0 
7f95f0119000-7f95f0217000 rw-p 00000000 00:00 0                          [stack:28618]
7f95f0217000-7f95f021a000 ---p 00000000 00:00 0 
7f95f021a000-7f95f0318000 rw-p 00000000 00:00 0                          [stack:28617]
7f95f0318000-7f95f031b000 ---p 00000000 00:00 0 
7f95f031b000-7f95f0419000 rw-p 00000000 00:00 0                          [stack:28616]
7f95f0419000-7f95f041c000 ---p 00000000 00:00 0 
7f95f041c000-7f95f051a000 rw-p 00000000 00:00 0                          [stack:28615]
7f95f051a000-7f95f051d000 ---p 00000000 00:00 0 
7f95f051d000-7f95f061b000 rw-p 00000000 00:00 0                          [stack:28614]
7f95f061b000-7f95f061e000 ---p 00000000 00:00 0 
7f95f061e000-7f95f071c000 rw-p 00000000 00:00 0                          [stack:28610]
7f95f071c000-7f95f071f000 ---p 00000000 00:00 0 
7f95f071f000-7f95f081d000 rw-p 00000000 00:00 0                          [stack:28609]
7f95f081d000-7f95f0820000 ---p 00000000 00:00 0 
7f95f0820000-7f95f091e000 rw-p 00000000 00:00 0                          [stack:28608]
7f95f091e000-7f95f0921000 ---p 00000000 00:00 0 
7f95f0921000-7f95f0a1f000 rw-p 00000000 00:00 0                          [stack:28607]
7f95f0a1f000-7f95f0a22000 ---p 00000000 00:00 0 
7f95f0a22000-7f95f0b20000 rw-p 00000000 00:00 0                          [stack:28606]
7f95f0b20000-7f95f0b23000 ---p 00000000 00:00 0 
7f95f0b23000-7f95f0c21000 rw-p 00000000 00:00 0                          [stack:28605]
7f95f0c21000-7f95f0c24000 ---p 00000000 00:00 0 
7f95f0c24000-7f95f0d22000 rw-p 00000000 00:00 0                          [stack:28604]
7f95f0d22000-7f95f0d25000 ---p 00000000 00:00 0 
7f95f0d25000-7f95f0e23000 rw-p 00000000 00:00 0                          [stack:28603]
7f95f0e23000-7f95f0e26000 ---p 00000000 00:00 0 
7f95f0e26000-7f95f0f24000 rw-p 00000000 00:00 0                          [stack:28602]
7f95f0f24000-7f95f0f27000 ---p 00000000 00:00 0 
7f95f0f27000-7f95f1025000 rw-p 00000000 00:00 0                          [stack:28598]
7f95f1025000-7f95f1028000 ---p 00000000 00:00 0 
7f95f1028000-7f95f1126000 rw-p 00000000 00:00 0                          [stack:28597]
7f95f1126000-7f95f1129000 ---p 00000000 00:00 0 
7f95f1129000-7f95f1227000 rw-p 00000000 00:00 0                          [stack:28596]
7f95f1227000-7f95f122a000 ---p 00000000 00:00 0 
7f95f122a000-7f95f1328000 rw-p 00000000 00:00 0                          [stack:28595]
7f95f1328000-7f95f132b000 ---p 00000000 00:00 0 
7f95f132b000-7f95f1429000 rw-p 00000000 00:00 0                          [stack:28594]
7f95f1429000-7f95f142c000 ---p 00000000 00:00 0 
7f95f142c000-7f95f152a000 rw-p 00000000 00:00 0                          [stack:28593]
7f95f152a000-7f95f152d000 ---p 00000000 00:00 0 
7f95f152d000-7f95f162b000 rw-p 00000000 00:00 0                          [stack:28592]
7f95f162b000-7f95f1633000 r-xp 00000000 08:01 1461110                    /usr/lib/jvm/java-7-oracle/jre/lib/amd64/libmanagement.so
7f95f1633000-7f95f1832000 ---p 00008000 08:01 1461110                    /usr/lib/jvm/java-7-oracle/jre/lib/amd64/libmanagement.so
7f95f1832000-7f95f1833000 rw-p 00007000 08:01 1461110                    /usr/lib/jvm/java-7-oracle/jre/lib/amd64/libmanagement.so
7f95f1833000-7f95f1836000 ---p 00000000 00:00 0 
7f95f1836000-7f95f1934000 rw-p 00000000 00:00 0                          [stack:28591]
7f95f1934000-7f95f194a000 r-xp 00000000 08:01 658924                     /usr/lib/libgcc_s.so.1
7f95f194a000-7f95f1b49000 ---p 00016000 08:01 658924                     /usr/lib/libgcc_s.so.1
7f95f1b49000-7f95f1b4a000 rw-p 00015000 08:01 658924                     /usr/lib/libgcc_s.so.1
7f95f1b77000-7f95f1b78000 rw-p 00000000 00:00 0 
7f95f1b78000-7f95f1b7c000 r--s 0002d000 08:01 1460591                    /usr/lib/jvm/java-7-oracle/jre/lib/ext/sunjce_provider.jar
7f95f1b7c000-7f95f1bae000 r-xp 00000000 08:01 1461080                    /usr/lib/jvm/java-7-oracle/jre/lib/amd64/libsunec.so
7f95f1bae000-7f95f1dad000 ---p 00032000 08:01 1461080                    /usr/lib/jvm/java-7-oracle/jre/lib/amd64/libsunec.so
7f95f1dad000-7f95f1db3000 rw-p 00031000 08:01 1461080                    /usr/lib/jvm/java-7-oracle/jre/lib/amd64/libsunec.so
7f95f1db3000-7f95f1dc3000 rw-p 00000000 00:00 0 
7f95f1dc3000-7f95f1dc4000 r--s 00003000 08:01 1460592                    /usr/lib/jvm/java-7-oracle/jre/lib/ext/sunec.jar
7f95f1dc4000-7f95f1dc7000 r--s 00037000 08:01 1460595                    /usr/lib/jvm/java-7-oracle/jre/lib/ext/sunpkcs11.jar
7f95f1dc7000-7f95f1dc9000 r--s 00019000 08:01 1460583                    /usr/lib/jvm/java-7-oracle/jre/lib/jce.jar
7f95f1dc9000-7f95f1dcd000 r--s 0008a000 08:01 1460558                    /usr/lib/jvm/java-7-oracle/jre/lib/jsse.jar
7f95f1dcd000-7f95f1dd0000 ---p 00000000 00:00 0 
7f95f1dd0000-7f95f1ece000 rw-p 00000000 00:00 0                          [stack:28590]
7f95f1ece000-7f95f1ed1000 ---p 00000000 00:00 0 
7f95f1ed1000-7f95f1fcf000 rw-p 00000000 00:00 0                          [stack:28589]
7f95f1fcf000-7f95f1fd2000 ---p 00000000 00:00 0 
7f95f1fd2000-7f95f20d0000 rw-p 00000000 00:00 0                          [stack:28588]
7f95f20d0000-7f95f20e6000 r-xp 00000000 08:01 1461067                    /usr/lib/jvm/java-7-oracle/jre/lib/amd64/libnet.so
7f95f20e6000-7f95f22e6000 ---p 00016000 08:01 1461067                    /usr/lib/jvm/java-7-oracle/jre/lib/amd64/libnet.so
7f95f22e6000-7f95f22e7000 rw-p 00016000 08:01 1461067                    /usr/lib/jvm/java-7-oracle/jre/lib/amd64/libnet.so
7f95f22e7000-7f95f22f7000 r-xp 00000000 08:01 1461099                    /usr/lib/jvm/java-7-oracle/jre/lib/amd64/libnio.so
7f95f22f7000-7f95f24f7000 ---p 00010000 08:01 1461099                    /usr/lib/jvm/java-7-oracle/jre/lib/amd64/libnio.so
7f95f24f7000-7f95f24f8000 rw-p 00010000 08:01 1461099                    /usr/lib/jvm/java-7-oracle/jre/lib/amd64/libnio.so
7f95f24f8000-7f95f2501000 r--s 0002d000 08:01 6303291                    /home/cblop/Dropbox/Projects/puppetmaster/dist/xml-apis-1.4.01.jar
7f95f2501000-7f95f251a000 r--s 00135000 08:01 6303290                    /home/cblop/Dropbox/Projects/puppetmaster/dist/xercesImpl-2.11.0.jar
7f95f251a000-7f95f2521000 r--s 00048000 08:01 6303277                    /home/cblop/Dropbox/Projects/puppetmaster/dist/smackx-jingle-3.4.1-0cec571.jar
7f95f2521000-7f95f2525000 r--s 000f7000 08:01 1460596                    /usr/lib/jvm/java-7-oracle/jre/lib/ext/localedata.jar
7f95f2525000-7f95f2530000 r--s 0007d000 08:01 6303276                    /home/cblop/Dropbox/Projects/puppetmaster/dist/smackx-3.4.1-0cec571.jar
7f95f2530000-7f95f2537000 r--s 00051000 08:01 6303275                    /home/cblop/Dropbox/Projects/puppetmaster/dist/smack-3.4.1-0cec571.jar
7f95f2537000-7f95f2538000 r--s 00002000 08:01 6303289                    /home/cblop/Dropbox/Projects/puppetmaster/dist/slf4j-log4j12-1.6.4.jar
7f95f2538000-7f95f253a000 r--s 00005000 08:01 6303288                    /home/cblop/Dropbox/Projects/puppetmaster/dist/slf4j-api-1.6.4.jar
7f95f253a000-7f95f253c000 r--s 0000c000 08:01 6303302                    /home/cblop/Dropbox/Projects/puppetmaster/dist/puppetmaster.jar
7f95f253c000-7f95f2543000 r--s 0005b000 08:01 6303294                    /home/cblop/Dropbox/Projects/puppetmaster/dist/mongo-2.10.1.jar
7f95f2543000-7f95f254c000 r--s 0006d000 08:01 6303287                    /home/cblop/Dropbox/Projects/puppetmaster/dist/log4j-1.2.16.jar
7f95f254c000-7f95f254d000 r--s 00001000 08:01 6303301                    /home/cblop/Dropbox/Projects/puppetmaster/dist/libInstClient.jar
7f95f254d000-7f95f255e000 r--s 00095000 08:01 6303300                    /home/cblop/Dropbox/Projects/puppetmaster/dist/jersey-server-1.4.jar
7f95f255e000-7f95f2561000 r--s 0000a000 08:01 6303299                    /home/cblop/Dropbox/Projects/puppetmaster/dist/jersey-multipart-1.4.jar
7f95f2561000-7f95f2564000 r--s 00020000 08:01 6303298                    /home/cblop/Dropbox/Projects/puppetmaster/dist/jersey-json-1.4.jar
7f95f2564000-7f95f256f000 r--s 00065000 08:01 6303297                    /home/cblop/Dropbox/Projects/puppetmaster/dist/jersey-core-1.4.jar
7f95f256f000-7f95f2573000 r--s 0001b000 08:01 6303296                    /home/cblop/Dropbox/Projects/puppetmaster/dist/jersey-client-1.4.jar
7f95f2573000-7f95f257e000 r--s 00082000 08:01 6303286                    /home/cblop/Dropbox/Projects/puppetmaster/dist/jena-tdb-1.0.0.jar
7f95f257e000-7f95f258a000 r--s 00076000 08:01 6303285                    /home/cblop/Dropbox/Projects/puppetmaster/dist/jena-sdb-1.4.0.jar
7f95f258a000-7f95f258d000 r--s 0001f000 08:01 6303284                    /home/cblop/Dropbox/Projects/puppetmaster/dist/jena-iri-1.0.0.jar
7f95f258d000-7f95f25a9000 r--s 00155000 08:01 6303283                    /home/cblop/Dropbox/Projects/puppetmaster/dist/jena-core-2.11.0.jar
7f95f25a9000-7f95f25da000 r--s 00258000 08:01 6303282                    /home/cblop/Dropbox/Projects/puppetmaster/dist/jena-arq-2.11.0.jar
7f95f25da000-7f95f25dd000 r--s 00023000 08:01 6303295                    /home/cblop/Dropbox/Projects/puppetmaster/dist/jdom.jar
7f95f25dd000-7f95f25e9000 r--s 000d2000 08:01 6303293                    /home/cblop/Dropbox/Projects/puppetmaster/dist/jason.jar
7f95f25e9000-7f95f25ef000 r--s 00031000 08:01 6303280                    /home/cblop/Dropbox/Projects/puppetmaster/dist/httpcore-4.2.2.jar
7f95f25ef000-7f95f25f8000 r--s 00061000 08:01 6303279                    /home/cblop/Dropbox/Projects/puppetmaster/dist/httpclient-4.2.3.jar
7f95f25f8000-7f95f25fd000 r--s 00046000 08:01 6303274                    /home/cblop/Dropbox/Projects/puppetmaster/dist/commons-lang3-3.0.jar
7f95f25fd000-7f95f25fe000 ---p 00000000 00:00 0 
7f95f25fe000-7f95f26fe000 rw-p 00000000 00:00 0                          [stack:28587]
7f95f26fe000-7f95f2701000 ---p 00000000 00:00 0 
7f95f2701000-7f95f27ff000 rw-p 00000000 00:00 0                          [stack:28586]
7f95f27ff000-7f95f2802000 ---p 00000000 00:00 0 
7f95f2802000-7f95f2900000 rw-p 00000000 00:00 0                          [stack:28585]
7f95f2900000-7f95f2903000 ---p 00000000 00:00 0 
7f95f2903000-7f95f2a01000 rw-p 00000000 00:00 0                          [stack:28584]
7f95f2a01000-7f95f2a04000 ---p 00000000 00:00 0 
7f95f2a04000-7f95f2b02000 rw-p 00000000 00:00 0                          [stack:28583]
7f95f2b02000-7f95f2c8b000 r--p 00000000 08:01 658900                     /usr/lib/locale/locale-archive
7f95f2c8b000-7f95f2c8e000 ---p 00000000 00:00 0 
7f95f2c8e000-7f95f2d8c000 rw-p 00000000 00:00 0                          [stack:28579]
7f95f2d8c000-7f95f2d8f000 ---p 00000000 00:00 0 
7f95f2d8f000-7f95f2e8d000 rw-p 00000000 00:00 0                          [stack:28578]
7f95f2e8d000-7f95f2e8e000 ---p 00000000 00:00 0 
7f95f2e8e000-7f95f3945000 rw-p 00000000 00:00 0                          [stack:28577]
7f95f3945000-7f95f3b04000 r--s 039e5000 08:01 1460565                    /usr/lib/jvm/java-7-oracle/jre/lib/rt.jar
7f95f3b04000-7f95f8008000 rw-p 00000000 00:00 0 
7f95f8008000-7f95f8009000 ---p 00000000 00:00 0 
7f95f8009000-7f95f8132000 rw-p 00000000 00:00 0                          [stack:28576]
7f95f8132000-7f95f839b000 rw-p 00000000 00:00 0 
7f95f839b000-7f95f83a6000 rw-p 00000000 00:00 0 
7f95f83a6000-7f95f83c4000 rw-p 00000000 00:00 0 
7f95f83c4000-7f95f83ed000 rw-p 00000000 00:00 0 
7f95f83ed000-7f95f8655000 rw-p 00000000 00:00 0 
7f95f8655000-7f95f86db000 rw-p 00000000 00:00 0 
7f95f86db000-7f95f879e000 rw-p 00000000 00:00 0 
7f95f879e000-7f95f879f000 rw-p 00000000 00:00 0 
7f95f879f000-7f95f8a0f000 rwxp 00000000 00:00 0 
7f95f8a0f000-7f95fb79f000 rw-p 00000000 00:00 0 
7f95fb79f000-7f95fb7b9000 r-xp 00000000 08:01 1461111                    /usr/lib/jvm/java-7-oracle/jre/lib/amd64/libzip.so
7f95fb7b9000-7f95fb9b9000 ---p 0001a000 08:01 1461111                    /usr/lib/jvm/java-7-oracle/jre/lib/amd64/libzip.so
7f95fb9b9000-7f95fb9ba000 rw-p 0001a000 08:01 1461111                    /usr/lib/jvm/java-7-oracle/jre/lib/amd64/libzip.so
7f95fb9ba000-7f95fb9c5000 r-xp 00000000 08:01 658479                     /usr/lib/libnss_files-2.20.so
7f95fb9c5000-7f95fbbc5000 ---p 0000b000 08:01 658479                     /usr/lib/libnss_files-2.20.so
7f95fbbc5000-7f95fbbc6000 r--p 0000b000 08:01 658479                     /usr/lib/libnss_files-2.20.so
7f95fbbc6000-7f95fbbc7000 rw-p 0000c000 08:01 658479                     /usr/lib/libnss_files-2.20.so
7f95fbbc7000-7f95fbbf0000 r-xp 00000000 08:01 1461096                    /usr/lib/jvm/java-7-oracle/jre/lib/amd64/libjava.so
7f95fbbf0000-7f95fbdf0000 ---p 00029000 08:01 1461096                    /usr/lib/jvm/java-7-oracle/jre/lib/amd64/libjava.so
7f95fbdf0000-7f95fbdf2000 rw-p 00029000 08:01 1461096                    /usr/lib/jvm/java-7-oracle/jre/lib/amd64/libjava.so
7f95fbdf2000-7f95fbdff000 r-xp 00000000 08:01 1461066                    /usr/lib/jvm/java-7-oracle/jre/lib/amd64/libverify.so
7f95fbdff000-7f95fbffe000 ---p 0000d000 08:01 1461066                    /usr/lib/jvm/java-7-oracle/jre/lib/amd64/libverify.so
7f95fbffe000-7f95fc000000 rw-p 0000c000 08:01 1461066                    /usr/lib/jvm/java-7-oracle/jre/lib/amd64/libverify.so
7f95fc000000-7f95fc4a3000 rw-p 00000000 00:00 0 
7f95fc4a3000-7f9600000000 ---p 00000000 00:00 0 
7f9600000000-7f9600002000 r--s 00003000 08:01 6303281                    /home/cblop/Dropbox/Projects/puppetmaster/dist/jcl-over-slf4j-1.6.4.jar
7f9600002000-7f960002b000 rw-p 00000000 00:00 0 
7f960002b000-7f960002c000 ---p 00000000 00:00 0 
7f960002c000-7f9600137000 rw-p 00000000 00:00 0                          [stack:28575]
7f9600137000-7f9600155000 rw-p 00000000 00:00 0 
7f9600155000-7f960015c000 r-xp 00000000 08:01 658573                     /usr/lib/librt-2.20.so
7f960015c000-7f960035b000 ---p 00007000 08:01 658573                     /usr/lib/librt-2.20.so
7f960035b000-7f960035c000 r--p 00006000 08:01 658573                     /usr/lib/librt-2.20.so
7f960035c000-7f960035d000 rw-p 00007000 08:01 658573                     /usr/lib/librt-2.20.so
7f960035d000-7f9600460000 r-xp 00000000 08:01 658551                     /usr/lib/libm-2.20.so
7f9600460000-7f9600660000 ---p 00103000 08:01 658551                     /usr/lib/libm-2.20.so
7f9600660000-7f9600661000 r--p 00103000 08:01 658551                     /usr/lib/libm-2.20.so
7f9600661000-7f9600662000 rw-p 00104000 08:01 658551                     /usr/lib/libm-2.20.so
7f9600662000-7f96011d2000 r-xp 00000000 08:01 1461121                    /usr/lib/jvm/java-7-oracle/jre/lib/amd64/server/libjvm.so
7f96011d2000-7f96013d1000 ---p 00b70000 08:01 1461121                    /usr/lib/jvm/java-7-oracle/jre/lib/amd64/server/libjvm.so
7f96013d1000-7f9601496000 rw-p 00b6f000 08:01 1461121                    /usr/lib/jvm/java-7-oracle/jre/lib/amd64/server/libjvm.so
7f9601496000-7f96014d6000 rw-p 00000000 00:00 0 
7f96014d6000-7f960166f000 r-xp 00000000 08:01 658553                     /usr/lib/libc-2.20.so
7f960166f000-7f960186f000 ---p 00199000 08:01 658553                     /usr/lib/libc-2.20.so
7f960186f000-7f9601873000 r--p 00199000 08:01 658553                     /usr/lib/libc-2.20.so
7f9601873000-7f9601875000 rw-p 0019d000 08:01 658553                     /usr/lib/libc-2.20.so
7f9601875000-7f9601879000 rw-p 00000000 00:00 0 
7f9601879000-7f960187c000 r-xp 00000000 08:01 658477                     /usr/lib/libdl-2.20.so
7f960187c000-7f9601a7b000 ---p 00003000 08:01 658477                     /usr/lib/libdl-2.20.so
7f9601a7b000-7f9601a7c000 r--p 00002000 08:01 658477                     /usr/lib/libdl-2.20.so
7f9601a7c000-7f9601a7d000 rw-p 00003000 08:01 658477                     /usr/lib/libdl-2.20.so
7f9601a7d000-7f9601a93000 r-xp 00000000 08:01 1461125                    /usr/lib/jvm/java-7-oracle/jre/lib/amd64/jli/libjli.so
7f9601a93000-7f9601c93000 ---p 00016000 08:01 1461125                    /usr/lib/jvm/java-7-oracle/jre/lib/amd64/jli/libjli.so
7f9601c93000-7f9601c94000 rw-p 00016000 08:01 1461125                    /usr/lib/jvm/java-7-oracle/jre/lib/amd64/jli/libjli.so
7f9601c94000-7f9601cab000 r-xp 00000000 08:01 658484                     /usr/lib/libpthread-2.20.so
7f9601cab000-7f9601eaa000 ---p 00017000 08:01 658484                     /usr/lib/libpthread-2.20.so
7f9601eaa000-7f9601eab000 r--p 00016000 08:01 658484                     /usr/lib/libpthread-2.20.so
7f9601eab000-7f9601eac000 rw-p 00017000 08:01 658484                     /usr/lib/libpthread-2.20.so
7f9601eac000-7f9601eb0000 rw-p 00000000 00:00 0 
7f9601eb0000-7f9601ed2000 r-xp 00000000 08:01 658481                     /usr/lib/ld-2.20.so
7f9601ed2000-7f9601ed3000 r--s 00005000 08:01 6303292                    /home/cblop/Dropbox/Projects/puppetmaster/dist/json-simple-1.1.1.jar
7f9601ed3000-7f9601ed9000 r--s 00033000 08:01 6303278                    /home/cblop/Dropbox/Projects/puppetmaster/dist/commons-codec-1.6.jar
7f9601ed9000-7f9601ee3000 rw-p 00000000 00:00 0 
7f9601ee3000-7f9601f99000 rw-p 00000000 00:00 0 
7f9601f99000-7f9601f9c000 ---p 00000000 00:00 0 
7f9601f9c000-7f96020c7000 rw-p 00000000 00:00 0                          [stack:28573]
7f96020c7000-7f96020cf000 rw-s 00000000 00:1d 1101707                    /tmp/hsperfdata_cblop/28569
7f96020cf000-7f96020d0000 rw-p 00000000 00:00 0 
7f96020d0000-7f96020d1000 ---p 00000000 00:00 0 
7f96020d1000-7f96020d2000 r--p 00021000 08:01 658481                     /usr/lib/ld-2.20.so
7f96020d2000-7f96020d3000 rw-p 00022000 08:01 658481                     /usr/lib/ld-2.20.so
7f96020d3000-7f96020d4000 rw-p 00000000 00:00 0 
7fffd74b3000-7fffd74d4000 rw-p 00000000 00:00 0                          [stack]
7fffd74f6000-7fffd74f8000 r-xp 00000000 00:00 0                          [vdso]
7fffd74f8000-7fffd74fa000 r--p 00000000 00:00 0                          [vvar]
ffffffffff600000-ffffffffff601000 r-xp 00000000 00:00 0                  [vsyscall]

VM Arguments:
java_command: edu.bath.puppetmaster.RunShow
Launcher Type: SUN_STANDARD

Environment Variables:
JAVA_HOME=/usr/lib/jvm/default
PATH=/usr/local/sbin:/usr/local/bin:/usr/bin:/usr/bin/core_perl:/home/cblop/bin:/home/cblop/.gem/ruby/2.1.0/bin
SHELL=/bin/zsh
DISPLAY=:0

Signal Handlers:
SIGSEGV: [libjvm.so+0x99f4a0], sa_mask[0]=0x7ffbfeff, sa_flags=0x10000004
SIGBUS: [libjvm.so+0x99f4a0], sa_mask[0]=0x7ffbfeff, sa_flags=0x10000004
SIGFPE: [libjvm.so+0x81a860], sa_mask[0]=0x7ffbfeff, sa_flags=0x10000004
SIGPIPE: [libjvm.so+0x81a860], sa_mask[0]=0x7ffbfeff, sa_flags=0x10000004
SIGXFSZ: [libjvm.so+0x81a860], sa_mask[0]=0x7ffbfeff, sa_flags=0x10000004
SIGILL: [libjvm.so+0x81a860], sa_mask[0]=0x7ffbfeff, sa_flags=0x10000004
SIGUSR1: SIG_DFL, sa_mask[0]=0x00000000, sa_flags=0x00000000
SIGUSR2: [libjvm.so+0x81c060], sa_mask[0]=0x00000004, sa_flags=0x10000004
SIGHUP: [libjvm.so+0x81d160], sa_mask[0]=0x7ffbfeff, sa_flags=0x10000004
SIGINT: [libjvm.so+0x81d160], sa_mask[0]=0x7ffbfeff, sa_flags=0x10000004
SIGTERM: [libjvm.so+0x81d160], sa_mask[0]=0x7ffbfeff, sa_flags=0x10000004
SIGQUIT: [libjvm.so+0x81d160], sa_mask[0]=0x7ffbfeff, sa_flags=0x10000004


---------------  S Y S T E M  ---------------

OS:Linux
uname:Linux 3.16.3-1-ARCH #1 SMP PREEMPT Wed Sep 17 21:54:13 CEST 2014 x86_64
libc:glibc 2.20 NPTL 2.20 
rlimit: STACK 8192k, CORE 0k, NPROC 31521, NOFILE 4096, AS infinity
load average:1.87 0.87 0.63

/proc/meminfo:
MemTotal:        8075044 kB
MemFree:          152256 kB
MemAvailable:     135976 kB
Buffers:             372 kB
Cached:           595384 kB
SwapCached:            0 kB
Active:          7067268 kB
Inactive:         570128 kB
Active(anon):    7044004 kB
Inactive(anon):   545044 kB
Active(file):      23264 kB
Inactive(file):    25084 kB
Unevictable:           0 kB
Mlocked:               0 kB
SwapTotal:             0 kB
SwapFree:              0 kB
Dirty:                44 kB
Writeback:             0 kB
AnonPages:       7041700 kB
Mapped:            97828 kB
Shmem:            547364 kB
Slab:             122600 kB
SReclaimable:      88020 kB
SUnreclaim:        34580 kB
KernelStack:        8688 kB
PageTables:        43408 kB
NFS_Unstable:          0 kB
Bounce:                0 kB
WritebackTmp:          0 kB
CommitLimit:     4037520 kB
Committed_AS:   13992596 kB
VmallocTotal:   34359738367 kB
VmallocUsed:      365036 kB
VmallocChunk:   34359369488 kB
HardwareCorrupted:     0 kB
AnonHugePages:   4429824 kB
HugePages_Total:       0
HugePages_Free:        0
HugePages_Rsvd:        0
HugePages_Surp:        0
Hugepagesize:       2048 kB
DirectMap4k:      117160 kB
DirectMap2M:     8165376 kB


CPU:total 2 (2 cores per cpu, 1 threads per core) family 6 model 23 stepping 6, cmov, cx8, fxsr, mmx, sse, sse2, sse3, ssse3, sse4.1, tsc

/proc/cpuinfo:
processor	: 0
vendor_id	: GenuineIntel
cpu family	: 6
model		: 23
model name	: Intel(R) Core(TM)2 Duo CPU     L9300  @ 1.60GHz
stepping	: 6
microcode	: 0x60c
cpu MHz		: 1596.156
cache size	: 6144 KB
physical id	: 0
siblings	: 2
core id		: 0
cpu cores	: 2
apicid		: 0
initial apicid	: 0
fpu		: yes
fpu_exception	: yes
cpuid level	: 10
wp		: yes
flags		: fpu vme de pse tsc msr pae mce cx8 apic sep mtrr pge mca cmov pat pse36 clflush dts acpi mmx fxsr sse sse2 ss ht tm pbe syscall nx lm constant_tsc arch_perfmon pebs bts nopl aperfmperf pni dtes64 monitor ds_cpl vmx smx est tm2 ssse3 cx16 xtpr pdcm sse4_1 lahf_lm dtherm tpr_shadow vnmi flexpriority
bogomips	: 3193.32
clflush size	: 64
cache_alignment	: 64
address sizes	: 36 bits physical, 48 bits virtual
power management:

processor	: 1
vendor_id	: GenuineIntel
cpu family	: 6
model		: 23
model name	: Intel(R) Core(TM)2 Duo CPU     L9300  @ 1.60GHz
stepping	: 6
microcode	: 0x60c
cpu MHz		: 1596.156
cache size	: 6144 KB
physical id	: 0
siblings	: 2
core id		: 1
cpu cores	: 2
apicid		: 1
initial apicid	: 1
fpu		: yes
fpu_exception	: yes
cpuid level	: 10
wp		: yes
flags		: fpu vme de pse tsc msr pae mce cx8 apic sep mtrr pge mca cmov pat pse36 clflush dts acpi mmx fxsr sse sse2 ss ht tm pbe syscall nx lm constant_tsc arch_perfmon pebs bts nopl aperfmperf pni dtes64 monitor ds_cpl vmx smx est tm2 ssse3 cx16 xtpr pdcm sse4_1 lahf_lm dtherm tpr_shadow vnmi flexpriority
bogomips	: 3193.32
clflush size	: 64
cache_alignment	: 64
address sizes	: 36 bits physical, 48 bits virtual
power management:



Memory: 4k page, physical 8075044k(152256k free), swap 0k(0k free)

vm_info: Java HotSpot(TM) 64-Bit Server VM (24.65-b04) for linux-amd64 JRE (1.7.0_67-b01), built on Jul 25 2014 09:20:21 by "java_re" with gcc 4.3.0 20080428 (Red Hat 4.3.0-8)

time: Wed Oct  8 10:39:40 2014
elapsed time: 17 seconds

