#
# There is insufficient memory for the Java Runtime Environment to continue.
# Native memory allocation (malloc) failed to allocate 157810688 bytes for committing reserved memory.
# Possible reasons:
#   The system is out of physical RAM or swap space
#   In 32 bit mode, the process size limit was hit
# Possible solutions:
#   Reduce memory load on the system
#   Increase physical memory or swap space
#   Check if swap backing store is full
#   Use 64 bit Java on a 64 bit OS
#   Decrease Java heap size (-Xmx/-Xms)
#   Decrease number of Java threads
#   Decrease Java thread stack sizes (-Xss)
#   Set larger code cache with -XX:ReservedCodeCacheSize=
# This output file may be truncated or incomplete.
#
#  Out of Memory Error (os_linux.cpp:2745), pid=28442, tid=140377775097600
#
# JRE version: Java(TM) SE Runtime Environment (7.0_67-b01) (build 1.7.0_67-b01)
# Java VM: Java HotSpot(TM) 64-Bit Server VM (24.65-b04 mixed mode linux-amd64 compressed oops)
# Failed to write core dump. Core dumps have been disabled. To enable core dumping, try "ulimit -c unlimited" before starting Java again
#

---------------  T H R E A D  ---------------

Current thread (0x00007fac4c064800):  VMThread [stack: 0x00007fac3f5b4000,0x00007fac3f6b5000] [id=28450]

Stack: [0x00007fac3f5b4000,0x00007fac3f6b5000],  sp=0x00007fac3f6b3380,  free space=1020k
Native frames: (J=compiled Java code, j=interpreted, Vv=VM code, C=native code)
V  [libjvm.so+0x99eb8a]  JVM_handle_linux_signal+0x17b36a
V  [libjvm.so+0x49721b]  sem_destroy+0x49721b
V  [libjvm.so+0x81d9ae]  fork1+0x19ee
V  [libjvm.so+0x81def9]  fork1+0x1f39
V  [libjvm.so+0x817caa]  JVM_RaiseSignal+0x188f7a
V  [libjvm.so+0x88a7a3]  JVM_handle_linux_signal+0x66f83
V  [libjvm.so+0x88bb78]  JVM_handle_linux_signal+0x68358
V  [libjvm.so+0x88ace2]  JVM_handle_linux_signal+0x674c2
V  [libjvm.so+0x888133]  JVM_handle_linux_signal+0x64913
V  [libjvm.so+0x8888e1]  JVM_handle_linux_signal+0x650c1
V  [libjvm.so+0x83f510]  JVM_handle_linux_signal+0x1bcf0
V  [libjvm.so+0x9a0417]  JVM_handle_linux_signal+0x17cbf7
V  [libjvm.so+0x9a78b5]  JVM_handle_linux_signal+0x184095
V  [libjvm.so+0x9a5c7a]  JVM_handle_linux_signal+0x18245a
V  [libjvm.so+0x9a5ffe]  JVM_handle_linux_signal+0x1827de
V  [libjvm.so+0x9a6470]  JVM_handle_linux_signal+0x182c50
V  [libjvm.so+0x81f988]  fork1+0x39c8

VM_Operation (0x00007fac3c13b840): ParallelGCFailedAllocation, mode: safepoint, requested by thread 0x00007fac4c2d8000


---------------  P R O C E S S  ---------------

Java Threads: ( => current thread )
  0x00007fac2001b800 JavaThread "process reaper" daemon [_thread_in_native, id=28517, stack(0x00007fac0bfc7000,0x00007fac0c000000)]
  0x00007fac20021800 JavaThread "process reaper" daemon [_thread_blocked, id=28514, stack(0x00007fac3c003000,0x00007fac3c03c000)]
  0x00007fac4c009000 JavaThread "DestroyJavaVM" [_thread_blocked, id=28445, stack(0x00007fac526c7000,0x00007fac527c8000)]
  0x00007fac4c2d8000 JavaThread "Thread-24" [_thread_blocked, id=28513, stack(0x00007fac3c03c000,0x00007fac3c13d000)]
  0x00007fac4c2d6000 JavaThread "Thread-23" [_thread_blocked, id=28512, stack(0x00007fac3c13d000,0x00007fac3c23e000)]
  0x00007fac4c158000 JavaThread "Thread-22" [_thread_blocked, id=28511, stack(0x00007fac3c23e000,0x00007fac3c33f000)]
  0x00007fac4c156000 JavaThread "Thread-21" [_thread_blocked, id=28510, stack(0x00007fac3c33f000,0x00007fac3c440000)]
  0x00007fac4c154000 JavaThread "Thread-20" [_thread_blocked, id=28508, stack(0x00007fac3c440000,0x00007fac3c541000)]
  0x00007fac4c152800 JavaThread "Thread-19" [_thread_in_native, id=28507, stack(0x00007fac3c541000,0x00007fac3c642000)]
  0x00007fac4c151000 JavaThread "Thread-18" [_thread_in_native, id=28506, stack(0x00007fac3c642000,0x00007fac3c743000)]
  0x00007fac18007000 JavaThread "Smack Listener Processor (7)" daemon [_thread_blocked, id=28498, stack(0x00007fac3c743000,0x00007fac3c844000)]
  0x00007fac4c1ce000 JavaThread "Smack Packet Reader (7)" daemon [_thread_in_native, id=28497, stack(0x00007fac3c844000,0x00007fac3c945000)]
  0x00007fac4c1cc800 JavaThread "Smack Packet Writer (7)" daemon [_thread_blocked, id=28496, stack(0x00007fac3c945000,0x00007fac3ca46000)]
  0x00007fac04001800 JavaThread "Smack Listener Processor (6)" daemon [_thread_blocked, id=28486, stack(0x00007fac3ca46000,0x00007fac3cb47000)]
  0x00007fac4c1e6000 JavaThread "Smack Packet Reader (6)" daemon [_thread_in_native, id=28485, stack(0x00007fac3cb47000,0x00007fac3cc48000)]
  0x00007fac4c1e4800 JavaThread "Smack Packet Writer (6)" daemon [_thread_blocked, id=28484, stack(0x00007fac3cc48000,0x00007fac3cd49000)]
  0x00007fac40001000 JavaThread "Smack Listener Processor (5)" daemon [_thread_blocked, id=28483, stack(0x00007fac3cd49000,0x00007fac3ce4a000)]
  0x00007fac4c1e0800 JavaThread "Smack Packet Reader (5)" daemon [_thread_in_native, id=28482, stack(0x00007fac3ce4a000,0x00007fac3cf4b000)]
  0x00007fac4c1df000 JavaThread "Smack Packet Writer (5)" daemon [_thread_blocked, id=28481, stack(0x00007fac3cf4b000,0x00007fac3d04c000)]
  0x00007fac2c006800 JavaThread "Smack Listener Processor (4)" daemon [_thread_blocked, id=28480, stack(0x00007fac3d04c000,0x00007fac3d14d000)]
  0x00007fac4c4e3000 JavaThread "Smack Packet Reader (4)" daemon [_thread_in_native, id=28479, stack(0x00007fac3d14d000,0x00007fac3d24e000)]
  0x00007fac4c4e1800 JavaThread "Smack Packet Writer (4)" daemon [_thread_blocked, id=28478, stack(0x00007fac3d24e000,0x00007fac3d34f000)]
  0x00007fac28194800 JavaThread "Smack Listener Processor (3)" daemon [_thread_blocked, id=28477, stack(0x00007fac3d34f000,0x00007fac3d450000)]
  0x00007fac4c4e0000 JavaThread "Smack Packet Reader (3)" daemon [_thread_in_native, id=28476, stack(0x00007fac3d450000,0x00007fac3d551000)]
  0x00007fac4c4d7000 JavaThread "Smack Packet Writer (3)" daemon [_thread_blocked, id=28475, stack(0x00007fac3d551000,0x00007fac3d652000)]
  0x00007fac14001000 JavaThread "Smack Listener Processor (2)" daemon [_thread_blocked, id=28471, stack(0x00007fac3d652000,0x00007fac3d753000)]
  0x00007fac4c48f000 JavaThread "Smack Packet Reader (2)" daemon [_thread_in_native, id=28470, stack(0x00007fac3d753000,0x00007fac3d854000)]
  0x00007fac4c45d800 JavaThread "Smack Packet Writer (2)" daemon [_thread_blocked, id=28469, stack(0x00007fac3d854000,0x00007fac3d955000)]
  0x00007fac10002000 JavaThread "Smack Listener Processor (1)" daemon [_thread_blocked, id=28468, stack(0x00007fac3d955000,0x00007fac3da56000)]
  0x00007fac4c459800 JavaThread "Smack Packet Reader (1)" daemon [_thread_in_native, id=28467, stack(0x00007fac3da56000,0x00007fac3db57000)]
  0x00007fac4c466800 JavaThread "Smack Packet Writer (1)" daemon [_thread_blocked, id=28466, stack(0x00007fac3db57000,0x00007fac3dc58000)]
  0x00007fac4c459000 JavaThread "MongoCleaner256398090" daemon [_thread_blocked, id=28465, stack(0x00007fac3dc58000,0x00007fac3dd59000)]
  0x00007fac0c003000 JavaThread "Smack Listener Processor (0)" daemon [_thread_blocked, id=28464, stack(0x00007fac3df61000,0x00007fac3e062000)]
  0x00007fac4c30d800 JavaThread "Smack Keepalive" daemon [_thread_blocked, id=28463, stack(0x00007fac3e4fb000,0x00007fac3e5fc000)]
  0x00007fac4c309000 JavaThread "Smack Packet Reader (0)" daemon [_thread_in_native, id=28462, stack(0x00007fac3e5fc000,0x00007fac3e6fd000)]
  0x00007fac4c307800 JavaThread "Smack Packet Writer (0)" daemon [_thread_blocked, id=28461, stack(0x00007fac3e6fd000,0x00007fac3e7fe000)]
  0x00007fac4c091800 JavaThread "Service Thread" daemon [_thread_blocked, id=28456, stack(0x00007fac3ee25000,0x00007fac3ef26000)]
  0x00007fac4c08f000 JavaThread "C2 CompilerThread1" daemon [_thread_blocked, id=28455, stack(0x00007fac3ef26000,0x00007fac3f027000)]
  0x00007fac4c08c000 JavaThread "C2 CompilerThread0" daemon [_thread_blocked, id=28454, stack(0x00007fac3f027000,0x00007fac3f128000)]
  0x00007fac4c08a800 JavaThread "Signal Dispatcher" daemon [_thread_blocked, id=28453, stack(0x00007fac3f128000,0x00007fac3f229000)]
  0x00007fac4c06a800 JavaThread "Finalizer" daemon [_thread_blocked, id=28452, stack(0x00007fac3f3b2000,0x00007fac3f4b3000)]
  0x00007fac4c068800 JavaThread "Reference Handler" daemon [_thread_blocked, id=28451, stack(0x00007fac3f4b3000,0x00007fac3f5b4000)]

Other Threads:
=>0x00007fac4c064800 VMThread [stack: 0x00007fac3f5b4000,0x00007fac3f6b5000] [id=28450]
  0x00007fac4c0a4000 WatcherThread [stack: 0x00007fac3ed24000,0x00007fac3ee25000] [id=28457]

VM state:at safepoint (normal execution)

VM Mutex/Monitor currently owned by a thread:  ([mutex/lock_event])
[0x00007fac4c006dd0] Threads_lock - owner thread: 0x00007fac4c064800
[0x00007fac4c0072d0] Heap_lock - owner thread: 0x00007fac4c2d8000

Heap
 PSYoungGen      total 264704K, used 176K [0x00000007d6e80000, 0x00000007e7880000, 0x0000000800000000)
  eden space 257536K, 0% used [0x00000007d6e80000,0x00000007d6e80000,0x00000007e6a00000)
  from space 7168K, 2% used [0x00000007e6a00000,0x00000007e6a2c010,0x00000007e7100000)
  to   space 6656K, 0% used [0x00000007e7100000,0x00000007e7100000,0x00000007e7780000)
 ParOldGen       total 83968K, used 4535K [0x0000000784c00000, 0x0000000789e00000, 0x00000007d6e80000)
  object space 83968K, 5% used [0x0000000784c00000,0x000000078506de48,0x0000000789e00000)
 PSPermGen       total 21504K, used 12454K [0x000000077fa00000, 0x0000000780f00000, 0x0000000784c00000)
  object space 21504K, 57% used [0x000000077fa00000,0x0000000780629b20,0x0000000780f00000)

Card table byte_map: [0x00007fac48bfc000,0x00007fac49000000] byte_map_base: 0x00007fac44fff000

Polling page: 0x00007fac527fe000

Code Cache  [0x00007fac49000000, 0x00007fac49270000, 0x00007fac4c000000)
 total_blobs=521 nmethods=223 adapters=252 free_code_cache=48187Kb largest_free_block=49312576

Compilation events (10 events):
Event: 14.357 Thread 0x00007fac4c08f000 nmethod 224% 0x00007fac490ec450 code [0x00007fac490ec5c0, 0x00007fac490ec758]
Event: 14.518 Thread 0x00007fac4c08c000 nmethod 194 0x00007fac490f4c90 code [0x00007fac490f5160, 0x00007fac490f6b08]
Event: 14.725 Thread 0x00007fac4c08f000  225             java.util.regex.Matcher::search (109 bytes)
Event: 14.728 Thread 0x00007fac4c08f000 nmethod 225 0x00007fac490efa10 code [0x00007fac490efb60, 0x00007fac490efcb8]
Event: 14.728 Thread 0x00007fac4c08f000  226             java.util.regex.Pattern$Curly::match0 (174 bytes)
Event: 14.782 Thread 0x00007fac4c08f000 nmethod 226 0x00007fac490f1390 code [0x00007fac490f15a0, 0x00007fac490f2050]
Event: 15.597 Thread 0x00007fac4c08c000  227             java.nio.Buffer::position (5 bytes)
Event: 15.599 Thread 0x00007fac4c08c000 nmethod 227 0x00007fac490eba50 code [0x00007fac490ebb80, 0x00007fac490ebbd8]
Event: 15.613 Thread 0x00007fac4c08f000  228             java.lang.Character::codePointAt (51 bytes)
Event: 15.621 Thread 0x00007fac4c08f000 nmethod 228 0x00007fac490f2b50 code [0x00007fac490f2ce0, 0x00007fac490f2f58]

GC Heap History (10 events):
Event: 14.630 GC heap after
Heap after GC invocations=4 (full 0):
 PSYoungGen      total 69632K, used 4496K [0x00000007d6e80000, 0x00000007db780000, 0x0000000800000000)
  eden space 64512K, 0% used [0x00000007d6e80000,0x00000007d6e80000,0x00000007dad80000)
  from space 5120K, 87% used [0x00000007db280000,0x00000007db6e4180,0x00000007db780000)
  to   space 5120K, 0% used [0x00000007dad80000,0x00000007dad80000,0x00000007db280000)
 ParOldGen       total 83968K, used 180K [0x0000000784c00000, 0x0000000789e00000, 0x00000007d6e80000)
  object space 83968K, 0% used [0x0000000784c00000,0x0000000784c2d108,0x0000000789e00000)
 PSPermGen       total 21504K, used 12306K [0x000000077fa00000, 0x0000000780f00000, 0x0000000784c00000)
  object space 21504K, 57% used [0x000000077fa00000,0x00000007806049a8,0x0000000780f00000)
}
Event: 14.815 GC heap before
{Heap before GC invocations=5 (full 0):
 PSYoungGen      total 69632K, used 69008K [0x00000007d6e80000, 0x00000007db780000, 0x0000000800000000)
  eden space 64512K, 100% used [0x00000007d6e80000,0x00000007dad80000,0x00000007dad80000)
  from space 5120K, 87% used [0x00000007db280000,0x00000007db6e4180,0x00000007db780000)
  to   space 5120K, 0% used [0x00000007dad80000,0x00000007dad80000,0x00000007db280000)
 ParOldGen       total 83968K, used 180K [0x0000000784c00000, 0x0000000789e00000, 0x00000007d6e80000)
  object space 83968K, 0% used [0x0000000784c00000,0x0000000784c2d108,0x0000000789e00000)
 PSPermGen       total 21504K, used 12452K [0x000000077fa00000, 0x0000000780f00000, 0x0000000784c00000)
  object space 21504K, 57% used [0x000000077fa00000,0x0000000780629120,0x0000000780f00000)
Event: 14.850 GC heap after
Heap after GC invocations=5 (full 0):
 PSYoungGen      total 69632K, used 4448K [0x00000007d6e80000, 0x00000007df780000, 0x0000000800000000)
  eden space 64512K, 0% used [0x00000007d6e80000,0x00000007d6e80000,0x00000007dad80000)
  from space 5120K, 86% used [0x00000007dad80000,0x00000007db1d81b0,0x00000007db280000)
  to   space 5632K, 0% used [0x00000007df200000,0x00000007df200000,0x00000007df780000)
 ParOldGen       total 83968K, used 180K [0x0000000784c00000, 0x0000000789e00000, 0x00000007d6e80000)
  object space 83968K, 0% used [0x0000000784c00000,0x0000000784c2d108,0x0000000789e00000)
 PSPermGen       total 21504K, used 12452K [0x000000077fa00000, 0x0000000780f00000, 0x0000000784c00000)
  object space 21504K, 57% used [0x000000077fa00000,0x0000000780629120,0x0000000780f00000)
}
Event: 14.935 GC heap before
{Heap before GC invocations=6 (full 0):
 PSYoungGen      total 69632K, used 68960K [0x00000007d6e80000, 0x00000007df780000, 0x0000000800000000)
  eden space 64512K, 100% used [0x00000007d6e80000,0x00000007dad80000,0x00000007dad80000)
  from space 5120K, 86% used [0x00000007dad80000,0x00000007db1d81b0,0x00000007db280000)
  to   space 5632K, 0% used [0x00000007df200000,0x00000007df200000,0x00000007df780000)
 ParOldGen       total 83968K, used 180K [0x0000000784c00000, 0x0000000789e00000, 0x00000007d6e80000)
  object space 83968K, 0% used [0x0000000784c00000,0x0000000784c2d108,0x0000000789e00000)
 PSPermGen       total 21504K, used 12452K [0x000000077fa00000, 0x0000000780f00000, 0x0000000784c00000)
  object space 21504K, 57% used [0x000000077fa00000,0x0000000780629120,0x0000000780f00000)
Event: 14.996 GC heap after
Heap after GC invocations=6 (full 0):
 PSYoungGen      total 134656K, used 4528K [0x00000007d6e80000, 0x00000007df780000, 0x0000000800000000)
  eden space 129024K, 0% used [0x00000007d6e80000,0x00000007d6e80000,0x00000007dec80000)
  from space 5632K, 80% used [0x00000007df200000,0x00000007df66c1c0,0x00000007df780000)
  to   space 5632K, 0% used [0x00000007dec80000,0x00000007dec80000,0x00000007df200000)
 ParOldGen       total 83968K, used 180K [0x0000000784c00000, 0x0000000789e00000, 0x00000007d6e80000)
  object space 83968K, 0% used [0x0000000784c00000,0x0000000784c2d108,0x0000000789e00000)
 PSPermGen       total 21504K, used 12452K [0x000000077fa00000, 0x0000000780f00000, 0x0000000784c00000)
  object space 21504K, 57% used [0x000000077fa00000,0x0000000780629120,0x0000000780f00000)
}
Event: 15.384 GC heap before
{Heap before GC invocations=7 (full 0):
 PSYoungGen      total 134656K, used 133552K [0x00000007d6e80000, 0x00000007df780000, 0x0000000800000000)
  eden space 129024K, 100% used [0x00000007d6e80000,0x00000007dec80000,0x00000007dec80000)
  from space 5632K, 80% used [0x00000007df200000,0x00000007df66c1c0,0x00000007df780000)
  to   space 5632K, 0% used [0x00000007dec80000,0x00000007dec80000,0x00000007df200000)
 ParOldGen       total 83968K, used 180K [0x0000000784c00000, 0x0000000789e00000, 0x00000007d6e80000)
  object space 83968K, 0% used [0x0000000784c00000,0x0000000784c2d108,0x0000000789e00000)
 PSPermGen       total 21504K, used 12452K [0x000000077fa00000, 0x0000000780f00000, 0x0000000784c00000)
  object space 21504K, 57% used [0x000000077fa00000,0x0000000780629120,0x0000000780f00000)
Event: 15.410 GC heap after
Heap after GC invocations=7 (full 0):
 PSYoungGen      total 134656K, used 160K [0x00000007d6e80000, 0x00000007e7780000, 0x0000000800000000)
  eden space 129024K, 0% used [0x00000007d6e80000,0x00000007d6e80000,0x00000007dec80000)
  from space 5632K, 2% used [0x00000007dec80000,0x00000007deca8020,0x00000007df200000)
  to   space 6656K, 0% used [0x00000007e7100000,0x00000007e7100000,0x00000007e7780000)
 ParOldGen       total 83968K, used 4503K [0x0000000784c00000, 0x0000000789e00000, 0x00000007d6e80000)
  object space 83968K, 5% used [0x0000000784c00000,0x0000000785065e48,0x0000000789e00000)
 PSPermGen       total 21504K, used 12452K [0x000000077fa00000, 0x0000000780f00000, 0x0000000784c00000)
  object space 21504K, 57% used [0x000000077fa00000,0x0000000780629120,0x0000000780f00000)
}
Event: 15.569 GC heap before
{Heap before GC invocations=8 (full 0):
 PSYoungGen      total 134656K, used 129184K [0x00000007d6e80000, 0x00000007e7780000, 0x0000000800000000)
  eden space 129024K, 100% used [0x00000007d6e80000,0x00000007dec80000,0x00000007dec80000)
  from space 5632K, 2% used [0x00000007dec80000,0x00000007deca8020,0x00000007df200000)
  to   space 6656K, 0% used [0x00000007e7100000,0x00000007e7100000,0x00000007e7780000)
 ParOldGen       total 83968K, used 4503K [0x0000000784c00000, 0x0000000789e00000, 0x00000007d6e80000)
  object space 83968K, 5% used [0x0000000784c00000,0x0000000785065e48,0x0000000789e00000)
 PSPermGen       total 21504K, used 12454K [0x000000077fa00000, 0x0000000780f00000, 0x0000000784c00000)
  object space 21504K, 57% used [0x000000077fa00000,0x0000000780629918,0x0000000780f00000)
Event: 15.593 GC heap after
Heap after GC invocations=8 (full 0):
 PSYoungGen      total 264192K, used 176K [0x00000007d6e80000, 0x00000007e7880000, 0x0000000800000000)
  eden space 257536K, 0% used [0x00000007d6e80000,0x00000007d6e80000,0x00000007e6a00000)
  from space 6656K, 2% used [0x00000007e7100000,0x00000007e712c010,0x00000007e7780000)
  to   space 7168K, 0% used [0x00000007e6a00000,0x00000007e6a00000,0x00000007e7100000)
 ParOldGen       total 83968K, used 4511K [0x0000000784c00000, 0x0000000789e00000, 0x00000007d6e80000)
  object space 83968K, 5% used [0x0000000784c00000,0x0000000785067e48,0x0000000789e00000)
 PSPermGen       total 21504K, used 12454K [0x000000077fa00000, 0x0000000780f00000, 0x0000000784c00000)
  object space 21504K, 57% used [0x000000077fa00000,0x0000000780629918,0x0000000780f00000)
}
Event: 16.066 GC heap before
{Heap before GC invocations=9 (full 0):
 PSYoungGen      total 264192K, used 257712K [0x00000007d6e80000, 0x00000007e7880000, 0x0000000800000000)
  eden space 257536K, 100% used [0x00000007d6e80000,0x00000007e6a00000,0x00000007e6a00000)
  from space 6656K, 2% used [0x00000007e7100000,0x00000007e712c010,0x00000007e7780000)
  to   space 7168K, 0% used [0x00000007e6a00000,0x00000007e6a00000,0x00000007e7100000)
 ParOldGen       total 83968K, used 4511K [0x0000000784c00000, 0x0000000789e00000, 0x00000007d6e80000)
  object space 83968K, 5% used [0x0000000784c00000,0x0000000785067e48,0x0000000789e00000)
 PSPermGen       total 21504K, used 12454K [0x000000077fa00000, 0x0000000780f00000, 0x0000000784c00000)
  object space 21504K, 57% used [0x000000077fa00000,0x0000000780629b20,0x0000000780f00000)

Deoptimization events (10 events):
Event: 14.703 Thread 0x00007fac4c151000 Uncommon trap: reason=class_check action=maybe_recompile pc=0x00007fac4906d5c8 method=java.lang.Character.codePointAt(Ljava/lang/CharSequence;I)I @ 5
Event: 14.703 Thread 0x00007fac4c151000 Uncommon trap: reason=bimorphic action=maybe_recompile pc=0x00007fac490c63e0 method=java.util.regex.Matcher.search(I)Z @ 86
Event: 14.703 Thread 0x00007fac4c151000 Uncommon trap: reason=bimorphic action=maybe_recompile pc=0x00007fac490c63e0 method=java.util.regex.Matcher.search(I)Z @ 86
Event: 14.703 Thread 0x00007fac4c151000 Uncommon trap: reason=bimorphic action=maybe_recompile pc=0x00007fac490c6374 method=java.util.regex.Pattern$Start.match(Ljava/util/regex/Matcher;ILjava/lang/CharSequence;)Z @ 44
Event: 14.703 Thread 0x00007fac4c151000 Uncommon trap: reason=class_check action=maybe_recompile pc=0x00007fac49093520 method=java.util.regex.Pattern$Curly.match0(Ljava/util/regex/Matcher;IILjava/lang/CharSequence;)Z @ 31
Event: 14.722 Thread 0x00007fac4c151000 Uncommon trap: reason=bimorphic action=maybe_recompile pc=0x00007fac490c63e0 method=java.util.regex.Matcher.search(I)Z @ 86
Event: 14.722 Thread 0x00007fac4c151000 Uncommon trap: reason=bimorphic action=maybe_recompile pc=0x00007fac490c63e0 method=java.util.regex.Matcher.search(I)Z @ 86
Event: 14.722 Thread 0x00007fac4c151000 Uncommon trap: reason=class_check action=maybe_recompile pc=0x00007fac49093520 method=java.util.regex.Pattern$Curly.match0(Ljava/util/regex/Matcher;IILjava/lang/CharSequence;)Z @ 31
Event: 14.722 Thread 0x00007fac4c151000 Uncommon trap: reason=class_check action=maybe_recompile pc=0x00007fac49093520 method=java.util.regex.Pattern$Curly.match0(Ljava/util/regex/Matcher;IILjava/lang/CharSequence;)Z @ 31
Event: 14.732 Thread 0x00007fac4c151000 Uncommon trap: reason=unreached action=reinterpret pc=0x00007fac4906d310 method=java.util.HashMap$HashIterator.hasNext()Z @ 4

Internal exceptions (10 events):
Event: 13.726 Thread 0x00007fac4c156000 Threw 0x00000007d821b820 at /HUDSON/workspace/7u-2-build-linux-amd64/jdk7u67/1368/hotspot/src/share/vm/prims/jvm.cpp:1244
Event: 13.727 Thread 0x00007fac4c156000 Threw 0x00000007d821ea60 at /HUDSON/workspace/7u-2-build-linux-amd64/jdk7u67/1368/hotspot/src/share/vm/prims/jvm.cpp:1244
Event: 13.729 Thread 0x00007fac4c009000 Threw 0x00000007d8170e68 at /HUDSON/workspace/7u-2-build-linux-amd64/jdk7u67/1368/hotspot/src/share/vm/prims/jvm.cpp:1244
Event: 13.730 Thread 0x00007fac4c009000 Threw 0x00000007d81744c0 at /HUDSON/workspace/7u-2-build-linux-amd64/jdk7u67/1368/hotspot/src/share/vm/prims/jvm.cpp:1244
Event: 13.749 Thread 0x00007fac4c156000 Threw 0x00000007d8224b28 at /HUDSON/workspace/7u-2-build-linux-amd64/jdk7u67/1368/hotspot/src/share/vm/prims/jvm.cpp:1244
Event: 13.760 Thread 0x00007fac4c154000 Threw 0x00000007d82c1dc0 at /HUDSON/workspace/7u-2-build-linux-amd64/jdk7u67/1368/hotspot/src/share/vm/prims/jvm.cpp:1244
Event: 13.764 Thread 0x00007fac4c1e6000 Threw 0x00000007d7dfb3b0 at /HUDSON/workspace/7u-2-build-linux-amd64/jdk7u67/1368/hotspot/src/share/vm/prims/jvm.cpp:1244
Event: 13.765 Thread 0x00007fac4c4e0000 Threw 0x00000007d7318bb8 at /HUDSON/workspace/7u-2-build-linux-amd64/jdk7u67/1368/hotspot/src/share/vm/prims/jvm.cpp:1244
Event: 13.782 Thread 0x00007fac4c48f000 Threw 0x00000007d83f3530 at /HUDSON/workspace/7u-2-build-linux-amd64/jdk7u67/1368/hotspot/src/share/vm/prims/jvm.cpp:1244
Event: 13.806 Thread 0x00007fac4c154000 Threw 0x00000007d82c5230 at /HUDSON/workspace/7u-2-build-linux-amd64/jdk7u67/1368/hotspot/src/share/vm/prims/jvm.cpp:1244

Events (10 events):
Event: 15.598 Executing VM operation: RevokeBias done
Event: 15.598 Executing VM operation: RevokeBias
Event: 15.598 Executing VM operation: RevokeBias done
Event: 15.607 Executing VM operation: RevokeBias
Event: 15.607 Executing VM operation: RevokeBias done
Event: 15.609 Executing VM operation: RevokeBias
Event: 15.610 Executing VM operation: RevokeBias done
Event: 15.610 Executing VM operation: RevokeBias
Event: 15.610 Executing VM operation: RevokeBias done
Event: 16.061 Executing VM operation: ParallelGCFailedAllocation


Dynamic libraries:
00400000-00401000 r-xp 00000000 08:01 1460541                            /usr/lib/jvm/java-7-oracle/jre/bin/java
00600000-00601000 rw-p 00000000 08:01 1460541                            /usr/lib/jvm/java-7-oracle/jre/bin/java
02477000-02498000 rw-p 00000000 00:00 0                                  [heap]
77fa00000-780f00000 rw-p 00000000 00:00 0 
780f00000-784c00000 rw-p 00000000 00:00 0 
784c00000-789e00000 rw-p 00000000 00:00 0 
789e00000-7d6e80000 rw-p 00000000 00:00 0 
7d6e80000-7e7880000 rw-p 00000000 00:00 0 
7f0f00000-800000000 rw-p 00000000 00:00 0 
7fac04000000-7fac04021000 rw-p 00000000 00:00 0 
7fac04021000-7fac08000000 ---p 00000000 00:00 0 
7fac0bfc7000-7fac0bfca000 ---p 00000000 00:00 0 
7fac0bfca000-7fac0c000000 rw-p 00000000 00:00 0                          [stack:28517]
7fac0c000000-7fac0c021000 rw-p 00000000 00:00 0 
7fac0c021000-7fac10000000 ---p 00000000 00:00 0 
7fac10000000-7fac10021000 rw-p 00000000 00:00 0 
7fac10021000-7fac14000000 ---p 00000000 00:00 0 
7fac14000000-7fac14021000 rw-p 00000000 00:00 0 
7fac14021000-7fac18000000 ---p 00000000 00:00 0 
7fac18000000-7fac18021000 rw-p 00000000 00:00 0 
7fac18021000-7fac1c000000 ---p 00000000 00:00 0 
7fac1c000000-7fac1c887000 rw-p 00000000 00:00 0 
7fac1c887000-7fac20000000 ---p 00000000 00:00 0 
7fac20000000-7fac2007a000 rw-p 00000000 00:00 0 
7fac2007a000-7fac24000000 ---p 00000000 00:00 0 
7fac24000000-7fac24021000 rw-p 00000000 00:00 0 
7fac24021000-7fac28000000 ---p 00000000 00:00 0 
7fac28000000-7fac287f4000 rw-p 00000000 00:00 0 
7fac287f4000-7fac2c000000 ---p 00000000 00:00 0 
7fac2c000000-7fac2c021000 rw-p 00000000 00:00 0 
7fac2c021000-7fac30000000 ---p 00000000 00:00 0 
7fac30000000-7fac30021000 rw-p 00000000 00:00 0 
7fac30021000-7fac34000000 ---p 00000000 00:00 0 
7fac34000000-7fac34021000 rw-p 00000000 00:00 0 
7fac34021000-7fac38000000 ---p 00000000 00:00 0 
7fac38000000-7fac38021000 rw-p 00000000 00:00 0 
7fac38021000-7fac3c000000 ---p 00000000 00:00 0 
7fac3c003000-7fac3c006000 ---p 00000000 00:00 0 
7fac3c006000-7fac3c03c000 rw-p 00000000 00:00 0                          [stack:28514]
7fac3c03c000-7fac3c03f000 ---p 00000000 00:00 0 
7fac3c03f000-7fac3c13d000 rw-p 00000000 00:00 0                          [stack:28513]
7fac3c13d000-7fac3c140000 ---p 00000000 00:00 0 
7fac3c140000-7fac3c23e000 rw-p 00000000 00:00 0                          [stack:28512]
7fac3c23e000-7fac3c241000 ---p 00000000 00:00 0 
7fac3c241000-7fac3c33f000 rw-p 00000000 00:00 0                          [stack:28511]
7fac3c33f000-7fac3c342000 ---p 00000000 00:00 0 
7fac3c342000-7fac3c440000 rw-p 00000000 00:00 0                          [stack:28510]
7fac3c440000-7fac3c443000 ---p 00000000 00:00 0 
7fac3c443000-7fac3c541000 rw-p 00000000 00:00 0                          [stack:28508]
7fac3c541000-7fac3c544000 ---p 00000000 00:00 0 
7fac3c544000-7fac3c642000 rw-p 00000000 00:00 0                          [stack:28507]
7fac3c642000-7fac3c645000 ---p 00000000 00:00 0 
7fac3c645000-7fac3c743000 rw-p 00000000 00:00 0                          [stack:28506]
7fac3c743000-7fac3c746000 ---p 00000000 00:00 0 
7fac3c746000-7fac3c844000 rw-p 00000000 00:00 0                          [stack:28498]
7fac3c844000-7fac3c847000 ---p 00000000 00:00 0 
7fac3c847000-7fac3c945000 rw-p 00000000 00:00 0                          [stack:28497]
7fac3c945000-7fac3c948000 ---p 00000000 00:00 0 
7fac3c948000-7fac3ca46000 rw-p 00000000 00:00 0                          [stack:28496]
7fac3ca46000-7fac3ca49000 ---p 00000000 00:00 0 
7fac3ca49000-7fac3cb47000 rw-p 00000000 00:00 0                          [stack:28486]
7fac3cb47000-7fac3cb4a000 ---p 00000000 00:00 0 
7fac3cb4a000-7fac3cc48000 rw-p 00000000 00:00 0                          [stack:28485]
7fac3cc48000-7fac3cc4b000 ---p 00000000 00:00 0 
7fac3cc4b000-7fac3cd49000 rw-p 00000000 00:00 0                          [stack:28484]
7fac3cd49000-7fac3cd4c000 ---p 00000000 00:00 0 
7fac3cd4c000-7fac3ce4a000 rw-p 00000000 00:00 0                          [stack:28483]
7fac3ce4a000-7fac3ce4d000 ---p 00000000 00:00 0 
7fac3ce4d000-7fac3cf4b000 rw-p 00000000 00:00 0                          [stack:28482]
7fac3cf4b000-7fac3cf4e000 ---p 00000000 00:00 0 
7fac3cf4e000-7fac3d04c000 rw-p 00000000 00:00 0                          [stack:28481]
7fac3d04c000-7fac3d04f000 ---p 00000000 00:00 0 
7fac3d04f000-7fac3d14d000 rw-p 00000000 00:00 0                          [stack:28480]
7fac3d14d000-7fac3d150000 ---p 00000000 00:00 0 
7fac3d150000-7fac3d24e000 rw-p 00000000 00:00 0                          [stack:28479]
7fac3d24e000-7fac3d251000 ---p 00000000 00:00 0 
7fac3d251000-7fac3d34f000 rw-p 00000000 00:00 0                          [stack:28478]
7fac3d34f000-7fac3d352000 ---p 00000000 00:00 0 
7fac3d352000-7fac3d450000 rw-p 00000000 00:00 0                          [stack:28477]
7fac3d450000-7fac3d453000 ---p 00000000 00:00 0 
7fac3d453000-7fac3d551000 rw-p 00000000 00:00 0                          [stack:28476]
7fac3d551000-7fac3d554000 ---p 00000000 00:00 0 
7fac3d554000-7fac3d652000 rw-p 00000000 00:00 0                          [stack:28475]
7fac3d652000-7fac3d655000 ---p 00000000 00:00 0 
7fac3d655000-7fac3d753000 rw-p 00000000 00:00 0                          [stack:28471]
7fac3d753000-7fac3d756000 ---p 00000000 00:00 0 
7fac3d756000-7fac3d854000 rw-p 00000000 00:00 0                          [stack:28470]
7fac3d854000-7fac3d857000 ---p 00000000 00:00 0 
7fac3d857000-7fac3d955000 rw-p 00000000 00:00 0                          [stack:28469]
7fac3d955000-7fac3d958000 ---p 00000000 00:00 0 
7fac3d958000-7fac3da56000 rw-p 00000000 00:00 0                          [stack:28468]
7fac3da56000-7fac3da59000 ---p 00000000 00:00 0 
7fac3da59000-7fac3db57000 rw-p 00000000 00:00 0                          [stack:28467]
7fac3db57000-7fac3db5a000 ---p 00000000 00:00 0 
7fac3db5a000-7fac3dc58000 rw-p 00000000 00:00 0                          [stack:28466]
7fac3dc58000-7fac3dc5b000 ---p 00000000 00:00 0 
7fac3dc5b000-7fac3dd59000 rw-p 00000000 00:00 0                          [stack:28465]
7fac3dd59000-7fac3dd61000 r-xp 00000000 08:01 1461110                    /usr/lib/jvm/java-7-oracle/jre/lib/amd64/libmanagement.so
7fac3dd61000-7fac3df60000 ---p 00008000 08:01 1461110                    /usr/lib/jvm/java-7-oracle/jre/lib/amd64/libmanagement.so
7fac3df60000-7fac3df61000 rw-p 00007000 08:01 1461110                    /usr/lib/jvm/java-7-oracle/jre/lib/amd64/libmanagement.so
7fac3df61000-7fac3df64000 ---p 00000000 00:00 0 
7fac3df64000-7fac3e062000 rw-p 00000000 00:00 0                          [stack:28464]
7fac3e062000-7fac3e078000 r-xp 00000000 08:01 658924                     /usr/lib/libgcc_s.so.1
7fac3e078000-7fac3e277000 ---p 00016000 08:01 658924                     /usr/lib/libgcc_s.so.1
7fac3e277000-7fac3e278000 rw-p 00015000 08:01 658924                     /usr/lib/libgcc_s.so.1
7fac3e2a5000-7fac3e2a6000 rw-p 00000000 00:00 0 
7fac3e2a6000-7fac3e2aa000 r--s 0002d000 08:01 1460591                    /usr/lib/jvm/java-7-oracle/jre/lib/ext/sunjce_provider.jar
7fac3e2aa000-7fac3e2dc000 r-xp 00000000 08:01 1461080                    /usr/lib/jvm/java-7-oracle/jre/lib/amd64/libsunec.so
7fac3e2dc000-7fac3e4db000 ---p 00032000 08:01 1461080                    /usr/lib/jvm/java-7-oracle/jre/lib/amd64/libsunec.so
7fac3e4db000-7fac3e4e1000 rw-p 00031000 08:01 1461080                    /usr/lib/jvm/java-7-oracle/jre/lib/amd64/libsunec.so
7fac3e4e1000-7fac3e4f1000 rw-p 00000000 00:00 0 
7fac3e4f1000-7fac3e4f2000 r--s 00003000 08:01 1460592                    /usr/lib/jvm/java-7-oracle/jre/lib/ext/sunec.jar
7fac3e4f2000-7fac3e4f5000 r--s 00037000 08:01 1460595                    /usr/lib/jvm/java-7-oracle/jre/lib/ext/sunpkcs11.jar
7fac3e4f5000-7fac3e4f7000 r--s 00019000 08:01 1460583                    /usr/lib/jvm/java-7-oracle/jre/lib/jce.jar
7fac3e4f7000-7fac3e4fb000 r--s 0008a000 08:01 1460558                    /usr/lib/jvm/java-7-oracle/jre/lib/jsse.jar
7fac3e4fb000-7fac3e4fe000 ---p 00000000 00:00 0 
7fac3e4fe000-7fac3e5fc000 rw-p 00000000 00:00 0                          [stack:28463]
7fac3e5fc000-7fac3e5ff000 ---p 00000000 00:00 0 
7fac3e5ff000-7fac3e6fd000 rw-p 00000000 00:00 0                          [stack:28462]
7fac3e6fd000-7fac3e700000 ---p 00000000 00:00 0 
7fac3e700000-7fac3e7fe000 rw-p 00000000 00:00 0                          [stack:28461]
7fac3e7fe000-7fac3e814000 r-xp 00000000 08:01 1461067                    /usr/lib/jvm/java-7-oracle/jre/lib/amd64/libnet.so
7fac3e814000-7fac3ea14000 ---p 00016000 08:01 1461067                    /usr/lib/jvm/java-7-oracle/jre/lib/amd64/libnet.so
7fac3ea14000-7fac3ea15000 rw-p 00016000 08:01 1461067                    /usr/lib/jvm/java-7-oracle/jre/lib/amd64/libnet.so
7fac3ea15000-7fac3ea25000 r-xp 00000000 08:01 1461099                    /usr/lib/jvm/java-7-oracle/jre/lib/amd64/libnio.so
7fac3ea25000-7fac3ec25000 ---p 00010000 08:01 1461099                    /usr/lib/jvm/java-7-oracle/jre/lib/amd64/libnio.so
7fac3ec25000-7fac3ec26000 rw-p 00010000 08:01 1461099                    /usr/lib/jvm/java-7-oracle/jre/lib/amd64/libnio.so
7fac3ec26000-7fac3ec2f000 r--s 0002d000 08:01 6303291                    /home/cblop/Dropbox/Projects/puppetmaster/dist/xml-apis-1.4.01.jar
7fac3ec2f000-7fac3ec48000 r--s 00135000 08:01 6303290                    /home/cblop/Dropbox/Projects/puppetmaster/dist/xercesImpl-2.11.0.jar
7fac3ec48000-7fac3ec4f000 r--s 00048000 08:01 6303277                    /home/cblop/Dropbox/Projects/puppetmaster/dist/smackx-jingle-3.4.1-0cec571.jar
7fac3ec4f000-7fac3ec53000 r--s 000f7000 08:01 1460596                    /usr/lib/jvm/java-7-oracle/jre/lib/ext/localedata.jar
7fac3ec53000-7fac3ec5e000 r--s 0007d000 08:01 6303276                    /home/cblop/Dropbox/Projects/puppetmaster/dist/smackx-3.4.1-0cec571.jar
7fac3ec5e000-7fac3ec65000 r--s 00051000 08:01 6303275                    /home/cblop/Dropbox/Projects/puppetmaster/dist/smack-3.4.1-0cec571.jar
7fac3ec65000-7fac3ec67000 r--s 00005000 08:01 6303288                    /home/cblop/Dropbox/Projects/puppetmaster/dist/slf4j-api-1.6.4.jar
7fac3ec67000-7fac3ec69000 r--s 0000c000 08:01 6303302                    /home/cblop/Dropbox/Projects/puppetmaster/dist/puppetmaster.jar
7fac3ec69000-7fac3ec70000 r--s 0005b000 08:01 6303294                    /home/cblop/Dropbox/Projects/puppetmaster/dist/mongo-2.10.1.jar
7fac3ec70000-7fac3ec79000 r--s 0006d000 08:01 6303287                    /home/cblop/Dropbox/Projects/puppetmaster/dist/log4j-1.2.16.jar
7fac3ec79000-7fac3ec8a000 r--s 00095000 08:01 6303300                    /home/cblop/Dropbox/Projects/puppetmaster/dist/jersey-server-1.4.jar
7fac3ec8a000-7fac3ec8d000 r--s 0000a000 08:01 6303299                    /home/cblop/Dropbox/Projects/puppetmaster/dist/jersey-multipart-1.4.jar
7fac3ec8d000-7fac3ec90000 r--s 00020000 08:01 6303298                    /home/cblop/Dropbox/Projects/puppetmaster/dist/jersey-json-1.4.jar
7fac3ec90000-7fac3ec9b000 r--s 00065000 08:01 6303297                    /home/cblop/Dropbox/Projects/puppetmaster/dist/jersey-core-1.4.jar
7fac3ec9b000-7fac3ec9f000 r--s 0001b000 08:01 6303296                    /home/cblop/Dropbox/Projects/puppetmaster/dist/jersey-client-1.4.jar
7fac3ec9f000-7fac3ecaa000 r--s 00082000 08:01 6303286                    /home/cblop/Dropbox/Projects/puppetmaster/dist/jena-tdb-1.0.0.jar
7fac3ecaa000-7fac3ecb6000 r--s 00076000 08:01 6303285                    /home/cblop/Dropbox/Projects/puppetmaster/dist/jena-sdb-1.4.0.jar
7fac3ecb6000-7fac3ecb9000 r--s 0001f000 08:01 6303284                    /home/cblop/Dropbox/Projects/puppetmaster/dist/jena-iri-1.0.0.jar
7fac3ecb9000-7fac3ecd5000 r--s 00155000 08:01 6303283                    /home/cblop/Dropbox/Projects/puppetmaster/dist/jena-core-2.11.0.jar
7fac3ecd5000-7fac3ed06000 r--s 00258000 08:01 6303282                    /home/cblop/Dropbox/Projects/puppetmaster/dist/jena-arq-2.11.0.jar
7fac3ed06000-7fac3ed09000 r--s 00023000 08:01 6303295                    /home/cblop/Dropbox/Projects/puppetmaster/dist/jdom.jar
7fac3ed09000-7fac3ed15000 r--s 000d2000 08:01 6303293                    /home/cblop/Dropbox/Projects/puppetmaster/dist/jason.jar
7fac3ed15000-7fac3ed1b000 r--s 00031000 08:01 6303280                    /home/cblop/Dropbox/Projects/puppetmaster/dist/httpcore-4.2.2.jar
7fac3ed1b000-7fac3ed24000 r--s 00061000 08:01 6303279                    /home/cblop/Dropbox/Projects/puppetmaster/dist/httpclient-4.2.3.jar
7fac3ed24000-7fac3ed25000 ---p 00000000 00:00 0 
7fac3ed25000-7fac3ee25000 rw-p 00000000 00:00 0                          [stack:28457]
7fac3ee25000-7fac3ee28000 ---p 00000000 00:00 0 
7fac3ee28000-7fac3ef26000 rw-p 00000000 00:00 0                          [stack:28456]
7fac3ef26000-7fac3ef29000 ---p 00000000 00:00 0 
7fac3ef29000-7fac3f027000 rw-p 00000000 00:00 0                          [stack:28455]
7fac3f027000-7fac3f02a000 ---p 00000000 00:00 0 
7fac3f02a000-7fac3f128000 rw-p 00000000 00:00 0                          [stack:28454]
7fac3f128000-7fac3f12b000 ---p 00000000 00:00 0 
7fac3f12b000-7fac3f229000 rw-p 00000000 00:00 0                          [stack:28453]
7fac3f229000-7fac3f3b2000 r--p 00000000 08:01 658900                     /usr/lib/locale/locale-archive
7fac3f3b2000-7fac3f3b5000 ---p 00000000 00:00 0 
7fac3f3b5000-7fac3f4b3000 rw-p 00000000 00:00 0                          [stack:28452]
7fac3f4b3000-7fac3f4b6000 ---p 00000000 00:00 0 
7fac3f4b6000-7fac3f5b4000 rw-p 00000000 00:00 0                          [stack:28451]
7fac3f5b4000-7fac3f5b5000 ---p 00000000 00:00 0 
7fac3f5b5000-7fac40000000 rw-p 00000000 00:00 0                          [stack:28450]
7fac40000000-7fac40021000 rw-p 00000000 00:00 0 
7fac40021000-7fac44000000 ---p 00000000 00:00 0 
7fac44000000-7fac44001000 r--s 00002000 08:01 6303289                    /home/cblop/Dropbox/Projects/puppetmaster/dist/slf4j-log4j12-1.6.4.jar
7fac44001000-7fac44003000 r--s 00003000 08:01 6303281                    /home/cblop/Dropbox/Projects/puppetmaster/dist/jcl-over-slf4j-1.6.4.jar
7fac44003000-7fac44008000 r--s 00046000 08:01 6303274                    /home/cblop/Dropbox/Projects/puppetmaster/dist/commons-lang3-3.0.jar
7fac44008000-7fac44053000 rw-p 00000000 00:00 0 
7fac44053000-7fac44212000 r--s 039e5000 08:01 1460565                    /usr/lib/jvm/java-7-oracle/jre/lib/rt.jar
7fac44212000-7fac4873f000 rw-p 00000000 00:00 0 
7fac4873f000-7fac48740000 ---p 00000000 00:00 0 
7fac48740000-7fac48840000 rw-p 00000000 00:00 0                          [stack:28449]
7fac48840000-7fac48841000 ---p 00000000 00:00 0 
7fac48841000-7fac4894c000 rw-p 00000000 00:00 0                          [stack:28448]
7fac4894c000-7fac4896a000 rw-p 00000000 00:00 0 
7fac4896a000-7fac48993000 rw-p 00000000 00:00 0 
7fac48993000-7fac48bfc000 rw-p 00000000 00:00 0 
7fac48bfc000-7fac48c07000 rw-p 00000000 00:00 0 
7fac48c07000-7fac48c25000 rw-p 00000000 00:00 0 
7fac48c25000-7fac48c4e000 rw-p 00000000 00:00 0 
7fac48c4e000-7fac48eb6000 rw-p 00000000 00:00 0 
7fac48eb6000-7fac48f3c000 rw-p 00000000 00:00 0 
7fac48f3c000-7fac48fff000 rw-p 00000000 00:00 0 
7fac48fff000-7fac49000000 rw-p 00000000 00:00 0 
7fac49000000-7fac49270000 rwxp 00000000 00:00 0 
7fac49270000-7fac4c4e5000 rw-p 00000000 00:00 0 
7fac4c4e5000-7fac50000000 ---p 00000000 00:00 0 
7fac50000000-7fac50001000 r--s 00001000 08:01 6303301                    /home/cblop/Dropbox/Projects/puppetmaster/dist/libInstClient.jar
7fac50001000-7fac50022000 rw-p 00000000 00:00 0 
7fac50022000-7fac5003c000 r-xp 00000000 08:01 1461111                    /usr/lib/jvm/java-7-oracle/jre/lib/amd64/libzip.so
7fac5003c000-7fac5023c000 ---p 0001a000 08:01 1461111                    /usr/lib/jvm/java-7-oracle/jre/lib/amd64/libzip.so
7fac5023c000-7fac5023d000 rw-p 0001a000 08:01 1461111                    /usr/lib/jvm/java-7-oracle/jre/lib/amd64/libzip.so
7fac5023d000-7fac50248000 r-xp 00000000 08:01 658479                     /usr/lib/libnss_files-2.20.so
7fac50248000-7fac50448000 ---p 0000b000 08:01 658479                     /usr/lib/libnss_files-2.20.so
7fac50448000-7fac50449000 r--p 0000b000 08:01 658479                     /usr/lib/libnss_files-2.20.so
7fac50449000-7fac5044a000 rw-p 0000c000 08:01 658479                     /usr/lib/libnss_files-2.20.so
7fac5044a000-7fac50473000 r-xp 00000000 08:01 1461096                    /usr/lib/jvm/java-7-oracle/jre/lib/amd64/libjava.so
7fac50473000-7fac50673000 ---p 00029000 08:01 1461096                    /usr/lib/jvm/java-7-oracle/jre/lib/amd64/libjava.so
7fac50673000-7fac50675000 rw-p 00029000 08:01 1461096                    /usr/lib/jvm/java-7-oracle/jre/lib/amd64/libjava.so
7fac50675000-7fac50682000 r-xp 00000000 08:01 1461066                    /usr/lib/jvm/java-7-oracle/jre/lib/amd64/libverify.so
7fac50682000-7fac50881000 ---p 0000d000 08:01 1461066                    /usr/lib/jvm/java-7-oracle/jre/lib/amd64/libverify.so
7fac50881000-7fac50883000 rw-p 0000c000 08:01 1461066                    /usr/lib/jvm/java-7-oracle/jre/lib/amd64/libverify.so
7fac50883000-7fac5088a000 r-xp 00000000 08:01 658573                     /usr/lib/librt-2.20.so
7fac5088a000-7fac50a89000 ---p 00007000 08:01 658573                     /usr/lib/librt-2.20.so
7fac50a89000-7fac50a8a000 r--p 00006000 08:01 658573                     /usr/lib/librt-2.20.so
7fac50a8a000-7fac50a8b000 rw-p 00007000 08:01 658573                     /usr/lib/librt-2.20.so
7fac50a8b000-7fac50b8e000 r-xp 00000000 08:01 658551                     /usr/lib/libm-2.20.so
7fac50b8e000-7fac50d8e000 ---p 00103000 08:01 658551                     /usr/lib/libm-2.20.so
7fac50d8e000-7fac50d8f000 r--p 00103000 08:01 658551                     /usr/lib/libm-2.20.so
7fac50d8f000-7fac50d90000 rw-p 00104000 08:01 658551                     /usr/lib/libm-2.20.so
7fac50d90000-7fac51900000 r-xp 00000000 08:01 1461121                    /usr/lib/jvm/java-7-oracle/jre/lib/amd64/server/libjvm.so
7fac51900000-7fac51aff000 ---p 00b70000 08:01 1461121                    /usr/lib/jvm/java-7-oracle/jre/lib/amd64/server/libjvm.so
7fac51aff000-7fac51bc4000 rw-p 00b6f000 08:01 1461121                    /usr/lib/jvm/java-7-oracle/jre/lib/amd64/server/libjvm.so
7fac51bc4000-7fac51c04000 rw-p 00000000 00:00 0 
7fac51c04000-7fac51d9d000 r-xp 00000000 08:01 658553                     /usr/lib/libc-2.20.so
7fac51d9d000-7fac51f9d000 ---p 00199000 08:01 658553                     /usr/lib/libc-2.20.so
7fac51f9d000-7fac51fa1000 r--p 00199000 08:01 658553                     /usr/lib/libc-2.20.so
7fac51fa1000-7fac51fa3000 rw-p 0019d000 08:01 658553                     /usr/lib/libc-2.20.so
7fac51fa3000-7fac51fa7000 rw-p 00000000 00:00 0 
7fac51fa7000-7fac51faa000 r-xp 00000000 08:01 658477                     /usr/lib/libdl-2.20.so
7fac51faa000-7fac521a9000 ---p 00003000 08:01 658477                     /usr/lib/libdl-2.20.so
7fac521a9000-7fac521aa000 r--p 00002000 08:01 658477                     /usr/lib/libdl-2.20.so
7fac521aa000-7fac521ab000 rw-p 00003000 08:01 658477                     /usr/lib/libdl-2.20.so
7fac521ab000-7fac521c1000 r-xp 00000000 08:01 1461125                    /usr/lib/jvm/java-7-oracle/jre/lib/amd64/jli/libjli.so
7fac521c1000-7fac523c1000 ---p 00016000 08:01 1461125                    /usr/lib/jvm/java-7-oracle/jre/lib/amd64/jli/libjli.so
7fac523c1000-7fac523c2000 rw-p 00016000 08:01 1461125                    /usr/lib/jvm/java-7-oracle/jre/lib/amd64/jli/libjli.so
7fac523c2000-7fac523d9000 r-xp 00000000 08:01 658484                     /usr/lib/libpthread-2.20.so
7fac523d9000-7fac525d8000 ---p 00017000 08:01 658484                     /usr/lib/libpthread-2.20.so
7fac525d8000-7fac525d9000 r--p 00016000 08:01 658484                     /usr/lib/libpthread-2.20.so
7fac525d9000-7fac525da000 rw-p 00017000 08:01 658484                     /usr/lib/libpthread-2.20.so
7fac525da000-7fac525de000 rw-p 00000000 00:00 0 
7fac525de000-7fac52600000 r-xp 00000000 08:01 658481                     /usr/lib/ld-2.20.so
7fac52600000-7fac52601000 r--s 00005000 08:01 6303292                    /home/cblop/Dropbox/Projects/puppetmaster/dist/json-simple-1.1.1.jar
7fac52601000-7fac52607000 r--s 00033000 08:01 6303278                    /home/cblop/Dropbox/Projects/puppetmaster/dist/commons-codec-1.6.jar
7fac52607000-7fac52611000 rw-p 00000000 00:00 0 
7fac52611000-7fac526c7000 rw-p 00000000 00:00 0 
7fac526c7000-7fac526ca000 ---p 00000000 00:00 0 
7fac526ca000-7fac527f5000 rw-p 00000000 00:00 0                          [stack:28445]
7fac527f5000-7fac527fd000 rw-s 00000000 00:1d 1101990                    /tmp/hsperfdata_cblop/28442
7fac527fd000-7fac527fe000 rw-p 00000000 00:00 0 
7fac527fe000-7fac527ff000 ---p 00000000 00:00 0 
7fac527ff000-7fac52800000 r--p 00021000 08:01 658481                     /usr/lib/ld-2.20.so
7fac52800000-7fac52801000 rw-p 00022000 08:01 658481                     /usr/lib/ld-2.20.so
7fac52801000-7fac52802000 rw-p 00000000 00:00 0 
7fff336ff000-7fff33720000 rw-p 00000000 00:00 0                          [stack]
7fff337fc000-7fff337fe000 r-xp 00000000 00:00 0                          [vdso]
7fff337fe000-7fff33800000 r--p 00000000 00:00 0                          [vvar]
ffffffffff600000-ffffffffff601000 r-xp 00000000 00:00 0                  [vsyscall]

VM Arguments:
java_command: edu.bath.puppetmaster.RunShow
Launcher Type: SUN_STANDARD

Environment Variables:
JAVA_HOME=/usr/lib/jvm/default
PATH=/usr/local/sbin:/usr/local/bin:/usr/bin:/usr/bin/core_perl:/home/cblop/bin:/home/cblop/.gem/ruby/2.1.0/bin
SHELL=/bin/zsh
DISPLAY=:0

Signal Handlers:
SIGSEGV: [libjvm.so+0x99f4a0], sa_mask[0]=0x7ffbfeff, sa_flags=0x10000004
SIGBUS: [libjvm.so+0x99f4a0], sa_mask[0]=0x7ffbfeff, sa_flags=0x10000004
SIGFPE: [libjvm.so+0x81a860], sa_mask[0]=0x7ffbfeff, sa_flags=0x10000004
SIGPIPE: [libjvm.so+0x81a860], sa_mask[0]=0x7ffbfeff, sa_flags=0x10000004
SIGXFSZ: [libjvm.so+0x81a860], sa_mask[0]=0x7ffbfeff, sa_flags=0x10000004
SIGILL: [libjvm.so+0x81a860], sa_mask[0]=0x7ffbfeff, sa_flags=0x10000004
SIGUSR1: SIG_DFL, sa_mask[0]=0x00000000, sa_flags=0x00000000
SIGUSR2: [libjvm.so+0x81c060], sa_mask[0]=0x00000004, sa_flags=0x10000004
SIGHUP: [libjvm.so+0x81d160], sa_mask[0]=0x7ffbfeff, sa_flags=0x10000004
SIGINT: [libjvm.so+0x81d160], sa_mask[0]=0x7ffbfeff, sa_flags=0x10000004
SIGTERM: [libjvm.so+0x81d160], sa_mask[0]=0x7ffbfeff, sa_flags=0x10000004
SIGQUIT: [libjvm.so+0x81d160], sa_mask[0]=0x7ffbfeff, sa_flags=0x10000004


---------------  S Y S T E M  ---------------

OS:Linux
uname:Linux 3.16.3-1-ARCH #1 SMP PREEMPT Wed Sep 17 21:54:13 CEST 2014 x86_64
libc:glibc 2.20 NPTL 2.20 
rlimit: STACK 8192k, CORE 0k, NPROC 31521, NOFILE 4096, AS infinity
load average:1.10 0.66 0.56

/proc/meminfo:
MemTotal:        8075044 kB
MemFree:          155628 kB
MemAvailable:     139344 kB
Buffers:             448 kB
Cached:           595220 kB
SwapCached:            0 kB
Active:          7062384 kB
Inactive:         572168 kB
Active(anon):    7041356 kB
Inactive(anon):   545060 kB
Active(file):      21028 kB
Inactive(file):    27108 kB
Unevictable:           0 kB
Mlocked:               0 kB
SwapTotal:             0 kB
SwapFree:              0 kB
Dirty:                 0 kB
Writeback:             0 kB
AnonPages:       7039216 kB
Mapped:            94604 kB
Shmem:            547216 kB
Slab:             122844 kB
SReclaimable:      88232 kB
SUnreclaim:        34612 kB
KernelStack:        8704 kB
PageTables:        43476 kB
NFS_Unstable:          0 kB
Bounce:                0 kB
WritebackTmp:          0 kB
CommitLimit:     4037520 kB
Committed_AS:   13983640 kB
VmallocTotal:   34359738367 kB
VmallocUsed:      365036 kB
VmallocChunk:   34359369488 kB
HardwareCorrupted:     0 kB
AnonHugePages:   4421632 kB
HugePages_Total:       0
HugePages_Free:        0
HugePages_Rsvd:        0
HugePages_Surp:        0
Hugepagesize:       2048 kB
DirectMap4k:      117160 kB
DirectMap2M:     8165376 kB


CPU:total 2 (2 cores per cpu, 1 threads per core) family 6 model 23 stepping 6, cmov, cx8, fxsr, mmx, sse, sse2, sse3, ssse3, sse4.1, tsc

/proc/cpuinfo:
processor	: 0
vendor_id	: GenuineIntel
cpu family	: 6
model		: 23
model name	: Intel(R) Core(TM)2 Duo CPU     L9300  @ 1.60GHz
stepping	: 6
microcode	: 0x60c
cpu MHz		: 1596.156
cache size	: 6144 KB
physical id	: 0
siblings	: 2
core id		: 0
cpu cores	: 2
apicid		: 0
initial apicid	: 0
fpu		: yes
fpu_exception	: yes
cpuid level	: 10
wp		: yes
flags		: fpu vme de pse tsc msr pae mce cx8 apic sep mtrr pge mca cmov pat pse36 clflush dts acpi mmx fxsr sse sse2 ss ht tm pbe syscall nx lm constant_tsc arch_perfmon pebs bts nopl aperfmperf pni dtes64 monitor ds_cpl vmx smx est tm2 ssse3 cx16 xtpr pdcm sse4_1 lahf_lm dtherm tpr_shadow vnmi flexpriority
bogomips	: 3193.32
clflush size	: 64
cache_alignment	: 64
address sizes	: 36 bits physical, 48 bits virtual
power management:

processor	: 1
vendor_id	: GenuineIntel
cpu family	: 6
model		: 23
model name	: Intel(R) Core(TM)2 Duo CPU     L9300  @ 1.60GHz
stepping	: 6
microcode	: 0x60c
cpu MHz		: 1596.156
cache size	: 6144 KB
physical id	: 0
siblings	: 2
core id		: 1
cpu cores	: 2
apicid		: 1
initial apicid	: 1
fpu		: yes
fpu_exception	: yes
cpuid level	: 10
wp		: yes
flags		: fpu vme de pse tsc msr pae mce cx8 apic sep mtrr pge mca cmov pat pse36 clflush dts acpi mmx fxsr sse sse2 ss ht tm pbe syscall nx lm constant_tsc arch_perfmon pebs bts nopl aperfmperf pni dtes64 monitor ds_cpl vmx smx est tm2 ssse3 cx16 xtpr pdcm sse4_1 lahf_lm dtherm tpr_shadow vnmi flexpriority
bogomips	: 3193.32
clflush size	: 64
cache_alignment	: 64
address sizes	: 36 bits physical, 48 bits virtual
power management:



Memory: 4k page, physical 8075044k(155380k free), swap 0k(0k free)

vm_info: Java HotSpot(TM) 64-Bit Server VM (24.65-b04) for linux-amd64 JRE (1.7.0_67-b01), built on Jul 25 2014 09:20:21 by "java_re" with gcc 4.3.0 20080428 (Red Hat 4.3.0-8)

time: Wed Oct  8 10:39:08 2014
elapsed time: 16 seconds

