#
# There is insufficient memory for the Java Runtime Environment to continue.
# Native memory allocation (malloc) failed to allocate 265289728 bytes for committing reserved memory.
# Possible reasons:
#   The system is out of physical RAM or swap space
#   In 32 bit mode, the process size limit was hit
# Possible solutions:
#   Reduce memory load on the system
#   Increase physical memory or swap space
#   Check if swap backing store is full
#   Use 64 bit Java on a 64 bit OS
#   Decrease Java heap size (-Xmx/-Xms)
#   Decrease number of Java threads
#   Decrease Java thread stack sizes (-Xss)
#   Set larger code cache with -XX:ReservedCodeCacheSize=
# This output file may be truncated or incomplete.
#
#  Out of Memory Error (os_linux.cpp:2745), pid=31385, tid=140376363943680
#
# JRE version: Java(TM) SE Runtime Environment (7.0_67-b01) (build 1.7.0_67-b01)
# Java VM: Java HotSpot(TM) 64-Bit Server VM (24.65-b04 mixed mode linux-amd64 compressed oops)
# Failed to write core dump. Core dumps have been disabled. To enable core dumping, try "ulimit -c unlimited" before starting Java again
#

---------------  T H R E A D  ---------------

Current thread (0x00007fabf8064800):  VMThread [stack: 0x00007fabeb3ec000,0x00007fabeb4ed000] [id=31393]

Stack: [0x00007fabeb3ec000,0x00007fabeb4ed000],  sp=0x00007fabeb4eb200,  free space=1020k
Native frames: (J=compiled Java code, j=interpreted, Vv=VM code, C=native code)
V  [libjvm.so+0x99eb8a]  JVM_handle_linux_signal+0x17b36a
V  [libjvm.so+0x49721b]  sem_destroy+0x49721b
V  [libjvm.so+0x81d9ae]  fork1+0x19ee
V  [libjvm.so+0x81def9]  fork1+0x1f39
V  [libjvm.so+0x817caa]  JVM_RaiseSignal+0x188f7a
V  [libjvm.so+0x88a7a3]  JVM_handle_linux_signal+0x66f83
V  [libjvm.so+0x88bb78]  JVM_handle_linux_signal+0x68358
V  [libjvm.so+0x88ace2]  JVM_handle_linux_signal+0x674c2
V  [libjvm.so+0x888133]  JVM_handle_linux_signal+0x64913
V  [libjvm.so+0x8888e1]  JVM_handle_linux_signal+0x650c1
V  [libjvm.so+0x83f510]  JVM_handle_linux_signal+0x1bcf0
V  [libjvm.so+0x9a0417]  JVM_handle_linux_signal+0x17cbf7
V  [libjvm.so+0x9a78b5]  JVM_handle_linux_signal+0x184095
V  [libjvm.so+0x9a5c7a]  JVM_handle_linux_signal+0x18245a
V  [libjvm.so+0x9a5ffe]  JVM_handle_linux_signal+0x1827de
V  [libjvm.so+0x9a6470]  JVM_handle_linux_signal+0x182c50
V  [libjvm.so+0x81f988]  fork1+0x39c8

VM_Operation (0x00007fabe8289590): ParallelGCFailedAllocation, mode: safepoint, requested by thread 0x00007fabf81d4800


---------------  P R O C E S S  ---------------

Java Threads: ( => current thread )
  0x00007fabcc020000 JavaThread "process reaper" daemon [_thread_blocked, id=31457, stack(0x00007fabe8017000,0x00007fabe8050000)]
  0x00007fabcc004000 JavaThread "process reaper" daemon [_thread_in_native, id=31448, stack(0x00007fabe8050000,0x00007fabe8089000)]
  0x00007fabf8009000 JavaThread "DestroyJavaVM" [_thread_blocked, id=31389, stack(0x00007fabfe512000,0x00007fabfe613000)]
  0x00007fabf8437800 JavaThread "Thread-24" [_thread_blocked, id=31447, stack(0x00007fabb7dfe000,0x00007fabb7eff000)]
  0x00007fabf8435800 JavaThread "Thread-23" [_thread_blocked, id=31446, stack(0x00007fabb7eff000,0x00007fabb8000000)]
  0x00007fabf8434000 JavaThread "Thread-22" [_thread_blocked, id=31445, stack(0x00007fabe8089000,0x00007fabe818a000)]
  0x00007fabf81d4800 JavaThread "Thread-21" [_thread_blocked, id=31443, stack(0x00007fabe818a000,0x00007fabe828b000)]
  0x00007fabf81d2800 JavaThread "Thread-20" [_thread_blocked, id=31442, stack(0x00007fabe828b000,0x00007fabe838c000)]
  0x00007fabf81d1000 JavaThread "Thread-19" [_thread_in_native, id=31441, stack(0x00007fabe838c000,0x00007fabe848d000)]
  0x00007fabf81cf800 JavaThread "Thread-18" [_thread_in_native, id=31440, stack(0x00007fabe848d000,0x00007fabe858e000)]
  0x00007fabc4007000 JavaThread "Smack Listener Processor (7)" daemon [_thread_blocked, id=31434, stack(0x00007fabe858e000,0x00007fabe868f000)]
  0x00007fabf83b7000 JavaThread "Smack Packet Reader (7)" daemon [_thread_in_native, id=31433, stack(0x00007fabe868f000,0x00007fabe8790000)]
  0x00007fabf83b5000 JavaThread "Smack Packet Writer (7)" daemon [_thread_blocked, id=31432, stack(0x00007fabe8790000,0x00007fabe8891000)]
  0x00007fabb0001800 JavaThread "Smack Listener Processor (6)" daemon [_thread_blocked, id=31428, stack(0x00007fabe8891000,0x00007fabe8992000)]
  0x00007fabf83b1000 JavaThread "Smack Packet Reader (6)" daemon [_thread_in_native, id=31427, stack(0x00007fabe8992000,0x00007fabe8a93000)]
  0x00007fabf82e7800 JavaThread "Smack Packet Writer (6)" daemon [_thread_blocked, id=31426, stack(0x00007fabe8a93000,0x00007fabe8b94000)]
  0x00007fabec001000 JavaThread "Smack Listener Processor (5)" daemon [_thread_blocked, id=31425, stack(0x00007fabe8b94000,0x00007fabe8c95000)]
  0x00007fabf82e3800 JavaThread "Smack Packet Reader (5)" daemon [_thread_in_native, id=31424, stack(0x00007fabe8c95000,0x00007fabe8d96000)]
  0x00007fabf82e2000 JavaThread "Smack Packet Writer (5)" daemon [_thread_blocked, id=31423, stack(0x00007fabe8d96000,0x00007fabe8e97000)]
  0x00007fabd8006800 JavaThread "Smack Listener Processor (4)" daemon [_thread_blocked, id=31422, stack(0x00007fabe8e97000,0x00007fabe8f98000)]
  0x00007fabf82e0800 JavaThread "Smack Packet Reader (4)" daemon [_thread_in_native, id=31421, stack(0x00007fabe8f98000,0x00007fabe9099000)]
  0x00007fabf8304000 JavaThread "Smack Packet Writer (4)" daemon [_thread_blocked, id=31420, stack(0x00007fabe9099000,0x00007fabe919a000)]
  0x00007fabd429b800 JavaThread "Smack Listener Processor (3)" daemon [_thread_blocked, id=31419, stack(0x00007fabe919a000,0x00007fabe929b000)]
  0x00007fabf8302000 JavaThread "Smack Packet Reader (3)" daemon [_thread_in_native, id=31418, stack(0x00007fabe929b000,0x00007fabe939c000)]
  0x00007fabf8301800 JavaThread "Smack Packet Writer (3)" daemon [_thread_blocked, id=31417, stack(0x00007fabe939c000,0x00007fabe949d000)]
  0x00007fabc0001000 JavaThread "Smack Listener Processor (2)" daemon [_thread_blocked, id=31413, stack(0x00007fabe949d000,0x00007fabe959e000)]
  0x00007fabf8452800 JavaThread "Smack Packet Reader (2)" daemon [_thread_in_native, id=31412, stack(0x00007fabe959e000,0x00007fabe969f000)]
  0x00007fabf8441000 JavaThread "Smack Packet Writer (2)" daemon [_thread_blocked, id=31411, stack(0x00007fabe969f000,0x00007fabe97a0000)]
  0x00007fabbc002000 JavaThread "Smack Listener Processor (1)" daemon [_thread_blocked, id=31410, stack(0x00007fabe97a0000,0x00007fabe98a1000)]
  0x00007fabf844a800 JavaThread "Smack Packet Reader (1)" daemon [_thread_in_native, id=31409, stack(0x00007fabe98a1000,0x00007fabe99a2000)]
  0x00007fabf8449000 JavaThread "Smack Packet Writer (1)" daemon [_thread_blocked, id=31408, stack(0x00007fabe99a2000,0x00007fabe9aa3000)]
  0x00007fabf83ea000 JavaThread "MongoCleaner868960203" daemon [_thread_blocked, id=31407, stack(0x00007fabe9aa3000,0x00007fabe9ba4000)]
  0x00007fabb8003000 JavaThread "Smack Listener Processor (0)" daemon [_thread_blocked, id=31406, stack(0x00007fabe9dac000,0x00007fabe9ead000)]
  0x00007fabf833d000 JavaThread "Smack Keepalive" daemon [_thread_blocked, id=31405, stack(0x00007fabea346000,0x00007fabea447000)]
  0x00007fabf8339000 JavaThread "Smack Packet Reader (0)" daemon [_thread_in_native, id=31404, stack(0x00007fabea447000,0x00007fabea548000)]
  0x00007fabf8337000 JavaThread "Smack Packet Writer (0)" daemon [_thread_blocked, id=31403, stack(0x00007fabea548000,0x00007fabea649000)]
  0x00007fabf8091800 JavaThread "Service Thread" daemon [_thread_blocked, id=31399, stack(0x00007fabeac5d000,0x00007fabead5e000)]
  0x00007fabf808f000 JavaThread "C2 CompilerThread1" daemon [_thread_blocked, id=31398, stack(0x00007fabead5e000,0x00007fabeae5f000)]
  0x00007fabf808c000 JavaThread "C2 CompilerThread0" daemon [_thread_blocked, id=31397, stack(0x00007fabeae5f000,0x00007fabeaf60000)]
  0x00007fabf808a800 JavaThread "Signal Dispatcher" daemon [_thread_blocked, id=31396, stack(0x00007fabeaf60000,0x00007fabeb061000)]
  0x00007fabf806a800 JavaThread "Finalizer" daemon [_thread_blocked, id=31395, stack(0x00007fabeb1ea000,0x00007fabeb2eb000)]
  0x00007fabf8068800 JavaThread "Reference Handler" daemon [_thread_blocked, id=31394, stack(0x00007fabeb2eb000,0x00007fabeb3ec000)]

Other Threads:
=>0x00007fabf8064800 VMThread [stack: 0x00007fabeb3ec000,0x00007fabeb4ed000] [id=31393]
  0x00007fabf80a4000 WatcherThread [stack: 0x00007fabeab5c000,0x00007fabeac5d000] [id=31400]

VM state:at safepoint (normal execution)

VM Mutex/Monitor currently owned by a thread:  ([mutex/lock_event])
[0x00007fabf8006dd0] Threads_lock - owner thread: 0x00007fabf8064800
[0x00007fabf80072d0] Heap_lock - owner thread: 0x00007fabf81d4800

Heap
 PSYoungGen      total 263680K, used 192K [0x00000007d6e80000, 0x00000007e7580000, 0x0000000800000000)
  eden space 258048K, 0% used [0x00000007d6e80000,0x00000007d6e80000,0x00000007e6a80000)
  from space 5632K, 3% used [0x00000007e6a80000,0x00000007e6ab0020,0x00000007e7000000)
  to   space 5632K, 0% used [0x00000007e7000000,0x00000007e7000000,0x00000007e7580000)
 ParOldGen       total 83968K, used 4351K [0x0000000784c00000, 0x0000000789e00000, 0x00000007d6e80000)
  object space 83968K, 5% used [0x0000000784c00000,0x000000078503fd50,0x0000000789e00000)
 PSPermGen       total 21504K, used 12461K [0x000000077fa00000, 0x0000000780f00000, 0x0000000784c00000)
  object space 21504K, 57% used [0x000000077fa00000,0x000000078062b738,0x0000000780f00000)

Card table byte_map: [0x00007fabf49e1000,0x00007fabf4de5000] byte_map_base: 0x00007fabf0de4000

Polling page: 0x00007fabfe649000

Code Cache  [0x00007fabf4de5000, 0x00007fabf5055000, 0x00007fabf7de5000)
 total_blobs=532 nmethods=234 adapters=252 free_code_cache=48157Kb largest_free_block=49282624

Compilation events (10 events):
Event: 18.413 Thread 0x00007fabf808c000 nmethod 236 0x00007fabf4eda390 code [0x00007fabf4eda540, 0x00007fabf4eda928]
Event: 18.413 Thread 0x00007fabf808c000  237             java.util.regex.Matcher::search (109 bytes)
Event: 18.488 Thread 0x00007fabf808c000 nmethod 237 0x00007fabf4eddc10 code [0x00007fabf4eddd80, 0x00007fabf4ede0e8]
Event: 18.488 Thread 0x00007fabf808c000  238             java.util.regex.Pattern$Dot::isSatisfiedBy (34 bytes)
Event: 18.517 Thread 0x00007fabf808c000 nmethod 238 0x00007fabf4ed8c10 code [0x00007fabf4ed8d40, 0x00007fabf4ed8dd8]
Event: 18.517 Thread 0x00007fabf808c000  239             java.util.regex.Pattern$BitClass::isSatisfiedBy (22 bytes)
Event: 18.518 Thread 0x00007fabf808c000 nmethod 239 0x00007fabf4ede3d0 code [0x00007fabf4ede520, 0x00007fabf4ede5d8]
Event: 18.533 Thread 0x00007fabf808c000  240             java.util.regex.Pattern$CharProperty::match (56 bytes)
Event: 18.563 Thread 0x00007fabf808f000 nmethod 232 0x00007fabf4ee27d0 code [0x00007fabf4ee2a60, 0x00007fabf4ee3c00]
Event: 18.704 Thread 0x00007fabf808c000 nmethod 240 0x00007fabf4edefd0 code [0x00007fabf4edf200, 0x00007fabf4edfb68]

GC Heap History (10 events):
Event: 16.324 GC heap after
Heap after GC invocations=2 (full 0):
 PSYoungGen      total 69632K, used 4896K [0x00000007d6e80000, 0x00000007db780000, 0x0000000800000000)
  eden space 64512K, 0% used [0x00000007d6e80000,0x00000007d6e80000,0x00000007dad80000)
  from space 5120K, 95% used [0x00000007db280000,0x00000007db748258,0x00000007db780000)
  to   space 5120K, 0% used [0x00000007dad80000,0x00000007dad80000,0x00000007db280000)
 ParOldGen       total 83968K, used 16K [0x0000000784c00000, 0x0000000789e00000, 0x00000007d6e80000)
  object space 83968K, 0% used [0x0000000784c00000,0x0000000784c04000,0x0000000789e00000)
 PSPermGen       total 21504K, used 12296K [0x000000077fa00000, 0x0000000780f00000, 0x0000000784c00000)
  object space 21504K, 57% used [0x000000077fa00000,0x0000000780602248,0x0000000780f00000)
}
Event: 17.638 GC heap before
{Heap before GC invocations=3 (full 0):
 PSYoungGen      total 69632K, used 69408K [0x00000007d6e80000, 0x00000007db780000, 0x0000000800000000)
  eden space 64512K, 100% used [0x00000007d6e80000,0x00000007dad80000,0x00000007dad80000)
  from space 5120K, 95% used [0x00000007db280000,0x00000007db748258,0x00000007db780000)
  to   space 5120K, 0% used [0x00000007dad80000,0x00000007dad80000,0x00000007db280000)
 ParOldGen       total 83968K, used 16K [0x0000000784c00000, 0x0000000789e00000, 0x00000007d6e80000)
  object space 83968K, 0% used [0x0000000784c00000,0x0000000784c04000,0x0000000789e00000)
 PSPermGen       total 21504K, used 12312K [0x000000077fa00000, 0x0000000780f00000, 0x0000000784c00000)
  object space 21504K, 57% used [0x000000077fa00000,0x00000007806063c8,0x0000000780f00000)
Event: 17.703 GC heap after
Heap after GC invocations=3 (full 0):
 PSYoungGen      total 69632K, used 4464K [0x00000007d6e80000, 0x00000007df680000, 0x0000000800000000)
  eden space 64512K, 0% used [0x00000007d6e80000,0x00000007d6e80000,0x00000007dad80000)
  from space 5120K, 87% used [0x00000007dad80000,0x00000007db1dc1c0,0x00000007db280000)
  to   space 5120K, 0% used [0x00000007df180000,0x00000007df180000,0x00000007df680000)
 ParOldGen       total 83968K, used 24K [0x0000000784c00000, 0x0000000789e00000, 0x00000007d6e80000)
  object space 83968K, 0% used [0x0000000784c00000,0x0000000784c06000,0x0000000789e00000)
 PSPermGen       total 21504K, used 12312K [0x000000077fa00000, 0x0000000780f00000, 0x0000000784c00000)
  object space 21504K, 57% used [0x000000077fa00000,0x00000007806063c8,0x0000000780f00000)
}
Event: 17.839 GC heap before
{Heap before GC invocations=4 (full 0):
 PSYoungGen      total 69632K, used 68976K [0x00000007d6e80000, 0x00000007df680000, 0x0000000800000000)
  eden space 64512K, 100% used [0x00000007d6e80000,0x00000007dad80000,0x00000007dad80000)
  from space 5120K, 87% used [0x00000007dad80000,0x00000007db1dc1c0,0x00000007db280000)
  to   space 5120K, 0% used [0x00000007df180000,0x00000007df180000,0x00000007df680000)
 ParOldGen       total 83968K, used 24K [0x0000000784c00000, 0x0000000789e00000, 0x00000007d6e80000)
  object space 83968K, 0% used [0x0000000784c00000,0x0000000784c06000,0x0000000789e00000)
 PSPermGen       total 21504K, used 12315K [0x000000077fa00000, 0x0000000780f00000, 0x0000000784c00000)
  object space 21504K, 57% used [0x000000077fa00000,0x0000000780606d40,0x0000000780f00000)
Event: 17.889 GC heap after
Heap after GC invocations=4 (full 0):
 PSYoungGen      total 134144K, used 4496K [0x00000007d6e80000, 0x00000007df680000, 0x0000000800000000)
  eden space 129024K, 0% used [0x00000007d6e80000,0x00000007d6e80000,0x00000007dec80000)
  from space 5120K, 87% used [0x00000007df180000,0x00000007df5e41c0,0x00000007df680000)
  to   space 5120K, 0% used [0x00000007dec80000,0x00000007dec80000,0x00000007df180000)
 ParOldGen       total 83968K, used 32K [0x0000000784c00000, 0x0000000789e00000, 0x00000007d6e80000)
  object space 83968K, 0% used [0x0000000784c00000,0x0000000784c08000,0x0000000789e00000)
 PSPermGen       total 21504K, used 12315K [0x000000077fa00000, 0x0000000780f00000, 0x0000000784c00000)
  object space 21504K, 57% used [0x000000077fa00000,0x0000000780606d40,0x0000000780f00000)
}
Event: 18.635 GC heap before
{Heap before GC invocations=5 (full 0):
 PSYoungGen      total 134144K, used 133520K [0x00000007d6e80000, 0x00000007df680000, 0x0000000800000000)
  eden space 129024K, 100% used [0x00000007d6e80000,0x00000007dec80000,0x00000007dec80000)
  from space 5120K, 87% used [0x00000007df180000,0x00000007df5e41c0,0x00000007df680000)
  to   space 5120K, 0% used [0x00000007dec80000,0x00000007dec80000,0x00000007df180000)
 ParOldGen       total 83968K, used 32K [0x0000000784c00000, 0x0000000789e00000, 0x00000007d6e80000)
  object space 83968K, 0% used [0x0000000784c00000,0x0000000784c08000,0x0000000789e00000)
 PSPermGen       total 21504K, used 12459K [0x000000077fa00000, 0x0000000780f00000, 0x0000000784c00000)
  object space 21504K, 57% used [0x000000077fa00000,0x000000078062af40,0x0000000780f00000)
Event: 18.689 GC heap after
Heap after GC invocations=5 (full 0):
 PSYoungGen      total 134144K, used 4512K [0x00000007d6e80000, 0x00000007e7580000, 0x0000000800000000)
  eden space 129024K, 0% used [0x00000007d6e80000,0x00000007d6e80000,0x00000007dec80000)
  from space 5120K, 88% used [0x00000007dec80000,0x00000007df0e81a0,0x00000007df180000)
  to   space 5632K, 0% used [0x00000007e7000000,0x00000007e7000000,0x00000007e7580000)
 ParOldGen       total 83968K, used 32K [0x0000000784c00000, 0x0000000789e00000, 0x00000007d6e80000)
  object space 83968K, 0% used [0x0000000784c00000,0x0000000784c08000,0x0000000789e00000)
 PSPermGen       total 21504K, used 12459K [0x000000077fa00000, 0x0000000780f00000, 0x0000000784c00000)
  object space 21504K, 57% used [0x000000077fa00000,0x000000078062af40,0x0000000780f00000)
}
Event: 18.887 GC heap before
{Heap before GC invocations=6 (full 0):
 PSYoungGen      total 134144K, used 133536K [0x00000007d6e80000, 0x00000007e7580000, 0x0000000800000000)
  eden space 129024K, 100% used [0x00000007d6e80000,0x00000007dec80000,0x00000007dec80000)
  from space 5120K, 88% used [0x00000007dec80000,0x00000007df0e81a0,0x00000007df180000)
  to   space 5632K, 0% used [0x00000007e7000000,0x00000007e7000000,0x00000007e7580000)
 ParOldGen       total 83968K, used 32K [0x0000000784c00000, 0x0000000789e00000, 0x00000007d6e80000)
  object space 83968K, 0% used [0x0000000784c00000,0x0000000784c08000,0x0000000789e00000)
 PSPermGen       total 21504K, used 12459K [0x000000077fa00000, 0x0000000780f00000, 0x0000000784c00000)
  object space 21504K, 57% used [0x000000077fa00000,0x000000078062af40,0x0000000780f00000)
Event: 18.965 GC heap after
Heap after GC invocations=6 (full 0):
 PSYoungGen      total 263680K, used 4576K [0x00000007d6e80000, 0x00000007e7580000, 0x0000000800000000)
  eden space 258048K, 0% used [0x00000007d6e80000,0x00000007d6e80000,0x00000007e6a80000)
  from space 5632K, 81% used [0x00000007e7000000,0x00000007e7478190,0x00000007e7580000)
  to   space 5632K, 0% used [0x00000007e6a80000,0x00000007e6a80000,0x00000007e7000000)
 ParOldGen       total 83968K, used 32K [0x0000000784c00000, 0x0000000789e00000, 0x00000007d6e80000)
  object space 83968K, 0% used [0x0000000784c00000,0x0000000784c08000,0x0000000789e00000)
 PSPermGen       total 21504K, used 12459K [0x000000077fa00000, 0x0000000780f00000, 0x0000000784c00000)
  object space 21504K, 57% used [0x000000077fa00000,0x000000078062af40,0x0000000780f00000)
}
Event: 20.114 GC heap before
{Heap before GC invocations=7 (full 0):
 PSYoungGen      total 263680K, used 262624K [0x00000007d6e80000, 0x00000007e7580000, 0x0000000800000000)
  eden space 258048K, 100% used [0x00000007d6e80000,0x00000007e6a80000,0x00000007e6a80000)
  from space 5632K, 81% used [0x00000007e7000000,0x00000007e7478190,0x00000007e7580000)
  to   space 5632K, 0% used [0x00000007e6a80000,0x00000007e6a80000,0x00000007e7000000)
 ParOldGen       total 83968K, used 32K [0x0000000784c00000, 0x0000000789e00000, 0x00000007d6e80000)
  object space 83968K, 0% used [0x0000000784c00000,0x0000000784c08000,0x0000000789e00000)
 PSPermGen       total 21504K, used 12461K [0x000000077fa00000, 0x0000000780f00000, 0x0000000784c00000)
  object space 21504K, 57% used [0x000000077fa00000,0x000000078062b738,0x0000000780f00000)

Deoptimization events (10 events):
Event: 18.087 Thread 0x00007fabf81cf800 Uncommon trap: reason=class_check action=maybe_recompile pc=0x00007fabf4e84420 method=java.util.regex.Pattern$Curly.match0(Ljava/util/regex/Matcher;IILjava/lang/CharSequence;)Z @ 31
Event: 18.169 Thread 0x00007fabf81cf800 Uncommon trap: reason=bimorphic action=maybe_recompile pc=0x00007fabf4e7f920 method=java.util.regex.Pattern$Curly.match(Ljava/util/regex/Matcher;ILjava/lang/CharSequence;)Z @ 19
Event: 18.170 Thread 0x00007fabf81cf800 Uncommon trap: reason=bimorphic action=maybe_recompile pc=0x00007fabf4ea9e34 method=java.util.regex.Pattern$Start.match(Ljava/util/regex/Matcher;ILjava/lang/CharSequence;)Z @ 44
Event: 18.270 Thread 0x00007fabf81cf800 Uncommon trap: reason=bimorphic action=maybe_recompile pc=0x00007fabf4e7f920 method=java.util.regex.Pattern$Curly.match(Ljava/util/regex/Matcher;ILjava/lang/CharSequence;)Z @ 19
Event: 18.377 Thread 0x00007fabf81cf800 Uncommon trap: reason=bimorphic action=maybe_recompile pc=0x00007fabf4e7f920 method=java.util.regex.Pattern$Curly.match(Ljava/util/regex/Matcher;ILjava/lang/CharSequence;)Z @ 19
Event: 18.464 Thread 0x00007fabf81cf800 Uncommon trap: reason=class_check action=maybe_recompile pc=0x00007fabf4edb358 method=java.util.regex.Pattern$CharProperty.match(Ljava/util/regex/Matcher;ILjava/lang/CharSequence;)Z @ 37
Event: 18.515 Thread 0x00007fabf81cf800 Uncommon trap: reason=class_check action=maybe_recompile pc=0x00007fabf4edb358 method=java.util.regex.Pattern$CharProperty.match(Ljava/util/regex/Matcher;ILjava/lang/CharSequence;)Z @ 37
Event: 18.515 Thread 0x00007fabf81cf800 Uncommon trap: reason=class_check action=maybe_recompile pc=0x00007fabf4edb358 method=java.util.regex.Pattern$CharProperty.match(Ljava/util/regex/Matcher;ILjava/lang/CharSequence;)Z @ 37
Event: 18.515 Thread 0x00007fabf81cf800 Uncommon trap: reason=class_check action=maybe_recompile pc=0x00007fabf4edb358 method=java.util.regex.Pattern$CharProperty.match(Ljava/util/regex/Matcher;ILjava/lang/CharSequence;)Z @ 37
Event: 18.692 Thread 0x00007fabf81cf800 Uncommon trap: reason=unreached action=reinterpret pc=0x00007fabf4ebee90 method=java.util.HashMap$HashIterator.hasNext()Z @ 4

Internal exceptions (10 events):
Event: 15.825 Thread 0x00007fabf81d4800 Threw 0x00000007d868b908 at /HUDSON/workspace/7u-2-build-linux-amd64/jdk7u67/1368/hotspot/src/share/vm/prims/jvm.cpp:1244
Event: 15.826 Thread 0x00007fabf81d4800 Threw 0x00000007d868db20 at /HUDSON/workspace/7u-2-build-linux-amd64/jdk7u67/1368/hotspot/src/share/vm/prims/jvm.cpp:1244
Event: 15.831 Thread 0x00007fabf8434000 Threw 0x00000007d86a9ca0 at /HUDSON/workspace/7u-2-build-linux-amd64/jdk7u67/1368/hotspot/src/share/vm/prims/jvm.cpp:1244
Event: 15.832 Thread 0x00007fabf8434000 Threw 0x00000007d86ace80 at /HUDSON/workspace/7u-2-build-linux-amd64/jdk7u67/1368/hotspot/src/share/vm/prims/jvm.cpp:1244
Event: 15.833 Thread 0x00007fabf8434000 Threw 0x00000007d86b2f40 at /HUDSON/workspace/7u-2-build-linux-amd64/jdk7u67/1368/hotspot/src/share/vm/prims/jvm.cpp:1244
Event: 15.859 Thread 0x00007fabf8452800 Threw 0x00000007d874acf8 at /HUDSON/workspace/7u-2-build-linux-amd64/jdk7u67/1368/hotspot/src/share/vm/prims/jvm.cpp:1244
Event: 15.860 Thread 0x00007fabf8452800 Threw 0x00000007d87532e0 at /HUDSON/workspace/7u-2-build-linux-amd64/jdk7u67/1368/hotspot/src/share/vm/prims/jvm.cpp:1244
Event: 15.875 Thread 0x00007fabf82e0800 Threw 0x00000007d79e2968 at /HUDSON/workspace/7u-2-build-linux-amd64/jdk7u67/1368/hotspot/src/share/vm/prims/jvm.cpp:1244
Event: 15.885 Thread 0x00007fabf81d2800 Threw 0x00000007d884c1b0 at /HUDSON/workspace/7u-2-build-linux-amd64/jdk7u67/1368/hotspot/src/share/vm/prims/jvm.cpp:1244
Event: 16.080 Thread 0x00007fabf81d4800 Threw 0x00000007d86a0010 at /HUDSON/workspace/7u-2-build-linux-amd64/jdk7u67/1368/hotspot/src/share/vm/prims/jvm.cpp:1244

Events (10 events):
Event: 20.088 Executing VM operation: RevokeBias done
Event: 20.088 Executing VM operation: RevokeBias
Event: 20.089 Executing VM operation: RevokeBias done
Event: 20.089 Executing VM operation: RevokeBias
Event: 20.089 Executing VM operation: RevokeBias done
Event: 20.089 Executing VM operation: RevokeBias
Event: 20.104 Executing VM operation: RevokeBias done
Event: 20.104 Executing VM operation: RevokeBias
Event: 20.109 Executing VM operation: RevokeBias done
Event: 20.112 Executing VM operation: ParallelGCFailedAllocation


Dynamic libraries:
00400000-00401000 r-xp 00000000 08:01 1460541                            /usr/lib/jvm/java-7-oracle/jre/bin/java
00600000-00601000 rw-p 00000000 08:01 1460541                            /usr/lib/jvm/java-7-oracle/jre/bin/java
00fe6000-01007000 rw-p 00000000 00:00 0                                  [heap]
77fa00000-780f00000 rw-p 00000000 00:00 0 
780f00000-784c00000 rw-p 00000000 00:00 0 
784c00000-789e00000 rw-p 00000000 00:00 0 
789e00000-7d6e80000 rw-p 00000000 00:00 0 
7d6e80000-7e7580000 rw-p 00000000 00:00 0 
7f7280000-800000000 rw-p 00000000 00:00 0 
7fabb0000000-7fabb0023000 rw-p 00000000 00:00 0 
7fabb0023000-7fabb4000000 ---p 00000000 00:00 0 
7fabb7dfe000-7fabb7e01000 ---p 00000000 00:00 0 
7fabb7e01000-7fabb7eff000 rw-p 00000000 00:00 0                          [stack:31447]
7fabb7eff000-7fabb7f02000 ---p 00000000 00:00 0 
7fabb7f02000-7fabb8000000 rw-p 00000000 00:00 0                          [stack:31446]
7fabb8000000-7fabb8021000 rw-p 00000000 00:00 0 
7fabb8021000-7fabbc000000 ---p 00000000 00:00 0 
7fabbc000000-7fabbc021000 rw-p 00000000 00:00 0 
7fabbc021000-7fabc0000000 ---p 00000000 00:00 0 
7fabc0000000-7fabc0021000 rw-p 00000000 00:00 0 
7fabc0021000-7fabc4000000 ---p 00000000 00:00 0 
7fabc4000000-7fabc4021000 rw-p 00000000 00:00 0 
7fabc4021000-7fabc8000000 ---p 00000000 00:00 0 
7fabc8000000-7fabc86b0000 rw-p 00000000 00:00 0 
7fabc86b0000-7fabcc000000 ---p 00000000 00:00 0 
7fabcc000000-7fabcc07c000 rw-p 00000000 00:00 0 
7fabcc07c000-7fabd0000000 ---p 00000000 00:00 0 
7fabd0000000-7fabd0021000 rw-p 00000000 00:00 0 
7fabd0021000-7fabd4000000 ---p 00000000 00:00 0 
7fabd4000000-7fabd47a4000 rw-p 00000000 00:00 0 
7fabd47a4000-7fabd8000000 ---p 00000000 00:00 0 
7fabd8000000-7fabd8021000 rw-p 00000000 00:00 0 
7fabd8021000-7fabdc000000 ---p 00000000 00:00 0 
7fabdc000000-7fabdc021000 rw-p 00000000 00:00 0 
7fabdc021000-7fabe0000000 ---p 00000000 00:00 0 
7fabe0000000-7fabe006e000 rw-p 00000000 00:00 0 
7fabe006e000-7fabe4000000 ---p 00000000 00:00 0 
7fabe4000000-7fabe4021000 rw-p 00000000 00:00 0 
7fabe4021000-7fabe8000000 ---p 00000000 00:00 0 
7fabe8017000-7fabe801a000 ---p 00000000 00:00 0 
7fabe801a000-7fabe8050000 rw-p 00000000 00:00 0                          [stack:31457]
7fabe8050000-7fabe8053000 ---p 00000000 00:00 0 
7fabe8053000-7fabe8089000 rw-p 00000000 00:00 0                          [stack:31448]
7fabe8089000-7fabe808c000 ---p 00000000 00:00 0 
7fabe808c000-7fabe818a000 rw-p 00000000 00:00 0                          [stack:31445]
7fabe818a000-7fabe818d000 ---p 00000000 00:00 0 
7fabe818d000-7fabe828b000 rw-p 00000000 00:00 0                          [stack:31443]
7fabe828b000-7fabe828e000 ---p 00000000 00:00 0 
7fabe828e000-7fabe838c000 rw-p 00000000 00:00 0                          [stack:31442]
7fabe838c000-7fabe838f000 ---p 00000000 00:00 0 
7fabe838f000-7fabe848d000 rw-p 00000000 00:00 0                          [stack:31441]
7fabe848d000-7fabe8490000 ---p 00000000 00:00 0 
7fabe8490000-7fabe858e000 rw-p 00000000 00:00 0                          [stack:31440]
7fabe858e000-7fabe8591000 ---p 00000000 00:00 0 
7fabe8591000-7fabe868f000 rw-p 00000000 00:00 0                          [stack:31434]
7fabe868f000-7fabe8692000 ---p 00000000 00:00 0 
7fabe8692000-7fabe8790000 rw-p 00000000 00:00 0                          [stack:31433]
7fabe8790000-7fabe8793000 ---p 00000000 00:00 0 
7fabe8793000-7fabe8891000 rw-p 00000000 00:00 0                          [stack:31432]
7fabe8891000-7fabe8894000 ---p 00000000 00:00 0 
7fabe8894000-7fabe8992000 rw-p 00000000 00:00 0                          [stack:31428]
7fabe8992000-7fabe8995000 ---p 00000000 00:00 0 
7fabe8995000-7fabe8a93000 rw-p 00000000 00:00 0                          [stack:31427]
7fabe8a93000-7fabe8a96000 ---p 00000000 00:00 0 
7fabe8a96000-7fabe8b94000 rw-p 00000000 00:00 0                          [stack:31426]
7fabe8b94000-7fabe8b97000 ---p 00000000 00:00 0 
7fabe8b97000-7fabe8c95000 rw-p 00000000 00:00 0                          [stack:31425]
7fabe8c95000-7fabe8c98000 ---p 00000000 00:00 0 
7fabe8c98000-7fabe8d96000 rw-p 00000000 00:00 0                          [stack:31424]
7fabe8d96000-7fabe8d99000 ---p 00000000 00:00 0 
7fabe8d99000-7fabe8e97000 rw-p 00000000 00:00 0                          [stack:31423]
7fabe8e97000-7fabe8e9a000 ---p 00000000 00:00 0 
7fabe8e9a000-7fabe8f98000 rw-p 00000000 00:00 0                          [stack:31422]
7fabe8f98000-7fabe8f9b000 ---p 00000000 00:00 0 
7fabe8f9b000-7fabe9099000 rw-p 00000000 00:00 0                          [stack:31421]
7fabe9099000-7fabe909c000 ---p 00000000 00:00 0 
7fabe909c000-7fabe919a000 rw-p 00000000 00:00 0                          [stack:31420]
7fabe919a000-7fabe919d000 ---p 00000000 00:00 0 
7fabe919d000-7fabe929b000 rw-p 00000000 00:00 0                          [stack:31419]
7fabe929b000-7fabe929e000 ---p 00000000 00:00 0 
7fabe929e000-7fabe939c000 rw-p 00000000 00:00 0                          [stack:31418]
7fabe939c000-7fabe939f000 ---p 00000000 00:00 0 
7fabe939f000-7fabe949d000 rw-p 00000000 00:00 0                          [stack:31417]
7fabe949d000-7fabe94a0000 ---p 00000000 00:00 0 
7fabe94a0000-7fabe959e000 rw-p 00000000 00:00 0                          [stack:31413]
7fabe959e000-7fabe95a1000 ---p 00000000 00:00 0 
7fabe95a1000-7fabe969f000 rw-p 00000000 00:00 0                          [stack:31412]
7fabe969f000-7fabe96a2000 ---p 00000000 00:00 0 
7fabe96a2000-7fabe97a0000 rw-p 00000000 00:00 0                          [stack:31411]
7fabe97a0000-7fabe97a3000 ---p 00000000 00:00 0 
7fabe97a3000-7fabe98a1000 rw-p 00000000 00:00 0                          [stack:31410]
7fabe98a1000-7fabe98a4000 ---p 00000000 00:00 0 
7fabe98a4000-7fabe99a2000 rw-p 00000000 00:00 0                          [stack:31409]
7fabe99a2000-7fabe99a5000 ---p 00000000 00:00 0 
7fabe99a5000-7fabe9aa3000 rw-p 00000000 00:00 0                          [stack:31408]
7fabe9aa3000-7fabe9aa6000 ---p 00000000 00:00 0 
7fabe9aa6000-7fabe9ba4000 rw-p 00000000 00:00 0                          [stack:31407]
7fabe9ba4000-7fabe9bac000 r-xp 00000000 08:01 1461110                    /usr/lib/jvm/java-7-oracle/jre/lib/amd64/libmanagement.so
7fabe9bac000-7fabe9dab000 ---p 00008000 08:01 1461110                    /usr/lib/jvm/java-7-oracle/jre/lib/amd64/libmanagement.so
7fabe9dab000-7fabe9dac000 rw-p 00007000 08:01 1461110                    /usr/lib/jvm/java-7-oracle/jre/lib/amd64/libmanagement.so
7fabe9dac000-7fabe9daf000 ---p 00000000 00:00 0 
7fabe9daf000-7fabe9ead000 rw-p 00000000 00:00 0                          [stack:31406]
7fabe9ead000-7fabe9ec3000 r-xp 00000000 08:01 658924                     /usr/lib/libgcc_s.so.1
7fabe9ec3000-7fabea0c2000 ---p 00016000 08:01 658924                     /usr/lib/libgcc_s.so.1
7fabea0c2000-7fabea0c3000 rw-p 00015000 08:01 658924                     /usr/lib/libgcc_s.so.1
7fabea0f0000-7fabea0f1000 rw-p 00000000 00:00 0 
7fabea0f1000-7fabea0f5000 r--s 0002d000 08:01 1460591                    /usr/lib/jvm/java-7-oracle/jre/lib/ext/sunjce_provider.jar
7fabea0f5000-7fabea127000 r-xp 00000000 08:01 1461080                    /usr/lib/jvm/java-7-oracle/jre/lib/amd64/libsunec.so
7fabea127000-7fabea326000 ---p 00032000 08:01 1461080                    /usr/lib/jvm/java-7-oracle/jre/lib/amd64/libsunec.so
7fabea326000-7fabea32c000 rw-p 00031000 08:01 1461080                    /usr/lib/jvm/java-7-oracle/jre/lib/amd64/libsunec.so
7fabea32c000-7fabea33c000 rw-p 00000000 00:00 0 
7fabea33c000-7fabea33d000 r--s 00003000 08:01 1460592                    /usr/lib/jvm/java-7-oracle/jre/lib/ext/sunec.jar
7fabea33d000-7fabea340000 r--s 00037000 08:01 1460595                    /usr/lib/jvm/java-7-oracle/jre/lib/ext/sunpkcs11.jar
7fabea340000-7fabea342000 r--s 00019000 08:01 1460583                    /usr/lib/jvm/java-7-oracle/jre/lib/jce.jar
7fabea342000-7fabea346000 r--s 0008a000 08:01 1460558                    /usr/lib/jvm/java-7-oracle/jre/lib/jsse.jar
7fabea346000-7fabea349000 ---p 00000000 00:00 0 
7fabea349000-7fabea447000 rw-p 00000000 00:00 0                          [stack:31405]
7fabea447000-7fabea44a000 ---p 00000000 00:00 0 
7fabea44a000-7fabea548000 rw-p 00000000 00:00 0                          [stack:31404]
7fabea548000-7fabea54b000 ---p 00000000 00:00 0 
7fabea54b000-7fabea649000 rw-p 00000000 00:00 0                          [stack:31403]
7fabea649000-7fabea65f000 r-xp 00000000 08:01 1461067                    /usr/lib/jvm/java-7-oracle/jre/lib/amd64/libnet.so
7fabea65f000-7fabea85f000 ---p 00016000 08:01 1461067                    /usr/lib/jvm/java-7-oracle/jre/lib/amd64/libnet.so
7fabea85f000-7fabea860000 rw-p 00016000 08:01 1461067                    /usr/lib/jvm/java-7-oracle/jre/lib/amd64/libnet.so
7fabea860000-7fabea870000 r-xp 00000000 08:01 1461099                    /usr/lib/jvm/java-7-oracle/jre/lib/amd64/libnio.so
7fabea870000-7fabeaa70000 ---p 00010000 08:01 1461099                    /usr/lib/jvm/java-7-oracle/jre/lib/amd64/libnio.so
7fabeaa70000-7fabeaa71000 rw-p 00010000 08:01 1461099                    /usr/lib/jvm/java-7-oracle/jre/lib/amd64/libnio.so
7fabeaa71000-7fabeaa7a000 r--s 0002d000 08:01 6303291                    /home/cblop/Dropbox/Projects/puppetmaster/dist/xml-apis-1.4.01.jar
7fabeaa7a000-7fabeaa93000 r--s 00135000 08:01 6303290                    /home/cblop/Dropbox/Projects/puppetmaster/dist/xercesImpl-2.11.0.jar
7fabeaa93000-7fabeaa9a000 r--s 00048000 08:01 6303277                    /home/cblop/Dropbox/Projects/puppetmaster/dist/smackx-jingle-3.4.1-0cec571.jar
7fabeaa9a000-7fabeaa9e000 r--s 000f7000 08:01 1460596                    /usr/lib/jvm/java-7-oracle/jre/lib/ext/localedata.jar
7fabeaa9e000-7fabeaaa9000 r--s 0007d000 08:01 6303276                    /home/cblop/Dropbox/Projects/puppetmaster/dist/smackx-3.4.1-0cec571.jar
7fabeaaa9000-7fabeaab0000 r--s 00051000 08:01 6303275                    /home/cblop/Dropbox/Projects/puppetmaster/dist/smack-3.4.1-0cec571.jar
7fabeaab0000-7fabeaab1000 r--s 00002000 08:01 6303289                    /home/cblop/Dropbox/Projects/puppetmaster/dist/slf4j-log4j12-1.6.4.jar
7fabeaab1000-7fabeaab3000 r--s 00005000 08:01 6303288                    /home/cblop/Dropbox/Projects/puppetmaster/dist/slf4j-api-1.6.4.jar
7fabeaab3000-7fabeaaba000 r--s 0005b000 08:01 6303294                    /home/cblop/Dropbox/Projects/puppetmaster/dist/mongo-2.10.1.jar
7fabeaaba000-7fabeaac3000 r--s 0006d000 08:01 6303287                    /home/cblop/Dropbox/Projects/puppetmaster/dist/log4j-1.2.16.jar
7fabeaac3000-7fabeaad4000 r--s 00095000 08:01 6303300                    /home/cblop/Dropbox/Projects/puppetmaster/dist/jersey-server-1.4.jar
7fabeaad4000-7fabeaad7000 r--s 0000a000 08:01 6303299                    /home/cblop/Dropbox/Projects/puppetmaster/dist/jersey-multipart-1.4.jar
7fabeaad7000-7fabeaada000 r--s 00020000 08:01 6303298                    /home/cblop/Dropbox/Projects/puppetmaster/dist/jersey-json-1.4.jar
7fabeaada000-7fabeaae5000 r--s 00065000 08:01 6303297                    /home/cblop/Dropbox/Projects/puppetmaster/dist/jersey-core-1.4.jar
7fabeaae5000-7fabeaae9000 r--s 0001b000 08:01 6303296                    /home/cblop/Dropbox/Projects/puppetmaster/dist/jersey-client-1.4.jar
7fabeaae9000-7fabeaaf4000 r--s 00082000 08:01 6303286                    /home/cblop/Dropbox/Projects/puppetmaster/dist/jena-tdb-1.0.0.jar
7fabeaaf4000-7fabeab00000 r--s 00076000 08:01 6303285                    /home/cblop/Dropbox/Projects/puppetmaster/dist/jena-sdb-1.4.0.jar
7fabeab00000-7fabeab03000 r--s 0001f000 08:01 6303284                    /home/cblop/Dropbox/Projects/puppetmaster/dist/jena-iri-1.0.0.jar
7fabeab03000-7fabeab1f000 r--s 00155000 08:01 6303283                    /home/cblop/Dropbox/Projects/puppetmaster/dist/jena-core-2.11.0.jar
7fabeab1f000-7fabeab50000 r--s 00258000 08:01 6303282                    /home/cblop/Dropbox/Projects/puppetmaster/dist/jena-arq-2.11.0.jar
7fabeab50000-7fabeab5c000 r--s 000d2000 08:01 6303293                    /home/cblop/Dropbox/Projects/puppetmaster/dist/jason.jar
7fabeab5c000-7fabeab5d000 ---p 00000000 00:00 0 
7fabeab5d000-7fabeac5d000 rw-p 00000000 00:00 0                          [stack:31400]
7fabeac5d000-7fabeac60000 ---p 00000000 00:00 0 
7fabeac60000-7fabead5e000 rw-p 00000000 00:00 0                          [stack:31399]
7fabead5e000-7fabead61000 ---p 00000000 00:00 0 
7fabead61000-7fabeae5f000 rw-p 00000000 00:00 0                          [stack:31398]
7fabeae5f000-7fabeae62000 ---p 00000000 00:00 0 
7fabeae62000-7fabeaf60000 rw-p 00000000 00:00 0                          [stack:31397]
7fabeaf60000-7fabeaf63000 ---p 00000000 00:00 0 
7fabeaf63000-7fabeb061000 rw-p 00000000 00:00 0                          [stack:31396]
7fabeb061000-7fabeb1ea000 r--p 00000000 08:01 658900                     /usr/lib/locale/locale-archive
7fabeb1ea000-7fabeb1ed000 ---p 00000000 00:00 0 
7fabeb1ed000-7fabeb2eb000 rw-p 00000000 00:00 0                          [stack:31395]
7fabeb2eb000-7fabeb2ee000 ---p 00000000 00:00 0 
7fabeb2ee000-7fabeb3ec000 rw-p 00000000 00:00 0                          [stack:31394]
7fabeb3ec000-7fabeb3ed000 ---p 00000000 00:00 0 
7fabeb3ed000-7fabebe41000 rw-p 00000000 00:00 0                          [stack:31393]
7fabebe41000-7fabec000000 r--s 039e5000 08:01 1460565                    /usr/lib/jvm/java-7-oracle/jre/lib/rt.jar
7fabec000000-7fabec021000 rw-p 00000000 00:00 0 
7fabec021000-7fabf0000000 ---p 00000000 00:00 0 
7fabf0000000-7fabf0002000 r--s 0000c000 08:01 6303302                    /home/cblop/Dropbox/Projects/puppetmaster/dist/puppetmaster.jar
7fabf0002000-7fabf0005000 r--s 00023000 08:01 6303295                    /home/cblop/Dropbox/Projects/puppetmaster/dist/jdom.jar
7fabf0005000-7fabf0007000 r--s 00003000 08:01 6303281                    /home/cblop/Dropbox/Projects/puppetmaster/dist/jcl-over-slf4j-1.6.4.jar
7fabf0007000-7fabf454d000 rw-p 00000000 00:00 0 
7fabf454d000-7fabf454e000 ---p 00000000 00:00 0 
7fabf454e000-7fabf464e000 rw-p 00000000 00:00 0                          [stack:31392]
7fabf464e000-7fabf464f000 ---p 00000000 00:00 0 
7fabf464f000-7fabf4778000 rw-p 00000000 00:00 0                          [stack:31391]
7fabf4778000-7fabf49e1000 rw-p 00000000 00:00 0 
7fabf49e1000-7fabf49ec000 rw-p 00000000 00:00 0 
7fabf49ec000-7fabf4a0a000 rw-p 00000000 00:00 0 
7fabf4a0a000-7fabf4a33000 rw-p 00000000 00:00 0 
7fabf4a33000-7fabf4c9b000 rw-p 00000000 00:00 0 
7fabf4c9b000-7fabf4d1f000 rw-p 00000000 00:00 0 
7fabf4d1f000-7fabf4de4000 rw-p 00000000 00:00 0 
7fabf4de4000-7fabf4de5000 rw-p 00000000 00:00 0 
7fabf4de5000-7fabf5055000 rwxp 00000000 00:00 0 
7fabf5055000-7fabf7de5000 rw-p 00000000 00:00 0 
7fabf7de5000-7fabf7dff000 r-xp 00000000 08:01 1461111                    /usr/lib/jvm/java-7-oracle/jre/lib/amd64/libzip.so
7fabf7dff000-7fabf7fff000 ---p 0001a000 08:01 1461111                    /usr/lib/jvm/java-7-oracle/jre/lib/amd64/libzip.so
7fabf7fff000-7fabf8000000 rw-p 0001a000 08:01 1461111                    /usr/lib/jvm/java-7-oracle/jre/lib/amd64/libzip.so
7fabf8000000-7fabf8489000 rw-p 00000000 00:00 0 
7fabf8489000-7fabfc000000 ---p 00000000 00:00 0 
7fabfc000000-7fabfc001000 r--s 00001000 08:01 6303301                    /home/cblop/Dropbox/Projects/puppetmaster/dist/libInstClient.jar
7fabfc001000-7fabfc007000 r--s 00031000 08:01 6303280                    /home/cblop/Dropbox/Projects/puppetmaster/dist/httpcore-4.2.2.jar
7fabfc007000-7fabfc010000 r--s 00061000 08:01 6303279                    /home/cblop/Dropbox/Projects/puppetmaster/dist/httpclient-4.2.3.jar
7fabfc010000-7fabfc015000 r--s 00046000 08:01 6303274                    /home/cblop/Dropbox/Projects/puppetmaster/dist/commons-lang3-3.0.jar
7fabfc015000-7fabfc06a000 rw-p 00000000 00:00 0 
7fabfc06a000-7fabfc088000 rw-p 00000000 00:00 0 
7fabfc088000-7fabfc093000 r-xp 00000000 08:01 658479                     /usr/lib/libnss_files-2.20.so
7fabfc093000-7fabfc293000 ---p 0000b000 08:01 658479                     /usr/lib/libnss_files-2.20.so
7fabfc293000-7fabfc294000 r--p 0000b000 08:01 658479                     /usr/lib/libnss_files-2.20.so
7fabfc294000-7fabfc295000 rw-p 0000c000 08:01 658479                     /usr/lib/libnss_files-2.20.so
7fabfc295000-7fabfc2be000 r-xp 00000000 08:01 1461096                    /usr/lib/jvm/java-7-oracle/jre/lib/amd64/libjava.so
7fabfc2be000-7fabfc4be000 ---p 00029000 08:01 1461096                    /usr/lib/jvm/java-7-oracle/jre/lib/amd64/libjava.so
7fabfc4be000-7fabfc4c0000 rw-p 00029000 08:01 1461096                    /usr/lib/jvm/java-7-oracle/jre/lib/amd64/libjava.so
7fabfc4c0000-7fabfc4cd000 r-xp 00000000 08:01 1461066                    /usr/lib/jvm/java-7-oracle/jre/lib/amd64/libverify.so
7fabfc4cd000-7fabfc6cc000 ---p 0000d000 08:01 1461066                    /usr/lib/jvm/java-7-oracle/jre/lib/amd64/libverify.so
7fabfc6cc000-7fabfc6ce000 rw-p 0000c000 08:01 1461066                    /usr/lib/jvm/java-7-oracle/jre/lib/amd64/libverify.so
7fabfc6ce000-7fabfc6d5000 r-xp 00000000 08:01 658573                     /usr/lib/librt-2.20.so
7fabfc6d5000-7fabfc8d4000 ---p 00007000 08:01 658573                     /usr/lib/librt-2.20.so
7fabfc8d4000-7fabfc8d5000 r--p 00006000 08:01 658573                     /usr/lib/librt-2.20.so
7fabfc8d5000-7fabfc8d6000 rw-p 00007000 08:01 658573                     /usr/lib/librt-2.20.so
7fabfc8d6000-7fabfc9d9000 r-xp 00000000 08:01 658551                     /usr/lib/libm-2.20.so
7fabfc9d9000-7fabfcbd9000 ---p 00103000 08:01 658551                     /usr/lib/libm-2.20.so
7fabfcbd9000-7fabfcbda000 r--p 00103000 08:01 658551                     /usr/lib/libm-2.20.so
7fabfcbda000-7fabfcbdb000 rw-p 00104000 08:01 658551                     /usr/lib/libm-2.20.so
7fabfcbdb000-7fabfd74b000 r-xp 00000000 08:01 1461121                    /usr/lib/jvm/java-7-oracle/jre/lib/amd64/server/libjvm.so
7fabfd74b000-7fabfd94a000 ---p 00b70000 08:01 1461121                    /usr/lib/jvm/java-7-oracle/jre/lib/amd64/server/libjvm.so
7fabfd94a000-7fabfda0f000 rw-p 00b6f000 08:01 1461121                    /usr/lib/jvm/java-7-oracle/jre/lib/amd64/server/libjvm.so
7fabfda0f000-7fabfda4f000 rw-p 00000000 00:00 0 
7fabfda4f000-7fabfdbe8000 r-xp 00000000 08:01 658553                     /usr/lib/libc-2.20.so
7fabfdbe8000-7fabfdde8000 ---p 00199000 08:01 658553                     /usr/lib/libc-2.20.so
7fabfdde8000-7fabfddec000 r--p 00199000 08:01 658553                     /usr/lib/libc-2.20.so
7fabfddec000-7fabfddee000 rw-p 0019d000 08:01 658553                     /usr/lib/libc-2.20.so
7fabfddee000-7fabfddf2000 rw-p 00000000 00:00 0 
7fabfddf2000-7fabfddf5000 r-xp 00000000 08:01 658477                     /usr/lib/libdl-2.20.so
7fabfddf5000-7fabfdff4000 ---p 00003000 08:01 658477                     /usr/lib/libdl-2.20.so
7fabfdff4000-7fabfdff5000 r--p 00002000 08:01 658477                     /usr/lib/libdl-2.20.so
7fabfdff5000-7fabfdff6000 rw-p 00003000 08:01 658477                     /usr/lib/libdl-2.20.so
7fabfdff6000-7fabfe00c000 r-xp 00000000 08:01 1461125                    /usr/lib/jvm/java-7-oracle/jre/lib/amd64/jli/libjli.so
7fabfe00c000-7fabfe20c000 ---p 00016000 08:01 1461125                    /usr/lib/jvm/java-7-oracle/jre/lib/amd64/jli/libjli.so
7fabfe20c000-7fabfe20d000 rw-p 00016000 08:01 1461125                    /usr/lib/jvm/java-7-oracle/jre/lib/amd64/jli/libjli.so
7fabfe20d000-7fabfe224000 r-xp 00000000 08:01 658484                     /usr/lib/libpthread-2.20.so
7fabfe224000-7fabfe423000 ---p 00017000 08:01 658484                     /usr/lib/libpthread-2.20.so
7fabfe423000-7fabfe424000 r--p 00016000 08:01 658484                     /usr/lib/libpthread-2.20.so
7fabfe424000-7fabfe425000 rw-p 00017000 08:01 658484                     /usr/lib/libpthread-2.20.so
7fabfe425000-7fabfe429000 rw-p 00000000 00:00 0 
7fabfe429000-7fabfe44b000 r-xp 00000000 08:01 658481                     /usr/lib/ld-2.20.so
7fabfe44b000-7fabfe44c000 r--s 00005000 08:01 6303292                    /home/cblop/Dropbox/Projects/puppetmaster/dist/json-simple-1.1.1.jar
7fabfe44c000-7fabfe452000 r--s 00033000 08:01 6303278                    /home/cblop/Dropbox/Projects/puppetmaster/dist/commons-codec-1.6.jar
7fabfe452000-7fabfe45c000 rw-p 00000000 00:00 0 
7fabfe45c000-7fabfe512000 rw-p 00000000 00:00 0 
7fabfe512000-7fabfe515000 ---p 00000000 00:00 0 
7fabfe515000-7fabfe640000 rw-p 00000000 00:00 0                          [stack:31389]
7fabfe640000-7fabfe648000 rw-s 00000000 00:1d 1143137                    /tmp/hsperfdata_cblop/31385
7fabfe648000-7fabfe649000 rw-p 00000000 00:00 0 
7fabfe649000-7fabfe64a000 ---p 00000000 00:00 0 
7fabfe64a000-7fabfe64b000 r--p 00021000 08:01 658481                     /usr/lib/ld-2.20.so
7fabfe64b000-7fabfe64c000 rw-p 00022000 08:01 658481                     /usr/lib/ld-2.20.so
7fabfe64c000-7fabfe64d000 rw-p 00000000 00:00 0 
7fffdfcfe000-7fffdfd1f000 rw-p 00000000 00:00 0                          [stack]
7fffdfd93000-7fffdfd95000 r-xp 00000000 00:00 0                          [vdso]
7fffdfd95000-7fffdfd97000 r--p 00000000 00:00 0                          [vvar]
ffffffffff600000-ffffffffff601000 r-xp 00000000 00:00 0                  [vsyscall]

VM Arguments:
java_command: edu.bath.puppetmaster.RunShow
Launcher Type: SUN_STANDARD

Environment Variables:
JAVA_HOME=/usr/lib/jvm/default
PATH=/usr/local/sbin:/usr/local/bin:/usr/bin:/usr/bin/core_perl:/home/cblop/bin:/home/cblop/.gem/ruby/2.1.0/bin
SHELL=/bin/zsh
DISPLAY=:0

Signal Handlers:
SIGSEGV: [libjvm.so+0x99f4a0], sa_mask[0]=0x7ffbfeff, sa_flags=0x10000004
SIGBUS: [libjvm.so+0x99f4a0], sa_mask[0]=0x7ffbfeff, sa_flags=0x10000004
SIGFPE: [libjvm.so+0x81a860], sa_mask[0]=0x7ffbfeff, sa_flags=0x10000004
SIGPIPE: [libjvm.so+0x81a860], sa_mask[0]=0x7ffbfeff, sa_flags=0x10000004
SIGXFSZ: [libjvm.so+0x81a860], sa_mask[0]=0x7ffbfeff, sa_flags=0x10000004
SIGILL: [libjvm.so+0x81a860], sa_mask[0]=0x7ffbfeff, sa_flags=0x10000004
SIGUSR1: SIG_DFL, sa_mask[0]=0x00000000, sa_flags=0x00000000
SIGUSR2: [libjvm.so+0x81c060], sa_mask[0]=0x00000004, sa_flags=0x10000004
SIGHUP: [libjvm.so+0x81d160], sa_mask[0]=0x7ffbfeff, sa_flags=0x10000004
SIGINT: [libjvm.so+0x81d160], sa_mask[0]=0x7ffbfeff, sa_flags=0x10000004
SIGTERM: [libjvm.so+0x81d160], sa_mask[0]=0x7ffbfeff, sa_flags=0x10000004
SIGQUIT: [libjvm.so+0x81d160], sa_mask[0]=0x7ffbfeff, sa_flags=0x10000004


---------------  S Y S T E M  ---------------

OS:Linux
uname:Linux 3.16.3-1-ARCH #1 SMP PREEMPT Wed Sep 17 21:54:13 CEST 2014 x86_64
libc:glibc 2.20 NPTL 2.20 
rlimit: STACK 8192k, CORE 0k, NPROC 31521, NOFILE 4096, AS infinity
load average:2.64 1.66 2.52

/proc/meminfo:
MemTotal:        8075044 kB
MemFree:          166980 kB
MemAvailable:     173044 kB
Buffers:             656 kB
Cached:           768672 kB
SwapCached:            0 kB
Active:          6901884 kB
Inactive:         720408 kB
Active(anon):    6855724 kB
Inactive(anon):   673372 kB
Active(file):      46160 kB
Inactive(file):    47036 kB
Unevictable:           4 kB
Mlocked:               4 kB
SwapTotal:             0 kB
SwapFree:              0 kB
Dirty:               392 kB
Writeback:             0 kB
AnonPages:       6853308 kB
Mapped:           117160 kB
Shmem:            675796 kB
Slab:             123172 kB
SReclaimable:      87860 kB
SUnreclaim:        35312 kB
KernelStack:        8944 kB
PageTables:        43616 kB
NFS_Unstable:          0 kB
Bounce:                0 kB
WritebackTmp:          0 kB
CommitLimit:     4037520 kB
Committed_AS:   14372808 kB
VmallocTotal:   34359738367 kB
VmallocUsed:      365036 kB
VmallocChunk:   34359369488 kB
HardwareCorrupted:     0 kB
AnonHugePages:   4395008 kB
HugePages_Total:       0
HugePages_Free:        0
HugePages_Rsvd:        0
HugePages_Surp:        0
Hugepagesize:       2048 kB
DirectMap4k:      117160 kB
DirectMap2M:     8165376 kB


CPU:total 2 (2 cores per cpu, 1 threads per core) family 6 model 23 stepping 6, cmov, cx8, fxsr, mmx, sse, sse2, sse3, ssse3, sse4.1, tsc

/proc/cpuinfo:
processor	: 0
vendor_id	: GenuineIntel
cpu family	: 6
model		: 23
model name	: Intel(R) Core(TM)2 Duo CPU     L9300  @ 1.60GHz
stepping	: 6
microcode	: 0x60c
cpu MHz		: 1596.156
cache size	: 6144 KB
physical id	: 0
siblings	: 2
core id		: 0
cpu cores	: 2
apicid		: 0
initial apicid	: 0
fpu		: yes
fpu_exception	: yes
cpuid level	: 10
wp		: yes
flags		: fpu vme de pse tsc msr pae mce cx8 apic sep mtrr pge mca cmov pat pse36 clflush dts acpi mmx fxsr sse sse2 ss ht tm pbe syscall nx lm constant_tsc arch_perfmon pebs bts nopl aperfmperf pni dtes64 monitor ds_cpl vmx smx est tm2 ssse3 cx16 xtpr pdcm sse4_1 lahf_lm dtherm tpr_shadow vnmi flexpriority
bogomips	: 3193.32
clflush size	: 64
cache_alignment	: 64
address sizes	: 36 bits physical, 48 bits virtual
power management:

processor	: 1
vendor_id	: GenuineIntel
cpu family	: 6
model		: 23
model name	: Intel(R) Core(TM)2 Duo CPU     L9300  @ 1.60GHz
stepping	: 6
microcode	: 0x60c
cpu MHz		: 1596.156
cache size	: 6144 KB
physical id	: 0
siblings	: 2
core id		: 1
cpu cores	: 2
apicid		: 1
initial apicid	: 1
fpu		: yes
fpu_exception	: yes
cpuid level	: 10
wp		: yes
flags		: fpu vme de pse tsc msr pae mce cx8 apic sep mtrr pge mca cmov pat pse36 clflush dts acpi mmx fxsr sse sse2 ss ht tm pbe syscall nx lm constant_tsc arch_perfmon pebs bts nopl aperfmperf pni dtes64 monitor ds_cpl vmx smx est tm2 ssse3 cx16 xtpr pdcm sse4_1 lahf_lm dtherm tpr_shadow vnmi flexpriority
bogomips	: 3193.32
clflush size	: 64
cache_alignment	: 64
address sizes	: 36 bits physical, 48 bits virtual
power management:



Memory: 4k page, physical 8075044k(166980k free), swap 0k(0k free)

vm_info: Java HotSpot(TM) 64-Bit Server VM (24.65-b04) for linux-amd64 JRE (1.7.0_67-b01), built on Jul 25 2014 09:20:21 by "java_re" with gcc 4.3.0 20080428 (Red Hat 4.3.0-8)

time: Wed Oct  8 11:17:15 2014
elapsed time: 20 seconds

