#
# There is insufficient memory for the Java Runtime Environment to continue.
# Native memory allocation (malloc) failed to allocate 158859264 bytes for committing reserved memory.
# Possible reasons:
#   The system is out of physical RAM or swap space
#   In 32 bit mode, the process size limit was hit
# Possible solutions:
#   Reduce memory load on the system
#   Increase physical memory or swap space
#   Check if swap backing store is full
#   Use 64 bit Java on a 64 bit OS
#   Decrease Java heap size (-Xmx/-Xms)
#   Decrease number of Java threads
#   Decrease Java thread stack sizes (-Xss)
#   Set larger code cache with -XX:ReservedCodeCacheSize=
# This output file may be truncated or incomplete.
#
#  Out of Memory Error (os_linux.cpp:2745), pid=31761, tid=140575344781056
#
# JRE version: Java(TM) SE Runtime Environment (7.0_67-b01) (build 1.7.0_67-b01)
# Java VM: Java HotSpot(TM) 64-Bit Server VM (24.65-b04 mixed mode linux-amd64 compressed oops)
# Failed to write core dump. Core dumps have been disabled. To enable core dumping, try "ulimit -c unlimited" before starting Java again
#

---------------  T H R E A D  ---------------

Current thread (0x00007fda4c064800):  VMThread [stack: 0x00007fda3f6d6000,0x00007fda3f7d7000] [id=31769]

Stack: [0x00007fda3f6d6000,0x00007fda3f7d7000],  sp=0x00007fda3f7d5200,  free space=1020k
Native frames: (J=compiled Java code, j=interpreted, Vv=VM code, C=native code)
V  [libjvm.so+0x99eb8a]  JVM_handle_linux_signal+0x17b36a
V  [libjvm.so+0x49721b]  sem_destroy+0x49721b
V  [libjvm.so+0x81d9ae]  fork1+0x19ee
V  [libjvm.so+0x81def9]  fork1+0x1f39
V  [libjvm.so+0x817caa]  JVM_RaiseSignal+0x188f7a
V  [libjvm.so+0x88a7a3]  JVM_handle_linux_signal+0x66f83
V  [libjvm.so+0x88bb78]  JVM_handle_linux_signal+0x68358
V  [libjvm.so+0x88ace2]  JVM_handle_linux_signal+0x674c2
V  [libjvm.so+0x888133]  JVM_handle_linux_signal+0x64913
V  [libjvm.so+0x8888e1]  JVM_handle_linux_signal+0x650c1
V  [libjvm.so+0x83f510]  JVM_handle_linux_signal+0x1bcf0
V  [libjvm.so+0x9a0417]  JVM_handle_linux_signal+0x17cbf7
V  [libjvm.so+0x9a78b5]  JVM_handle_linux_signal+0x184095
V  [libjvm.so+0x9a5c7a]  JVM_handle_linux_signal+0x18245a
V  [libjvm.so+0x9a5ffe]  JVM_handle_linux_signal+0x1827de
V  [libjvm.so+0x9a6470]  JVM_handle_linux_signal+0x182c50
V  [libjvm.so+0x81f988]  fork1+0x39c8

VM_Operation (0x00007fda3c1e16b0): ParallelGCFailedAllocation, mode: safepoint, requested by thread 0x00007fda4c454000


---------------  P R O C E S S  ---------------

Java Threads: ( => current thread )
  0x00007fda4c009000 JavaThread "DestroyJavaVM" [_thread_blocked, id=31766, stack(0x00007fda52805000,0x00007fda52906000)]
  0x00007fda20004000 JavaThread "process reaper" daemon [_thread_blocked, id=31824, stack(0x00007fda3e066000,0x00007fda3e09f000)]
  0x00007fda4c454000 JavaThread "Thread-24" [_thread_blocked, id=31823, stack(0x00007fda3c0e2000,0x00007fda3c1e3000)]
  0x00007fda4c452000 JavaThread "Thread-23" [_thread_blocked, id=31822, stack(0x00007fda3c1e3000,0x00007fda3c2e4000)]
  0x00007fda4c450000 JavaThread "Thread-22" [_thread_blocked, id=31820, stack(0x00007fda3c2e4000,0x00007fda3c3e5000)]
  0x00007fda4c44e000 JavaThread "Thread-21" [_thread_blocked, id=31819, stack(0x00007fda3c3e5000,0x00007fda3c4e6000)]
  0x00007fda4c2a1000 JavaThread "Thread-20" [_thread_blocked, id=31818, stack(0x00007fda3c4e6000,0x00007fda3c5e7000)]
  0x00007fda4c29f800 JavaThread "Thread-19" [_thread_in_native, id=31817, stack(0x00007fda3c5e7000,0x00007fda3c6e8000)]
  0x00007fda18001800 JavaThread "Smack Listener Processor (7)" daemon [_thread_blocked, id=31811, stack(0x00007fda3c7e9000,0x00007fda3c8ea000)]
  0x00007fda4c29c800 JavaThread "Smack Packet Reader (7)" daemon [_thread_in_native, id=31810, stack(0x00007fda3c8ea000,0x00007fda3c9eb000)]
  0x00007fda4c43a000 JavaThread "Smack Packet Writer (7)" daemon [_thread_blocked, id=31809, stack(0x00007fda3c9eb000,0x00007fda3caec000)]
  0x0000000001bbb000 JavaThread "Smack Listener Processor (6)" daemon [_thread_blocked, id=31808, stack(0x00007fda3caec000,0x00007fda3cbed000)]
  0x00007fda4c436800 JavaThread "Smack Packet Reader (6)" daemon [_thread_in_native, id=31807, stack(0x00007fda3cbed000,0x00007fda3ccee000)]
  0x00007fda4c353000 JavaThread "Smack Packet Writer (6)" daemon [_thread_blocked, id=31806, stack(0x00007fda3ccee000,0x00007fda3cdef000)]
  0x00007fda40001000 JavaThread "Smack Listener Processor (5)" daemon [_thread_blocked, id=31805, stack(0x00007fda3cdef000,0x00007fda3cef0000)]
  0x00007fda4c351000 JavaThread "Smack Packet Reader (5)" daemon [_thread_in_native, id=31804, stack(0x00007fda3cef0000,0x00007fda3cff1000)]
  0x00007fda4c34f800 JavaThread "Smack Packet Writer (5)" daemon [_thread_blocked, id=31803, stack(0x00007fda3cff1000,0x00007fda3d0f2000)]
  0x00007fda2c006800 JavaThread "Smack Listener Processor (4)" daemon [_thread_blocked, id=31799, stack(0x00007fda3d0f2000,0x00007fda3d1f3000)]
  0x00007fda4c34d800 JavaThread "Smack Packet Reader (4)" daemon [_thread_in_native, id=31798, stack(0x00007fda3d1f3000,0x00007fda3d2f4000)]
  0x00007fda4c34c000 JavaThread "Smack Packet Writer (4)" daemon [_thread_blocked, id=31797, stack(0x00007fda3d2f4000,0x00007fda3d3f5000)]
  0x00007fda281fd000 JavaThread "Smack Listener Processor (3)" daemon [_thread_blocked, id=31796, stack(0x00007fda3d3f5000,0x00007fda3d4f6000)]
  0x00007fda4c43e800 JavaThread "Smack Packet Reader (3)" daemon [_thread_in_native, id=31795, stack(0x00007fda3d4f6000,0x00007fda3d5f7000)]
  0x00007fda4c444000 JavaThread "Smack Packet Writer (3)" daemon [_thread_blocked, id=31794, stack(0x00007fda3d5f7000,0x00007fda3d6f8000)]
  0x00007fda14001000 JavaThread "Smack Listener Processor (2)" daemon [_thread_blocked, id=31793, stack(0x00007fda3d6f8000,0x00007fda3d7f9000)]
  0x00007fda4c4a6000 JavaThread "Smack Packet Reader (2)" daemon [_thread_in_native, id=31792, stack(0x00007fda3d7f9000,0x00007fda3d8fa000)]
  0x00007fda4c48c000 JavaThread "Smack Packet Writer (2)" daemon [_thread_blocked, id=31791, stack(0x00007fda3d8fa000,0x00007fda3d9fb000)]
  0x00007fda10002000 JavaThread "Smack Listener Processor (1)" daemon [_thread_blocked, id=31790, stack(0x00007fda3d9fb000,0x00007fda3dafc000)]
  0x00007fda4c4a4000 JavaThread "Smack Packet Reader (1)" daemon [_thread_in_native, id=31789, stack(0x00007fda3dafc000,0x00007fda3dbfd000)]
  0x00007fda4c490800 JavaThread "Smack Packet Writer (1)" daemon [_thread_blocked, id=31788, stack(0x00007fda3dbfd000,0x00007fda3dcfe000)]
  0x00007fda4c47f800 JavaThread "MongoCleaner1430502748" daemon [_thread_blocked, id=31787, stack(0x00007fda3dcfe000,0x00007fda3ddff000)]
  0x00007fda0c003000 JavaThread "Smack Listener Processor (0)" daemon [_thread_blocked, id=31782, stack(0x00007fda3e09f000,0x00007fda3e1a0000)]
  0x00007fda4c2d5000 JavaThread "Smack Keepalive" daemon [_thread_blocked, id=31781, stack(0x00007fda3e639000,0x00007fda3e73a000)]
  0x00007fda4c2d1000 JavaThread "Smack Packet Reader (0)" daemon [_thread_in_native, id=31780, stack(0x00007fda3e73a000,0x00007fda3e83b000)]
  0x00007fda4c2cf800 JavaThread "Smack Packet Writer (0)" daemon [_thread_blocked, id=31779, stack(0x00007fda3e83b000,0x00007fda3e93c000)]
  0x00007fda4c099800 JavaThread "Service Thread" daemon [_thread_blocked, id=31775, stack(0x00007fda3ef47000,0x00007fda3f048000)]
  0x00007fda4c097000 JavaThread "C2 CompilerThread1" daemon [_thread_blocked, id=31774, stack(0x00007fda3f048000,0x00007fda3f149000)]
  0x00007fda4c094000 JavaThread "C2 CompilerThread0" daemon [_thread_blocked, id=31773, stack(0x00007fda3f149000,0x00007fda3f24a000)]
  0x00007fda4c092800 JavaThread "Signal Dispatcher" daemon [_thread_blocked, id=31772, stack(0x00007fda3f24a000,0x00007fda3f34b000)]
  0x00007fda4c06a800 JavaThread "Finalizer" daemon [_thread_blocked, id=31771, stack(0x00007fda3f4d4000,0x00007fda3f5d5000)]
  0x00007fda4c068800 JavaThread "Reference Handler" daemon [_thread_blocked, id=31770, stack(0x00007fda3f5d5000,0x00007fda3f6d6000)]

Other Threads:
=>0x00007fda4c064800 VMThread [stack: 0x00007fda3f6d6000,0x00007fda3f7d7000] [id=31769]
  0x00007fda4c09c000 WatcherThread [stack: 0x00007fda3ee46000,0x00007fda3ef47000] [id=31776]

VM state:at safepoint (normal execution)

VM Mutex/Monitor currently owned by a thread:  ([mutex/lock_event])
[0x00007fda4c006dd0] Threads_lock - owner thread: 0x00007fda4c064800
[0x00007fda4c0072d0] Heap_lock - owner thread: 0x00007fda4c454000

Heap
 PSYoungGen      total 264192K, used 64K [0x00000007d6e80000, 0x00000007e7780000, 0x0000000800000000)
  eden space 257536K, 0% used [0x00000007d6e80000,0x00000007d6e80000,0x00000007e6a00000)
  from space 6656K, 0% used [0x00000007e6a00000,0x00000007e6a10000,0x00000007e7080000)
  to   space 6144K, 0% used [0x00000007e7080000,0x00000007e7080000,0x00000007e7680000)
 ParOldGen       total 83968K, used 4387K [0x0000000784c00000, 0x0000000789e00000, 0x00000007d6e80000)
  object space 83968K, 5% used [0x0000000784c00000,0x0000000785048d50,0x0000000789e00000)
 PSPermGen       total 21504K, used 12469K [0x000000077fa00000, 0x0000000780f00000, 0x0000000784c00000)
  object space 21504K, 57% used [0x000000077fa00000,0x000000078062d510,0x0000000780f00000)

Card table byte_map: [0x00007fda48bfc000,0x00007fda49000000] byte_map_base: 0x00007fda44fff000

Polling page: 0x00007fda5293c000

Code Cache  [0x00007fda49000000, 0x00007fda49270000, 0x00007fda4c000000)
 total_blobs=541 nmethods=243 adapters=252 free_code_cache=48163Kb largest_free_block=49288192

Compilation events (10 events):
Event: 19.029 Thread 0x00007fda4c094000 nmethod 246 0x00007fda490f7950 code [0x00007fda490f7aa0, 0x00007fda490f7bf8]
Event: 19.029 Thread 0x00007fda4c094000  247             java.util.regex.Matcher::search (109 bytes)
Event: 19.055 Thread 0x00007fda4c097000 nmethod 242 0x00007fda490fc090 code [0x00007fda490fc320, 0x00007fda490fd600]
Event: 19.055 Thread 0x00007fda4c097000  248             java.util.regex.Pattern$Dot::isSatisfiedBy (34 bytes)
Event: 19.119 Thread 0x00007fda4c097000 nmethod 248 0x00007fda490f5c10 code [0x00007fda490f5d40, 0x00007fda490f5dd8]
Event: 19.119 Thread 0x00007fda4c097000  249             java.util.regex.Pattern$BitClass::isSatisfiedBy (22 bytes)
Event: 19.120 Thread 0x00007fda4c097000 nmethod 249 0x00007fda490f7690 code [0x00007fda490f77e0, 0x00007fda490f7898]
Event: 19.129 Thread 0x00007fda4c094000 nmethod 247 0x00007fda490f6ed0 code [0x00007fda490f7040, 0x00007fda490f73a8]
Event: 19.130 Thread 0x00007fda4c094000  250             java.util.regex.Pattern$CharProperty::match (56 bytes)
Event: 19.217 Thread 0x00007fda4c094000 nmethod 250 0x00007fda490f88d0 code [0x00007fda490f8b00, 0x00007fda490f9448]

GC Heap History (10 events):
Event: 18.004 GC heap after
Heap after GC invocations=4 (full 0):
 PSYoungGen      total 69632K, used 4480K [0x00000007d6e80000, 0x00000007db780000, 0x0000000800000000)
  eden space 64512K, 0% used [0x00000007d6e80000,0x00000007d6e80000,0x00000007dad80000)
  from space 5120K, 87% used [0x00000007db280000,0x00000007db6e01b0,0x00000007db780000)
  to   space 5120K, 0% used [0x00000007dad80000,0x00000007dad80000,0x00000007db280000)
 ParOldGen       total 83968K, used 16K [0x0000000784c00000, 0x0000000789e00000, 0x00000007d6e80000)
  object space 83968K, 0% used [0x0000000784c00000,0x0000000784c04000,0x0000000789e00000)
 PSPermGen       total 21504K, used 12312K [0x000000077fa00000, 0x0000000780f00000, 0x0000000784c00000)
  object space 21504K, 57% used [0x000000077fa00000,0x0000000780606290,0x0000000780f00000)
}
Event: 18.336 GC heap before
{Heap before GC invocations=5 (full 0):
 PSYoungGen      total 69632K, used 68992K [0x00000007d6e80000, 0x00000007db780000, 0x0000000800000000)
  eden space 64512K, 100% used [0x00000007d6e80000,0x00000007dad80000,0x00000007dad80000)
  from space 5120K, 87% used [0x00000007db280000,0x00000007db6e01b0,0x00000007db780000)
  to   space 5120K, 0% used [0x00000007dad80000,0x00000007dad80000,0x00000007db280000)
 ParOldGen       total 83968K, used 16K [0x0000000784c00000, 0x0000000789e00000, 0x00000007d6e80000)
  object space 83968K, 0% used [0x0000000784c00000,0x0000000784c04000,0x0000000789e00000)
 PSPermGen       total 21504K, used 12317K [0x000000077fa00000, 0x0000000780f00000, 0x0000000784c00000)
  object space 21504K, 57% used [0x000000077fa00000,0x0000000780607400,0x0000000780f00000)
Event: 18.395 GC heap after
Heap after GC invocations=5 (full 0):
 PSYoungGen      total 69632K, used 4512K [0x00000007d6e80000, 0x00000007df780000, 0x0000000800000000)
  eden space 64512K, 0% used [0x00000007d6e80000,0x00000007d6e80000,0x00000007dad80000)
  from space 5120K, 88% used [0x00000007dad80000,0x00000007db1e81d0,0x00000007db280000)
  to   space 5632K, 0% used [0x00000007df200000,0x00000007df200000,0x00000007df780000)
 ParOldGen       total 83968K, used 16K [0x0000000784c00000, 0x0000000789e00000, 0x00000007d6e80000)
  object space 83968K, 0% used [0x0000000784c00000,0x0000000784c04000,0x0000000789e00000)
 PSPermGen       total 21504K, used 12317K [0x000000077fa00000, 0x0000000780f00000, 0x0000000784c00000)
  object space 21504K, 57% used [0x000000077fa00000,0x0000000780607400,0x0000000780f00000)
}
Event: 18.498 GC heap before
{Heap before GC invocations=6 (full 0):
 PSYoungGen      total 69632K, used 69024K [0x00000007d6e80000, 0x00000007df780000, 0x0000000800000000)
  eden space 64512K, 100% used [0x00000007d6e80000,0x00000007dad80000,0x00000007dad80000)
  from space 5120K, 88% used [0x00000007dad80000,0x00000007db1e81d0,0x00000007db280000)
  to   space 5632K, 0% used [0x00000007df200000,0x00000007df200000,0x00000007df780000)
 ParOldGen       total 83968K, used 16K [0x0000000784c00000, 0x0000000789e00000, 0x00000007d6e80000)
  object space 83968K, 0% used [0x0000000784c00000,0x0000000784c04000,0x0000000789e00000)
 PSPermGen       total 21504K, used 12411K [0x000000077fa00000, 0x0000000780f00000, 0x0000000784c00000)
  object space 21504K, 57% used [0x000000077fa00000,0x000000078061ec88,0x0000000780f00000)
Event: 18.539 GC heap after
Heap after GC invocations=6 (full 0):
 PSYoungGen      total 134656K, used 4416K [0x00000007d6e80000, 0x00000007df780000, 0x0000000800000000)
  eden space 129024K, 0% used [0x00000007d6e80000,0x00000007d6e80000,0x00000007dec80000)
  from space 5632K, 78% used [0x00000007df200000,0x00000007df6501b0,0x00000007df780000)
  to   space 5632K, 0% used [0x00000007dec80000,0x00000007dec80000,0x00000007df200000)
 ParOldGen       total 83968K, used 16K [0x0000000784c00000, 0x0000000789e00000, 0x00000007d6e80000)
  object space 83968K, 0% used [0x0000000784c00000,0x0000000784c04000,0x0000000789e00000)
 PSPermGen       total 21504K, used 12411K [0x000000077fa00000, 0x0000000780f00000, 0x0000000784c00000)
  object space 21504K, 57% used [0x000000077fa00000,0x000000078061ec88,0x0000000780f00000)
}
Event: 19.082 GC heap before
{Heap before GC invocations=7 (full 0):
 PSYoungGen      total 134656K, used 133440K [0x00000007d6e80000, 0x00000007df780000, 0x0000000800000000)
  eden space 129024K, 100% used [0x00000007d6e80000,0x00000007dec80000,0x00000007dec80000)
  from space 5632K, 78% used [0x00000007df200000,0x00000007df6501b0,0x00000007df780000)
  to   space 5632K, 0% used [0x00000007dec80000,0x00000007dec80000,0x00000007df200000)
 ParOldGen       total 83968K, used 16K [0x0000000784c00000, 0x0000000789e00000, 0x00000007d6e80000)
  object space 83968K, 0% used [0x0000000784c00000,0x0000000784c04000,0x0000000789e00000)
 PSPermGen       total 21504K, used 12461K [0x000000077fa00000, 0x0000000780f00000, 0x0000000784c00000)
  object space 21504K, 57% used [0x000000077fa00000,0x000000078062b450,0x0000000780f00000)
Event: 19.112 GC heap after
Heap after GC invocations=7 (full 0):
 PSYoungGen      total 134656K, used 128K [0x00000007d6e80000, 0x00000007e7680000, 0x0000000800000000)
  eden space 129024K, 0% used [0x00000007d6e80000,0x00000007d6e80000,0x00000007dec80000)
  from space 5632K, 2% used [0x00000007dec80000,0x00000007deca0010,0x00000007df200000)
  to   space 6144K, 0% used [0x00000007e7080000,0x00000007e7080000,0x00000007e7680000)
 ParOldGen       total 83968K, used 4339K [0x0000000784c00000, 0x0000000789e00000, 0x00000007d6e80000)
  object space 83968K, 5% used [0x0000000784c00000,0x000000078503cd50,0x0000000789e00000)
 PSPermGen       total 21504K, used 12461K [0x000000077fa00000, 0x0000000780f00000, 0x0000000784c00000)
  object space 21504K, 57% used [0x000000077fa00000,0x000000078062b450,0x0000000780f00000)
}
Event: 19.265 GC heap before
{Heap before GC invocations=8 (full 0):
 PSYoungGen      total 134656K, used 129152K [0x00000007d6e80000, 0x00000007e7680000, 0x0000000800000000)
  eden space 129024K, 100% used [0x00000007d6e80000,0x00000007dec80000,0x00000007dec80000)
  from space 5632K, 2% used [0x00000007dec80000,0x00000007deca0010,0x00000007df200000)
  to   space 6144K, 0% used [0x00000007e7080000,0x00000007e7080000,0x00000007e7680000)
 ParOldGen       total 83968K, used 4339K [0x0000000784c00000, 0x0000000789e00000, 0x00000007d6e80000)
  object space 83968K, 5% used [0x0000000784c00000,0x000000078503cd50,0x0000000789e00000)
 PSPermGen       total 21504K, used 12461K [0x000000077fa00000, 0x0000000780f00000, 0x0000000784c00000)
  object space 21504K, 57% used [0x000000077fa00000,0x000000078062b548,0x0000000780f00000)
Event: 19.269 GC heap after
Heap after GC invocations=8 (full 0):
 PSYoungGen      total 263680K, used 96K [0x00000007d6e80000, 0x00000007e7780000, 0x0000000800000000)
  eden space 257536K, 0% used [0x00000007d6e80000,0x00000007d6e80000,0x00000007e6a00000)
  from space 6144K, 1% used [0x00000007e7080000,0x00000007e7098000,0x00000007e7680000)
  to   space 6656K, 0% used [0x00000007e6a00000,0x00000007e6a00000,0x00000007e7080000)
 ParOldGen       total 83968K, used 4363K [0x0000000784c00000, 0x0000000789e00000, 0x00000007d6e80000)
  object space 83968K, 5% used [0x0000000784c00000,0x0000000785042d50,0x0000000789e00000)
 PSPermGen       total 21504K, used 12461K [0x000000077fa00000, 0x0000000780f00000, 0x0000000784c00000)
  object space 21504K, 57% used [0x000000077fa00000,0x000000078062b548,0x0000000780f00000)
}
Event: 19.890 GC heap before
{Heap before GC invocations=9 (full 0):
 PSYoungGen      total 263680K, used 257632K [0x00000007d6e80000, 0x00000007e7780000, 0x0000000800000000)
  eden space 257536K, 100% used [0x00000007d6e80000,0x00000007e6a00000,0x00000007e6a00000)
  from space 6144K, 1% used [0x00000007e7080000,0x00000007e7098000,0x00000007e7680000)
  to   space 6656K, 0% used [0x00000007e6a00000,0x00000007e6a00000,0x00000007e7080000)
 ParOldGen       total 83968K, used 4363K [0x0000000784c00000, 0x0000000789e00000, 0x00000007d6e80000)
  object space 83968K, 5% used [0x0000000784c00000,0x0000000785042d50,0x0000000789e00000)
 PSPermGen       total 21504K, used 12469K [0x000000077fa00000, 0x0000000780f00000, 0x0000000784c00000)
  object space 21504K, 57% used [0x000000077fa00000,0x000000078062d510,0x0000000780f00000)

Deoptimization events (10 events):
Event: 18.742 Thread 0x00007fda4c29e000 Uncommon trap: reason=bimorphic action=maybe_recompile pc=0x00007fda490a3ce0 method=java.util.regex.Pattern$Curly.match(Ljava/util/regex/Matcher;ILjava/lang/CharSequence;)Z @ 19
Event: 18.766 Thread 0x00007fda4c29e000 Uncommon trap: reason=bimorphic action=maybe_recompile pc=0x00007fda490b9d48 method=java.util.regex.Pattern$Start.match(Ljava/util/regex/Matcher;ILjava/lang/CharSequence;)Z @ 44
Event: 18.846 Thread 0x00007fda4c29e000 Uncommon trap: reason=bimorphic action=maybe_recompile pc=0x00007fda490a3ce0 method=java.util.regex.Pattern$Curly.match(Ljava/util/regex/Matcher;ILjava/lang/CharSequence;)Z @ 19
Event: 18.944 Thread 0x00007fda4c29e000 Uncommon trap: reason=bimorphic action=maybe_recompile pc=0x00007fda490a3ce0 method=java.util.regex.Pattern$Curly.match(Ljava/util/regex/Matcher;ILjava/lang/CharSequence;)Z @ 19
Event: 19.053 Thread 0x00007fda4c29e000 Uncommon trap: reason=class_check action=maybe_recompile pc=0x00007fda490f4a98 method=java.util.regex.Pattern$CharProperty.match(Ljava/util/regex/Matcher;ILjava/lang/CharSequence;)Z @ 37
Event: 19.114 Thread 0x00007fda4c29e000 Uncommon trap: reason=class_check action=maybe_recompile pc=0x00007fda490f4a98 method=java.util.regex.Pattern$CharProperty.match(Ljava/util/regex/Matcher;ILjava/lang/CharSequence;)Z @ 37
Event: 19.114 Thread 0x00007fda4c29e000 Uncommon trap: reason=class_check action=maybe_recompile pc=0x00007fda490f4a98 method=java.util.regex.Pattern$CharProperty.match(Ljava/util/regex/Matcher;ILjava/lang/CharSequence;)Z @ 37
Event: 19.114 Thread 0x00007fda4c29e000 Uncommon trap: reason=class_check action=maybe_recompile pc=0x00007fda490f4a98 method=java.util.regex.Pattern$CharProperty.match(Ljava/util/regex/Matcher;ILjava/lang/CharSequence;)Z @ 37
Event: 19.165 Thread 0x00007fda4c29e000 Uncommon trap: reason=unreached action=reinterpret pc=0x00007fda490dff50 method=java.util.HashMap$HashIterator.hasNext()Z @ 4
Event: 19.277 Thread 0x00007fda4c29e000 Uncommon trap: reason=unloaded action=reinterpret pc=0x00007fda4907c424 method=java.util.ArrayList.rangeCheck(I)V @ 8

Internal exceptions (10 events):
Event: 16.329 Thread 0x00007fda4c450000 Threw 0x00000007d87068c8 at /HUDSON/workspace/7u-2-build-linux-amd64/jdk7u67/1368/hotspot/src/share/vm/prims/jvm.cpp:1244
Event: 16.331 Thread 0x00007fda4c450000 Threw 0x00000007d870cb70 at /HUDSON/workspace/7u-2-build-linux-amd64/jdk7u67/1368/hotspot/src/share/vm/prims/jvm.cpp:1244
Event: 16.333 Thread 0x00007fda4c009000 Threw 0x00000007d8632ca0 at /HUDSON/workspace/7u-2-build-linux-amd64/jdk7u67/1368/hotspot/src/share/vm/prims/jvm.cpp:1244
Event: 16.337 Thread 0x00007fda4c44e000 Threw 0x00000007d86e7228 at /HUDSON/workspace/7u-2-build-linux-amd64/jdk7u67/1368/hotspot/src/share/vm/prims/jvm.cpp:1244
Event: 16.339 Thread 0x00007fda4c44e000 Threw 0x00000007d86ed2f0 at /HUDSON/workspace/7u-2-build-linux-amd64/jdk7u67/1368/hotspot/src/share/vm/prims/jvm.cpp:1244
Event: 16.353 Thread 0x00007fda4c34d800 Threw 0x00000007d7bca120 at /HUDSON/workspace/7u-2-build-linux-amd64/jdk7u67/1368/hotspot/src/share/vm/prims/jvm.cpp:1244
Event: 16.354 Thread 0x00007fda4c34d800 Threw 0x00000007d7bd2a70 at /HUDSON/workspace/7u-2-build-linux-amd64/jdk7u67/1368/hotspot/src/share/vm/prims/jvm.cpp:1244
Event: 16.368 Thread 0x00007fda4c2a1000 Threw 0x00000007d86da230 at /HUDSON/workspace/7u-2-build-linux-amd64/jdk7u67/1368/hotspot/src/share/vm/prims/jvm.cpp:1244
Event: 16.373 Thread 0x00007fda4c43e800 Threw 0x00000007d88f27f8 at /HUDSON/workspace/7u-2-build-linux-amd64/jdk7u67/1368/hotspot/src/share/vm/prims/jvm.cpp:1244
Event: 16.405 Thread 0x00007fda4c2a1000 Threw 0x00000007d86dd6a0 at /HUDSON/workspace/7u-2-build-linux-amd64/jdk7u67/1368/hotspot/src/share/vm/prims/jvm.cpp:1244

Events (10 events):
Event: 19.287 Executing VM operation: RevokeBias done
Event: 19.288 loading class 0x00007fda443eb1d0
Event: 19.288 loading class 0x00007fda443eb1d0 done
Event: 19.288 loading class 0x00007fda443eaf60 done
Event: 19.288 loading class 0x00007fda4c1b4690
Event: 19.293 loading class 0x00007fda4c1b4690 done
Event: 19.298 Executing VM operation: RevokeBias
Event: 19.304 Executing VM operation: RevokeBias done
Event: 19.304 Thread 0x00007fda4c29e000 Thread exited: 0x00007fda4c29e000
Event: 19.875 Executing VM operation: ParallelGCFailedAllocation


Dynamic libraries:
00400000-00401000 r-xp 00000000 08:01 1460541                            /usr/lib/jvm/java-7-oracle/jre/bin/java
00600000-00601000 rw-p 00000000 08:01 1460541                            /usr/lib/jvm/java-7-oracle/jre/bin/java
01bb8000-01bd9000 rw-p 00000000 00:00 0                                  [heap]
77fa00000-780f00000 rw-p 00000000 00:00 0 
780f00000-784c00000 rw-p 00000000 00:00 0 
784c00000-789e00000 rw-p 00000000 00:00 0 
789e00000-7d6e80000 rw-p 00000000 00:00 0 
7d6e80000-7e7780000 rw-p 00000000 00:00 0 
7f0f00000-800000000 rw-p 00000000 00:00 0 
7fda04000000-7fda04021000 rw-p 00000000 00:00 0 
7fda04021000-7fda08000000 ---p 00000000 00:00 0 
7fda0c000000-7fda0c021000 rw-p 00000000 00:00 0 
7fda0c021000-7fda10000000 ---p 00000000 00:00 0 
7fda10000000-7fda10021000 rw-p 00000000 00:00 0 
7fda10021000-7fda14000000 ---p 00000000 00:00 0 
7fda14000000-7fda14021000 rw-p 00000000 00:00 0 
7fda14021000-7fda18000000 ---p 00000000 00:00 0 
7fda18000000-7fda18021000 rw-p 00000000 00:00 0 
7fda18021000-7fda1c000000 ---p 00000000 00:00 0 
7fda1c000000-7fda1c72a000 rw-p 00000000 00:00 0 
7fda1c72a000-7fda20000000 ---p 00000000 00:00 0 
7fda20000000-7fda2008e000 rw-p 00000000 00:00 0 
7fda2008e000-7fda24000000 ---p 00000000 00:00 0 
7fda24000000-7fda24021000 rw-p 00000000 00:00 0 
7fda24021000-7fda28000000 ---p 00000000 00:00 0 
7fda28000000-7fda289c9000 rw-p 00000000 00:00 0 
7fda289c9000-7fda2c000000 ---p 00000000 00:00 0 
7fda2c000000-7fda2c021000 rw-p 00000000 00:00 0 
7fda2c021000-7fda30000000 ---p 00000000 00:00 0 
7fda30000000-7fda30021000 rw-p 00000000 00:00 0 
7fda30021000-7fda34000000 ---p 00000000 00:00 0 
7fda34000000-7fda34021000 rw-p 00000000 00:00 0 
7fda34021000-7fda38000000 ---p 00000000 00:00 0 
7fda38000000-7fda38021000 rw-p 00000000 00:00 0 
7fda38021000-7fda3c000000 ---p 00000000 00:00 0 
7fda3c0e2000-7fda3c0e5000 ---p 00000000 00:00 0 
7fda3c0e5000-7fda3c1e3000 rw-p 00000000 00:00 0                          [stack:31823]
7fda3c1e3000-7fda3c1e6000 ---p 00000000 00:00 0 
7fda3c1e6000-7fda3c2e4000 rw-p 00000000 00:00 0                          [stack:31822]
7fda3c2e4000-7fda3c2e7000 ---p 00000000 00:00 0 
7fda3c2e7000-7fda3c3e5000 rw-p 00000000 00:00 0                          [stack:31820]
7fda3c3e5000-7fda3c3e8000 ---p 00000000 00:00 0 
7fda3c3e8000-7fda3c4e6000 rw-p 00000000 00:00 0                          [stack:31819]
7fda3c4e6000-7fda3c4e9000 ---p 00000000 00:00 0 
7fda3c4e9000-7fda3c5e7000 rw-p 00000000 00:00 0                          [stack:31818]
7fda3c5e7000-7fda3c5ea000 ---p 00000000 00:00 0 
7fda3c5ea000-7fda3c6e8000 rw-p 00000000 00:00 0                          [stack:31817]
7fda3c6e8000-7fda3c6eb000 ---p 00000000 00:00 0 
7fda3c6eb000-7fda3c7e9000 rw-p 00000000 00:00 0 
7fda3c7e9000-7fda3c7ec000 ---p 00000000 00:00 0 
7fda3c7ec000-7fda3c8ea000 rw-p 00000000 00:00 0                          [stack:31811]
7fda3c8ea000-7fda3c8ed000 ---p 00000000 00:00 0 
7fda3c8ed000-7fda3c9eb000 rw-p 00000000 00:00 0                          [stack:31810]
7fda3c9eb000-7fda3c9ee000 ---p 00000000 00:00 0 
7fda3c9ee000-7fda3caec000 rw-p 00000000 00:00 0                          [stack:31809]
7fda3caec000-7fda3caef000 ---p 00000000 00:00 0 
7fda3caef000-7fda3cbed000 rw-p 00000000 00:00 0                          [stack:31808]
7fda3cbed000-7fda3cbf0000 ---p 00000000 00:00 0 
7fda3cbf0000-7fda3ccee000 rw-p 00000000 00:00 0                          [stack:31807]
7fda3ccee000-7fda3ccf1000 ---p 00000000 00:00 0 
7fda3ccf1000-7fda3cdef000 rw-p 00000000 00:00 0                          [stack:31806]
7fda3cdef000-7fda3cdf2000 ---p 00000000 00:00 0 
7fda3cdf2000-7fda3cef0000 rw-p 00000000 00:00 0                          [stack:31805]
7fda3cef0000-7fda3cef3000 ---p 00000000 00:00 0 
7fda3cef3000-7fda3cff1000 rw-p 00000000 00:00 0                          [stack:31804]
7fda3cff1000-7fda3cff4000 ---p 00000000 00:00 0 
7fda3cff4000-7fda3d0f2000 rw-p 00000000 00:00 0                          [stack:31803]
7fda3d0f2000-7fda3d0f5000 ---p 00000000 00:00 0 
7fda3d0f5000-7fda3d1f3000 rw-p 00000000 00:00 0                          [stack:31799]
7fda3d1f3000-7fda3d1f6000 ---p 00000000 00:00 0 
7fda3d1f6000-7fda3d2f4000 rw-p 00000000 00:00 0                          [stack:31798]
7fda3d2f4000-7fda3d2f7000 ---p 00000000 00:00 0 
7fda3d2f7000-7fda3d3f5000 rw-p 00000000 00:00 0                          [stack:31797]
7fda3d3f5000-7fda3d3f8000 ---p 00000000 00:00 0 
7fda3d3f8000-7fda3d4f6000 rw-p 00000000 00:00 0                          [stack:31796]
7fda3d4f6000-7fda3d4f9000 ---p 00000000 00:00 0 
7fda3d4f9000-7fda3d5f7000 rw-p 00000000 00:00 0                          [stack:31795]
7fda3d5f7000-7fda3d5fa000 ---p 00000000 00:00 0 
7fda3d5fa000-7fda3d6f8000 rw-p 00000000 00:00 0                          [stack:31794]
7fda3d6f8000-7fda3d6fb000 ---p 00000000 00:00 0 
7fda3d6fb000-7fda3d7f9000 rw-p 00000000 00:00 0                          [stack:31793]
7fda3d7f9000-7fda3d7fc000 ---p 00000000 00:00 0 
7fda3d7fc000-7fda3d8fa000 rw-p 00000000 00:00 0                          [stack:31792]
7fda3d8fa000-7fda3d8fd000 ---p 00000000 00:00 0 
7fda3d8fd000-7fda3d9fb000 rw-p 00000000 00:00 0                          [stack:31791]
7fda3d9fb000-7fda3d9fe000 ---p 00000000 00:00 0 
7fda3d9fe000-7fda3dafc000 rw-p 00000000 00:00 0                          [stack:31790]
7fda3dafc000-7fda3daff000 ---p 00000000 00:00 0 
7fda3daff000-7fda3dbfd000 rw-p 00000000 00:00 0                          [stack:31789]
7fda3dbfd000-7fda3dc00000 ---p 00000000 00:00 0 
7fda3dc00000-7fda3dcfe000 rw-p 00000000 00:00 0                          [stack:31788]
7fda3dcfe000-7fda3dd01000 ---p 00000000 00:00 0 
7fda3dd01000-7fda3ddff000 rw-p 00000000 00:00 0                          [stack:31787]
7fda3ddff000-7fda3de07000 r-xp 00000000 08:01 1461110                    /usr/lib/jvm/java-7-oracle/jre/lib/amd64/libmanagement.so
7fda3de07000-7fda3e006000 ---p 00008000 08:01 1461110                    /usr/lib/jvm/java-7-oracle/jre/lib/amd64/libmanagement.so
7fda3e006000-7fda3e007000 rw-p 00007000 08:01 1461110                    /usr/lib/jvm/java-7-oracle/jre/lib/amd64/libmanagement.so
7fda3e066000-7fda3e069000 ---p 00000000 00:00 0 
7fda3e069000-7fda3e09f000 rw-p 00000000 00:00 0                          [stack:31824]
7fda3e09f000-7fda3e0a2000 ---p 00000000 00:00 0 
7fda3e0a2000-7fda3e1a0000 rw-p 00000000 00:00 0                          [stack:31782]
7fda3e1a0000-7fda3e1b6000 r-xp 00000000 08:01 658924                     /usr/lib/libgcc_s.so.1
7fda3e1b6000-7fda3e3b5000 ---p 00016000 08:01 658924                     /usr/lib/libgcc_s.so.1
7fda3e3b5000-7fda3e3b6000 rw-p 00015000 08:01 658924                     /usr/lib/libgcc_s.so.1
7fda3e3e3000-7fda3e3e4000 rw-p 00000000 00:00 0 
7fda3e3e4000-7fda3e3e8000 r--s 0002d000 08:01 1460591                    /usr/lib/jvm/java-7-oracle/jre/lib/ext/sunjce_provider.jar
7fda3e3e8000-7fda3e41a000 r-xp 00000000 08:01 1461080                    /usr/lib/jvm/java-7-oracle/jre/lib/amd64/libsunec.so
7fda3e41a000-7fda3e619000 ---p 00032000 08:01 1461080                    /usr/lib/jvm/java-7-oracle/jre/lib/amd64/libsunec.so
7fda3e619000-7fda3e61f000 rw-p 00031000 08:01 1461080                    /usr/lib/jvm/java-7-oracle/jre/lib/amd64/libsunec.so
7fda3e61f000-7fda3e62f000 rw-p 00000000 00:00 0 
7fda3e62f000-7fda3e630000 r--s 00003000 08:01 1460592                    /usr/lib/jvm/java-7-oracle/jre/lib/ext/sunec.jar
7fda3e630000-7fda3e633000 r--s 00037000 08:01 1460595                    /usr/lib/jvm/java-7-oracle/jre/lib/ext/sunpkcs11.jar
7fda3e633000-7fda3e635000 r--s 00019000 08:01 1460583                    /usr/lib/jvm/java-7-oracle/jre/lib/jce.jar
7fda3e635000-7fda3e639000 r--s 0008a000 08:01 1460558                    /usr/lib/jvm/java-7-oracle/jre/lib/jsse.jar
7fda3e639000-7fda3e63c000 ---p 00000000 00:00 0 
7fda3e63c000-7fda3e73a000 rw-p 00000000 00:00 0                          [stack:31781]
7fda3e73a000-7fda3e73d000 ---p 00000000 00:00 0 
7fda3e73d000-7fda3e83b000 rw-p 00000000 00:00 0                          [stack:31780]
7fda3e83b000-7fda3e83e000 ---p 00000000 00:00 0 
7fda3e83e000-7fda3e93c000 rw-p 00000000 00:00 0                          [stack:31779]
7fda3e93c000-7fda3e952000 r-xp 00000000 08:01 1461067                    /usr/lib/jvm/java-7-oracle/jre/lib/amd64/libnet.so
7fda3e952000-7fda3eb52000 ---p 00016000 08:01 1461067                    /usr/lib/jvm/java-7-oracle/jre/lib/amd64/libnet.so
7fda3eb52000-7fda3eb53000 rw-p 00016000 08:01 1461067                    /usr/lib/jvm/java-7-oracle/jre/lib/amd64/libnet.so
7fda3eb53000-7fda3eb63000 r-xp 00000000 08:01 1461099                    /usr/lib/jvm/java-7-oracle/jre/lib/amd64/libnio.so
7fda3eb63000-7fda3ed63000 ---p 00010000 08:01 1461099                    /usr/lib/jvm/java-7-oracle/jre/lib/amd64/libnio.so
7fda3ed63000-7fda3ed64000 rw-p 00010000 08:01 1461099                    /usr/lib/jvm/java-7-oracle/jre/lib/amd64/libnio.so
7fda3ed64000-7fda3ed6d000 r--s 0002d000 08:01 6303291                    /home/cblop/Dropbox/Projects/puppetmaster/dist/xml-apis-1.4.01.jar
7fda3ed6d000-7fda3ed86000 r--s 00135000 08:01 6303290                    /home/cblop/Dropbox/Projects/puppetmaster/dist/xercesImpl-2.11.0.jar
7fda3ed86000-7fda3ed8d000 r--s 00048000 08:01 6303277                    /home/cblop/Dropbox/Projects/puppetmaster/dist/smackx-jingle-3.4.1-0cec571.jar
7fda3ed8d000-7fda3ed91000 r--s 000f7000 08:01 1460596                    /usr/lib/jvm/java-7-oracle/jre/lib/ext/localedata.jar
7fda3ed91000-7fda3ed9c000 r--s 0007d000 08:01 6303276                    /home/cblop/Dropbox/Projects/puppetmaster/dist/smackx-3.4.1-0cec571.jar
7fda3ed9c000-7fda3eda3000 r--s 00051000 08:01 6303275                    /home/cblop/Dropbox/Projects/puppetmaster/dist/smack-3.4.1-0cec571.jar
7fda3eda3000-7fda3eda4000 r--s 00002000 08:01 6303289                    /home/cblop/Dropbox/Projects/puppetmaster/dist/slf4j-log4j12-1.6.4.jar
7fda3eda4000-7fda3eda6000 r--s 00005000 08:01 6303288                    /home/cblop/Dropbox/Projects/puppetmaster/dist/slf4j-api-1.6.4.jar
7fda3eda6000-7fda3eda8000 r--s 0000c000 08:01 6303302                    /home/cblop/Dropbox/Projects/puppetmaster/dist/puppetmaster.jar
7fda3eda8000-7fda3edaf000 r--s 0005b000 08:01 6303294                    /home/cblop/Dropbox/Projects/puppetmaster/dist/mongo-2.10.1.jar
7fda3edaf000-7fda3edb8000 r--s 0006d000 08:01 6303287                    /home/cblop/Dropbox/Projects/puppetmaster/dist/log4j-1.2.16.jar
7fda3edb8000-7fda3edb9000 r--s 00001000 08:01 6303301                    /home/cblop/Dropbox/Projects/puppetmaster/dist/libInstClient.jar
7fda3edb9000-7fda3edca000 r--s 00095000 08:01 6303300                    /home/cblop/Dropbox/Projects/puppetmaster/dist/jersey-server-1.4.jar
7fda3edca000-7fda3edcd000 r--s 0000a000 08:01 6303299                    /home/cblop/Dropbox/Projects/puppetmaster/dist/jersey-multipart-1.4.jar
7fda3edcd000-7fda3edd0000 r--s 00020000 08:01 6303298                    /home/cblop/Dropbox/Projects/puppetmaster/dist/jersey-json-1.4.jar
7fda3edd0000-7fda3eddb000 r--s 00065000 08:01 6303297                    /home/cblop/Dropbox/Projects/puppetmaster/dist/jersey-core-1.4.jar
7fda3eddb000-7fda3eddf000 r--s 0001b000 08:01 6303296                    /home/cblop/Dropbox/Projects/puppetmaster/dist/jersey-client-1.4.jar
7fda3eddf000-7fda3edea000 r--s 00082000 08:01 6303286                    /home/cblop/Dropbox/Projects/puppetmaster/dist/jena-tdb-1.0.0.jar
7fda3edea000-7fda3edf6000 r--s 00076000 08:01 6303285                    /home/cblop/Dropbox/Projects/puppetmaster/dist/jena-sdb-1.4.0.jar
7fda3edf6000-7fda3edf9000 r--s 0001f000 08:01 6303284                    /home/cblop/Dropbox/Projects/puppetmaster/dist/jena-iri-1.0.0.jar
7fda3edf9000-7fda3ee15000 r--s 00155000 08:01 6303283                    /home/cblop/Dropbox/Projects/puppetmaster/dist/jena-core-2.11.0.jar
7fda3ee15000-7fda3ee46000 r--s 00258000 08:01 6303282                    /home/cblop/Dropbox/Projects/puppetmaster/dist/jena-arq-2.11.0.jar
7fda3ee46000-7fda3ee47000 ---p 00000000 00:00 0 
7fda3ee47000-7fda3ef47000 rw-p 00000000 00:00 0                          [stack:31776]
7fda3ef47000-7fda3ef4a000 ---p 00000000 00:00 0 
7fda3ef4a000-7fda3f048000 rw-p 00000000 00:00 0                          [stack:31775]
7fda3f048000-7fda3f04b000 ---p 00000000 00:00 0 
7fda3f04b000-7fda3f149000 rw-p 00000000 00:00 0                          [stack:31774]
7fda3f149000-7fda3f14c000 ---p 00000000 00:00 0 
7fda3f14c000-7fda3f24a000 rw-p 00000000 00:00 0                          [stack:31773]
7fda3f24a000-7fda3f24d000 ---p 00000000 00:00 0 
7fda3f24d000-7fda3f34b000 rw-p 00000000 00:00 0                          [stack:31772]
7fda3f34b000-7fda3f4d4000 r--p 00000000 08:01 658900                     /usr/lib/locale/locale-archive
7fda3f4d4000-7fda3f4d7000 ---p 00000000 00:00 0 
7fda3f4d7000-7fda3f5d5000 rw-p 00000000 00:00 0                          [stack:31771]
7fda3f5d5000-7fda3f5d8000 ---p 00000000 00:00 0 
7fda3f5d8000-7fda3f6d6000 rw-p 00000000 00:00 0                          [stack:31770]
7fda3f6d6000-7fda3f6d7000 ---p 00000000 00:00 0 
7fda3f6d7000-7fda40000000 rw-p 00000000 00:00 0                          [stack:31769]
7fda40000000-7fda40021000 rw-p 00000000 00:00 0 
7fda40021000-7fda44000000 ---p 00000000 00:00 0 
7fda44000000-7fda44003000 r--s 00023000 08:01 6303295                    /home/cblop/Dropbox/Projects/puppetmaster/dist/jdom.jar
7fda44003000-7fda4400f000 r--s 000d2000 08:01 6303293                    /home/cblop/Dropbox/Projects/puppetmaster/dist/jason.jar
7fda4400f000-7fda44018000 r--s 00061000 08:01 6303279                    /home/cblop/Dropbox/Projects/puppetmaster/dist/httpclient-4.2.3.jar
7fda44018000-7fda441a6000 rw-p 00000000 00:00 0 
7fda441a6000-7fda44365000 r--s 039e5000 08:01 1460565                    /usr/lib/jvm/java-7-oracle/jre/lib/rt.jar
7fda44365000-7fda48869000 rw-p 00000000 00:00 0 
7fda48869000-7fda4886a000 ---p 00000000 00:00 0 
7fda4886a000-7fda48993000 rw-p 00000000 00:00 0                          [stack:31768]
7fda48993000-7fda48bfc000 rw-p 00000000 00:00 0 
7fda48bfc000-7fda48c07000 rw-p 00000000 00:00 0 
7fda48c07000-7fda48c25000 rw-p 00000000 00:00 0 
7fda48c25000-7fda48c4e000 rw-p 00000000 00:00 0 
7fda48c4e000-7fda48eb6000 rw-p 00000000 00:00 0 
7fda48eb6000-7fda48f3b000 rw-p 00000000 00:00 0 
7fda48f3b000-7fda48fff000 rw-p 00000000 00:00 0 
7fda48fff000-7fda49000000 rw-p 00000000 00:00 0 
7fda49000000-7fda49270000 rwxp 00000000 00:00 0 
7fda49270000-7fda4c4cb000 rw-p 00000000 00:00 0 
7fda4c4cb000-7fda50000000 ---p 00000000 00:00 0 
7fda50000000-7fda50002000 r--s 00003000 08:01 6303281                    /home/cblop/Dropbox/Projects/puppetmaster/dist/jcl-over-slf4j-1.6.4.jar
7fda50002000-7fda50008000 r--s 00031000 08:01 6303280                    /home/cblop/Dropbox/Projects/puppetmaster/dist/httpcore-4.2.2.jar
7fda50008000-7fda5000d000 r--s 00046000 08:01 6303274                    /home/cblop/Dropbox/Projects/puppetmaster/dist/commons-lang3-3.0.jar
7fda5000d000-7fda50036000 rw-p 00000000 00:00 0 
7fda50036000-7fda50037000 ---p 00000000 00:00 0 
7fda50037000-7fda50142000 rw-p 00000000 00:00 0                          [stack:31767]
7fda50142000-7fda50160000 rw-p 00000000 00:00 0 
7fda50160000-7fda5017a000 r-xp 00000000 08:01 1461111                    /usr/lib/jvm/java-7-oracle/jre/lib/amd64/libzip.so
7fda5017a000-7fda5037a000 ---p 0001a000 08:01 1461111                    /usr/lib/jvm/java-7-oracle/jre/lib/amd64/libzip.so
7fda5037a000-7fda5037b000 rw-p 0001a000 08:01 1461111                    /usr/lib/jvm/java-7-oracle/jre/lib/amd64/libzip.so
7fda5037b000-7fda50386000 r-xp 00000000 08:01 658479                     /usr/lib/libnss_files-2.20.so
7fda50386000-7fda50586000 ---p 0000b000 08:01 658479                     /usr/lib/libnss_files-2.20.so
7fda50586000-7fda50587000 r--p 0000b000 08:01 658479                     /usr/lib/libnss_files-2.20.so
7fda50587000-7fda50588000 rw-p 0000c000 08:01 658479                     /usr/lib/libnss_files-2.20.so
7fda50588000-7fda505b1000 r-xp 00000000 08:01 1461096                    /usr/lib/jvm/java-7-oracle/jre/lib/amd64/libjava.so
7fda505b1000-7fda507b1000 ---p 00029000 08:01 1461096                    /usr/lib/jvm/java-7-oracle/jre/lib/amd64/libjava.so
7fda507b1000-7fda507b3000 rw-p 00029000 08:01 1461096                    /usr/lib/jvm/java-7-oracle/jre/lib/amd64/libjava.so
7fda507b3000-7fda507c0000 r-xp 00000000 08:01 1461066                    /usr/lib/jvm/java-7-oracle/jre/lib/amd64/libverify.so
7fda507c0000-7fda509bf000 ---p 0000d000 08:01 1461066                    /usr/lib/jvm/java-7-oracle/jre/lib/amd64/libverify.so
7fda509bf000-7fda509c1000 rw-p 0000c000 08:01 1461066                    /usr/lib/jvm/java-7-oracle/jre/lib/amd64/libverify.so
7fda509c1000-7fda509c8000 r-xp 00000000 08:01 658573                     /usr/lib/librt-2.20.so
7fda509c8000-7fda50bc7000 ---p 00007000 08:01 658573                     /usr/lib/librt-2.20.so
7fda50bc7000-7fda50bc8000 r--p 00006000 08:01 658573                     /usr/lib/librt-2.20.so
7fda50bc8000-7fda50bc9000 rw-p 00007000 08:01 658573                     /usr/lib/librt-2.20.so
7fda50bc9000-7fda50ccc000 r-xp 00000000 08:01 658551                     /usr/lib/libm-2.20.so
7fda50ccc000-7fda50ecc000 ---p 00103000 08:01 658551                     /usr/lib/libm-2.20.so
7fda50ecc000-7fda50ecd000 r--p 00103000 08:01 658551                     /usr/lib/libm-2.20.so
7fda50ecd000-7fda50ece000 rw-p 00104000 08:01 658551                     /usr/lib/libm-2.20.so
7fda50ece000-7fda51a3e000 r-xp 00000000 08:01 1461121                    /usr/lib/jvm/java-7-oracle/jre/lib/amd64/server/libjvm.so
7fda51a3e000-7fda51c3d000 ---p 00b70000 08:01 1461121                    /usr/lib/jvm/java-7-oracle/jre/lib/amd64/server/libjvm.so
7fda51c3d000-7fda51d02000 rw-p 00b6f000 08:01 1461121                    /usr/lib/jvm/java-7-oracle/jre/lib/amd64/server/libjvm.so
7fda51d02000-7fda51d42000 rw-p 00000000 00:00 0 
7fda51d42000-7fda51edb000 r-xp 00000000 08:01 658553                     /usr/lib/libc-2.20.so
7fda51edb000-7fda520db000 ---p 00199000 08:01 658553                     /usr/lib/libc-2.20.so
7fda520db000-7fda520df000 r--p 00199000 08:01 658553                     /usr/lib/libc-2.20.so
7fda520df000-7fda520e1000 rw-p 0019d000 08:01 658553                     /usr/lib/libc-2.20.so
7fda520e1000-7fda520e5000 rw-p 00000000 00:00 0 
7fda520e5000-7fda520e8000 r-xp 00000000 08:01 658477                     /usr/lib/libdl-2.20.so
7fda520e8000-7fda522e7000 ---p 00003000 08:01 658477                     /usr/lib/libdl-2.20.so
7fda522e7000-7fda522e8000 r--p 00002000 08:01 658477                     /usr/lib/libdl-2.20.so
7fda522e8000-7fda522e9000 rw-p 00003000 08:01 658477                     /usr/lib/libdl-2.20.so
7fda522e9000-7fda522ff000 r-xp 00000000 08:01 1461125                    /usr/lib/jvm/java-7-oracle/jre/lib/amd64/jli/libjli.so
7fda522ff000-7fda524ff000 ---p 00016000 08:01 1461125                    /usr/lib/jvm/java-7-oracle/jre/lib/amd64/jli/libjli.so
7fda524ff000-7fda52500000 rw-p 00016000 08:01 1461125                    /usr/lib/jvm/java-7-oracle/jre/lib/amd64/jli/libjli.so
7fda52500000-7fda52517000 r-xp 00000000 08:01 658484                     /usr/lib/libpthread-2.20.so
7fda52517000-7fda52716000 ---p 00017000 08:01 658484                     /usr/lib/libpthread-2.20.so
7fda52716000-7fda52717000 r--p 00016000 08:01 658484                     /usr/lib/libpthread-2.20.so
7fda52717000-7fda52718000 rw-p 00017000 08:01 658484                     /usr/lib/libpthread-2.20.so
7fda52718000-7fda5271c000 rw-p 00000000 00:00 0 
7fda5271c000-7fda5273e000 r-xp 00000000 08:01 658481                     /usr/lib/ld-2.20.so
7fda5273e000-7fda5273f000 r--s 00005000 08:01 6303292                    /home/cblop/Dropbox/Projects/puppetmaster/dist/json-simple-1.1.1.jar
7fda5273f000-7fda52745000 r--s 00033000 08:01 6303278                    /home/cblop/Dropbox/Projects/puppetmaster/dist/commons-codec-1.6.jar
7fda52745000-7fda5274f000 rw-p 00000000 00:00 0 
7fda5274f000-7fda52805000 rw-p 00000000 00:00 0 
7fda52805000-7fda52808000 ---p 00000000 00:00 0 
7fda52808000-7fda52933000 rw-p 00000000 00:00 0                          [stack:31766]
7fda52933000-7fda5293b000 rw-s 00000000 00:1d 1146435                    /tmp/hsperfdata_cblop/31761
7fda5293b000-7fda5293c000 rw-p 00000000 00:00 0 
7fda5293c000-7fda5293d000 ---p 00000000 00:00 0 
7fda5293d000-7fda5293e000 r--p 00021000 08:01 658481                     /usr/lib/ld-2.20.so
7fda5293e000-7fda5293f000 rw-p 00022000 08:01 658481                     /usr/lib/ld-2.20.so
7fda5293f000-7fda52940000 rw-p 00000000 00:00 0 
7fff89b5a000-7fff89b7b000 rw-p 00000000 00:00 0                          [stack]
7fff89bfc000-7fff89bfe000 r-xp 00000000 00:00 0                          [vdso]
7fff89bfe000-7fff89c00000 r--p 00000000 00:00 0                          [vvar]
ffffffffff600000-ffffffffff601000 r-xp 00000000 00:00 0                  [vsyscall]

VM Arguments:
java_command: edu.bath.puppetmaster.RunShow
Launcher Type: SUN_STANDARD

Environment Variables:
JAVA_HOME=/usr/lib/jvm/default
PATH=/usr/local/sbin:/usr/local/bin:/usr/bin:/usr/bin/core_perl:/home/cblop/bin:/home/cblop/.gem/ruby/2.1.0/bin
SHELL=/bin/zsh
DISPLAY=:0

Signal Handlers:
SIGSEGV: [libjvm.so+0x99f4a0], sa_mask[0]=0x7ffbfeff, sa_flags=0x10000004
SIGBUS: [libjvm.so+0x99f4a0], sa_mask[0]=0x7ffbfeff, sa_flags=0x10000004
SIGFPE: [libjvm.so+0x81a860], sa_mask[0]=0x7ffbfeff, sa_flags=0x10000004
SIGPIPE: [libjvm.so+0x81a860], sa_mask[0]=0x7ffbfeff, sa_flags=0x10000004
SIGXFSZ: [libjvm.so+0x81a860], sa_mask[0]=0x7ffbfeff, sa_flags=0x10000004
SIGILL: [libjvm.so+0x81a860], sa_mask[0]=0x7ffbfeff, sa_flags=0x10000004
SIGUSR1: SIG_DFL, sa_mask[0]=0x00000000, sa_flags=0x00000000
SIGUSR2: [libjvm.so+0x81c060], sa_mask[0]=0x00000004, sa_flags=0x10000004
SIGHUP: [libjvm.so+0x81d160], sa_mask[0]=0x7ffbfeff, sa_flags=0x10000004
SIGINT: [libjvm.so+0x81d160], sa_mask[0]=0x7ffbfeff, sa_flags=0x10000004
SIGTERM: [libjvm.so+0x81d160], sa_mask[0]=0x7ffbfeff, sa_flags=0x10000004
SIGQUIT: [libjvm.so+0x81d160], sa_mask[0]=0x7ffbfeff, sa_flags=0x10000004


---------------  S Y S T E M  ---------------

OS:Linux
uname:Linux 3.16.3-1-ARCH #1 SMP PREEMPT Wed Sep 17 21:54:13 CEST 2014 x86_64
libc:glibc 2.20 NPTL 2.20 
rlimit: STACK 8192k, CORE 0k, NPROC 31521, NOFILE 4096, AS infinity
load average:1.99 1.16 1.93

/proc/meminfo:
MemTotal:        8075044 kB
MemFree:          121924 kB
MemAvailable:      93180 kB
Buffers:             928 kB
Cached:           698820 kB
SwapCached:            0 kB
Active:          6983100 kB
Inactive:         684028 kB
Active(anon):    6972868 kB
Inactive(anon):   670520 kB
Active(file):      10232 kB
Inactive(file):    13508 kB
Unevictable:           4 kB
Mlocked:               4 kB
SwapTotal:             0 kB
SwapFree:              0 kB
Dirty:                92 kB
Writeback:             0 kB
AnonPages:       6967404 kB
Mapped:            96468 kB
Shmem:            676036 kB
Slab:             123084 kB
SReclaimable:      87704 kB
SUnreclaim:        35380 kB
KernelStack:        8864 kB
PageTables:        43720 kB
NFS_Unstable:          0 kB
Bounce:                0 kB
WritebackTmp:          0 kB
CommitLimit:     4037520 kB
Committed_AS:   14561128 kB
VmallocTotal:   34359738367 kB
VmallocUsed:      365036 kB
VmallocChunk:   34359369488 kB
HardwareCorrupted:     0 kB
AnonHugePages:   4407296 kB
HugePages_Total:       0
HugePages_Free:        0
HugePages_Rsvd:        0
HugePages_Surp:        0
Hugepagesize:       2048 kB
DirectMap4k:      117160 kB
DirectMap2M:     8165376 kB


CPU:total 2 (2 cores per cpu, 1 threads per core) family 6 model 23 stepping 6, cmov, cx8, fxsr, mmx, sse, sse2, sse3, ssse3, sse4.1, tsc

/proc/cpuinfo:
processor	: 0
vendor_id	: GenuineIntel
cpu family	: 6
model		: 23
model name	: Intel(R) Core(TM)2 Duo CPU     L9300  @ 1.60GHz
stepping	: 6
microcode	: 0x60c
cpu MHz		: 1596.156
cache size	: 6144 KB
physical id	: 0
siblings	: 2
core id		: 0
cpu cores	: 2
apicid		: 0
initial apicid	: 0
fpu		: yes
fpu_exception	: yes
cpuid level	: 10
wp		: yes
flags		: fpu vme de pse tsc msr pae mce cx8 apic sep mtrr pge mca cmov pat pse36 clflush dts acpi mmx fxsr sse sse2 ss ht tm pbe syscall nx lm constant_tsc arch_perfmon pebs bts nopl aperfmperf pni dtes64 monitor ds_cpl vmx smx est tm2 ssse3 cx16 xtpr pdcm sse4_1 lahf_lm dtherm tpr_shadow vnmi flexpriority
bogomips	: 3193.32
clflush size	: 64
cache_alignment	: 64
address sizes	: 36 bits physical, 48 bits virtual
power management:

processor	: 1
vendor_id	: GenuineIntel
cpu family	: 6
model		: 23
model name	: Intel(R) Core(TM)2 Duo CPU     L9300  @ 1.60GHz
stepping	: 6
microcode	: 0x60c
cpu MHz		: 1596.156
cache size	: 6144 KB
physical id	: 0
siblings	: 2
core id		: 1
cpu cores	: 2
apicid		: 1
initial apicid	: 1
fpu		: yes
fpu_exception	: yes
cpuid level	: 10
wp		: yes
flags		: fpu vme de pse tsc msr pae mce cx8 apic sep mtrr pge mca cmov pat pse36 clflush dts acpi mmx fxsr sse sse2 ss ht tm pbe syscall nx lm constant_tsc arch_perfmon pebs bts nopl aperfmperf pni dtes64 monitor ds_cpl vmx smx est tm2 ssse3 cx16 xtpr pdcm sse4_1 lahf_lm dtherm tpr_shadow vnmi flexpriority
bogomips	: 3193.32
clflush size	: 64
cache_alignment	: 64
address sizes	: 36 bits physical, 48 bits virtual
power management:



Memory: 4k page, physical 8075044k(120560k free), swap 0k(0k free)

vm_info: Java HotSpot(TM) 64-Bit Server VM (24.65-b04) for linux-amd64 JRE (1.7.0_67-b01), built on Jul 25 2014 09:20:21 by "java_re" with gcc 4.3.0 20080428 (Red Hat 4.3.0-8)

time: Wed Oct  8 11:24:11 2014
elapsed time: 20 seconds

